Log file open, 03/25/19 21:26:08
LogWindows: Failed to load 'aqProf.dll' (GetLastError=126)
LogWindows: File 'aqProf.dll' does not exist
LogWindows: Failed to load 'VtuneApi.dll' (GetLastError=126)
LogWindows: File 'VtuneApi.dll' does not exist
LogWindows: Failed to load 'VtuneApi32e.dll' (GetLastError=126)
LogWindows: File 'VtuneApi32e.dll' does not exist
LogInit: Display: Running engine for game: ResidentEvil
LogPlatformFile: Not using cached read wrapper
LogInit: Display: RandInit(-926290736) SRandInit(-926290735).
LogInit: Read version file with build ID '3944462'
LogInit: Overriding engine version to CL 4033788, compatible CL 3944462
LogInit: Registered custom module enumerator with build ID '3944462'
LogTaskGraph: Started task graph with 5 named threads and 11 total threads with 3 sets of task threads.
LogStats: Stats thread started at 0.157654
LogD3D11RHI: Aftermath initialized
LogICUInternationalization: Display: ICU TimeZone Detection - Raw Offset: +7:00, Platform Override: ''
LogPluginManager: Mounting plugin Paper2D
LogPluginManager: Mounting plugin LiveLink
LogPluginManager: Mounting plugin LightPropagationVolume
LogPluginManager: Mounting plugin CLionSourceCodeAccess
LogPluginManager: Mounting plugin CodeLiteSourceCodeAccess
LogPluginManager: Mounting plugin GitSourceControl
LogPluginManager: Mounting plugin KDevelopSourceCodeAccess
LogPluginManager: Mounting plugin NullSourceCodeAccess
LogPluginManager: Mounting plugin PerforceSourceControl
LogPluginManager: Mounting plugin SubversionSourceControl
LogPluginManager: Mounting plugin UObjectPlugin
LogPluginManager: Mounting plugin VisualStudioCodeSourceCodeAccess
LogPluginManager: Mounting plugin VisualStudioSourceCodeAccess
LogPluginManager: Mounting plugin XCodeSourceCodeAccess
LogPluginManager: Mounting plugin AssetManagerEditor
LogPluginManager: Mounting plugin CryptoKeys
LogPluginManager: Mounting plugin DataValidation
LogPluginManager: Mounting plugin FacialAnimation
LogPluginManager: Mounting plugin GameplayTagsEditor
LogPluginManager: Mounting plugin MobileLauncherProfileWizard
LogPluginManager: Mounting plugin PluginBrowser
LogPluginManager: Mounting plugin SpeedTreeImporter
LogPluginManager: Mounting plugin DatasmithContent
LogPluginManager: Mounting plugin AlembicImporter
LogPluginManager: Mounting plugin CharacterAI
LogPluginManager: Mounting plugin HTML5Networking
LogPluginManager: Mounting plugin AndroidMedia
LogPluginManager: Mounting plugin AvfMedia
LogPluginManager: Mounting plugin ImgMedia
LogPluginManager: Mounting plugin LinearTimecode
LogPluginManager: Mounting plugin MediaCompositing
LogPluginManager: Mounting plugin MediaPlayerEditor
LogPluginManager: Mounting plugin WmfMedia
LogPluginManager: Mounting plugin TcpMessaging
LogPluginManager: Mounting plugin UdpMessaging
LogPluginManager: Mounting plugin ActorSequence
LogPluginManager: Mounting plugin LevelSequenceEditor
LogPluginManager: Mounting plugin MatineeToLevelSequence
LogPluginManager: Mounting plugin NetcodeUnitTest
LogPluginManager: Mounting plugin NUTUnrealEngine4
LogPluginManager: Mounting plugin OnlineSubsystemGooglePlay
LogPluginManager: Mounting plugin OnlineSubsystemIOS
LogPluginManager: Mounting plugin OnlineSubsystem
LogPluginManager: Mounting plugin OnlineSubsystemNull
LogPluginManager: Mounting plugin OnlineSubsystemUtils
LogPluginManager: Mounting plugin AndroidDeviceProfileSelector
LogPluginManager: Mounting plugin AndroidMoviePlayer
LogPluginManager: Mounting plugin AndroidPermission
LogPluginManager: Mounting plugin AppleARKit
LogPluginManager: Mounting plugin AppleMoviePlayer
LogPluginManager: Mounting plugin ArchVisCharacter
LogPluginManager: Mounting plugin AudioCapture
LogPluginManager: Mounting plugin CableComponent
LogPluginManager: Mounting plugin CustomMeshComponent
LogPluginManager: Mounting plugin ExampleDeviceProfileSelector
LogPluginManager: Mounting plugin GoogleCloudMessaging
LogPluginManager: Mounting plugin ImmediatePhysics
LogPluginManager: Mounting plugin IOSDeviceProfileSelector
LogPluginManager: Mounting plugin LinuxDeviceProfileSelector
LogPluginManager: Mounting plugin LocationServicesBPLibrary
LogPluginManager: Mounting plugin MobilePatchingUtils
LogPluginManager: Mounting plugin OculusVR
LogPluginManager: Plugin shader directory ../../../Engine/Plugins/Runtime/Oculus/OculusVR/Shaders found
LogPluginManager: Mapping shader source directory ../../../Engine/Plugins/Runtime/Oculus/OculusVR/Shaders to virtual directory /Plugin/OculusVR
LogPluginManager: Mounting plugin PhysXVehicles
LogPluginManager: Mounting plugin ProceduralMeshComponent
LogPluginManager: Mounting plugin RuntimePhysXCooking
LogPluginManager: Mounting plugin SteamVR
LogPluginManager: Mounting plugin WindowsMoviePlayer
LogStreaming: Display: Took  0.116s to configure plugins.
LogModuleManager: Display: Found up-to-date module file ../../../../../../KVT/Unreal Engine 4/Resident Evil Hunk/ResidentEvil/Binaries/Win64/UE4Editor-ResidentEvil-2511.dll (API version 3944462).
LogModuleManager: Display: Found up-to-date module file ../../../Engine/Plugins/2D/Paper2D/Binaries/Win64/UE4Editor-Paper2D.dll (API version 3944462).
LogModuleManager: Display: Found up-to-date module file ../../../Engine/Plugins/2D/Paper2D/Binaries/Win64/UE4Editor-Paper2DEditor.dll (API version 3944462).
LogModuleManager: Display: Found up-to-date module file ../../../Engine/Plugins/2D/Paper2D/Binaries/Win64/UE4Editor-PaperSpriteSheetImporter.dll (API version 3944462).
LogModuleManager: Display: Found up-to-date module file ../../../Engine/Plugins/2D/Paper2D/Binaries/Win64/UE4Editor-PaperTiledImporter.dll (API version 3944462).
LogModuleManager: Display: Found up-to-date module file ../../../Engine/Plugins/2D/Paper2D/Binaries/Win64/UE4Editor-SmartSnapping.dll (API version 3944462).
LogModuleManager: Display: Found up-to-date module file ../../../Engine/Plugins/Animation/LiveLink/Binaries/Win64/UE4Editor-LiveLink.dll (API version 3944462).
LogModuleManager: Display: Found up-to-date module file ../../../Engine/Plugins/Animation/LiveLink/Binaries/Win64/UE4Editor-LiveLinkEditor.dll (API version 3944462).
LogModuleManager: Display: Found up-to-date module file ../../../Engine/Plugins/Blendables/LightPropagationVolume/Binaries/Win64/UE4Editor-LightPropagationVolumeRuntime.dll (API version 3944462).
LogModuleManager: Display: Found up-to-date module file ../../../Engine/Plugins/Blendables/LightPropagationVolume/Binaries/Win64/UE4Editor-LightPropagationVolumeEditor.dll (API version 3944462).
LogModuleManager: Display: Found up-to-date module file ../../../Engine/Plugins/Developer/CLionSourceCodeAccess/Binaries/Win64/UE4Editor-CLionSourceCodeAccess.dll (API version 3944462).
LogModuleManager: Display: Found up-to-date module file ../../../Engine/Plugins/Developer/GitSourceControl/Binaries/Win64/UE4Editor-GitSourceControl.dll (API version 3944462).
LogModuleManager: Display: Found up-to-date module file ../../../Engine/Plugins/Developer/PerforceSourceControl/Binaries/Win64/UE4Editor-PerforceSourceControl.dll (API version 3944462).
LogModuleManager: Display: Found up-to-date module file ../../../Engine/Plugins/Developer/SubversionSourceControl/Binaries/Win64/UE4Editor-SubversionSourceControl.dll (API version 3944462).
LogModuleManager: Display: Found up-to-date module file ../../../Engine/Plugins/Developer/UObjectPlugin/Binaries/Win64/UE4Editor-UObjectPlugin.dll (API version 3944462).
LogModuleManager: Display: Found up-to-date module file ../../../Engine/Plugins/Developer/VisualStudioCodeSourceCodeAccess/Binaries/Win64/UE4Editor-VisualStudioCodeSourceCodeAccess.dll (API version 3944462).
LogModuleManager: Display: Found up-to-date module file ../../../Engine/Plugins/Developer/VisualStudioSourceCodeAccess/Binaries/Win64/UE4Editor-VisualStudioSourceCodeAccess.dll (API version 3944462).
LogModuleManager: Display: Found up-to-date module file ../../../Engine/Plugins/Editor/AssetManagerEditor/Binaries/Win64/UE4Editor-AssetManagerEditor.dll (API version 3944462).
LogModuleManager: Display: Found up-to-date module file ../../../Engine/Plugins/Editor/CryptoKeys/Binaries/Win64/UE4Editor-CryptoKeys.dll (API version 3944462).
LogModuleManager: Display: Found up-to-date module file ../../../Engine/Plugins/Editor/CryptoKeys/Binaries/Win64/UE4Editor-CryptoKeysOpenSSL.dll (API version 3944462).
LogModuleManager: Display: Found up-to-date module file ../../../Engine/Plugins/Editor/DataValidation/Binaries/Win64/UE4Editor-DataValidation.dll (API version 3944462).
LogModuleManager: Display: Found up-to-date module file ../../../Engine/Plugins/Editor/FacialAnimation/Binaries/Win64/UE4Editor-FacialAnimation.dll (API version 3944462).
LogModuleManager: Display: Found up-to-date module file ../../../Engine/Plugins/Editor/FacialAnimation/Binaries/Win64/UE4Editor-FacialAnimationEditor.dll (API version 3944462).
LogModuleManager: Display: Found up-to-date module file ../../../Engine/Plugins/Editor/GameplayTagsEditor/Binaries/Win64/UE4Editor-GameplayTagsEditor.dll (API version 3944462).
LogModuleManager: Display: Found up-to-date module file ../../../Engine/Plugins/Editor/MobileLauncherProfileWizard/Binaries/Win64/UE4Editor-MobileLauncherProfileWizard.dll (API version 3944462).
LogModuleManager: Display: Found up-to-date module file ../../../Engine/Plugins/Editor/PluginBrowser/Binaries/Win64/UE4Editor-PluginBrowser.dll (API version 3944462).
LogModuleManager: Display: Found up-to-date module file ../../../Engine/Plugins/Editor/SpeedTreeImporter/Binaries/Win64/UE4Editor-SpeedTreeImporter.dll (API version 3944462).
LogModuleManager: Display: Found up-to-date module file ../../../Engine/Plugins/Enterprise/DatasmithContent/Binaries/Win64/UE4Editor-DatasmithContent.dll (API version 3944462).
LogModuleManager: Display: Found up-to-date module file ../../../Engine/Plugins/Experimental/AlembicImporter/Binaries/Win64/UE4Editor-AlembicImporter.dll (API version 3944462).
LogModuleManager: Display: Found up-to-date module file ../../../Engine/Plugins/Experimental/AlembicImporter/Binaries/Win64/UE4Editor-AlembicLibrary.dll (API version 3944462).
LogModuleManager: Display: Found up-to-date module file ../../../Engine/Plugins/Experimental/CharacterAI/Binaries/Win64/UE4Editor-CharacterAI.dll (API version 3944462).
LogModuleManager: Display: Found up-to-date module file ../../../Engine/Plugins/Experimental/HTML5Networking/Binaries/Win64/UE4Editor-HTML5Networking.dll (API version 3944462).
LogModuleManager: Display: Found up-to-date module file ../../../Engine/Plugins/Media/AndroidMedia/Binaries/Win64/UE4Editor-AndroidMediaEditor.dll (API version 3944462).
LogModuleManager: Display: Found up-to-date module file ../../../Engine/Plugins/Media/AndroidMedia/Binaries/Win64/UE4Editor-AndroidMediaFactory.dll (API version 3944462).
LogModuleManager: Display: Found up-to-date module file ../../../Engine/Plugins/Media/AvfMedia/Binaries/Win64/UE4Editor-AvfMediaEditor.dll (API version 3944462).
LogModuleManager: Display: Found up-to-date module file ../../../Engine/Plugins/Media/AvfMedia/Binaries/Win64/UE4Editor-AvfMediaFactory.dll (API version 3944462).
LogModuleManager: Display: Found up-to-date module file ../../../Engine/Plugins/Media/AvfMedia/Binaries/Win64/UE4Editor-AvfMediaFactory.dll (API version 3944462).
LogModuleManager: Display: Found up-to-date module file ../../../Engine/Plugins/Media/ImgMedia/Binaries/Win64/UE4Editor-ImgMedia.dll (API version 3944462).
LogModuleManager: Display: Found up-to-date module file ../../../Engine/Plugins/Media/ImgMedia/Binaries/Win64/UE4Editor-ImgMediaEditor.dll (API version 3944462).
LogModuleManager: Display: Found up-to-date module file ../../../Engine/Plugins/Media/ImgMedia/Binaries/Win64/UE4Editor-ImgMediaFactory.dll (API version 3944462).
LogModuleManager: Display: Found up-to-date module file ../../../Engine/Plugins/Media/ImgMedia/Binaries/Win64/UE4Editor-ImgMediaFactory.dll (API version 3944462).
LogModuleManager: Display: Found up-to-date module file ../../../Engine/Plugins/Media/ImgMedia/Binaries/Win64/UE4Editor-OpenExrWrapper.dll (API version 3944462).
LogModuleManager: Display: Found up-to-date module file ../../../Engine/Plugins/Media/LinearTimecode/Binaries/Win64/UE4Editor-LinearTimecode.dll (API version 3944462).
LogModuleManager: Display: Found up-to-date module file ../../../Engine/Plugins/Media/MediaCompositing/Binaries/Win64/UE4Editor-MediaCompositing.dll (API version 3944462).
LogModuleManager: Display: Found up-to-date module file ../../../Engine/Plugins/Media/MediaCompositing/Binaries/Win64/UE4Editor-MediaCompositingEditor.dll (API version 3944462).
LogModuleManager: Display: Found up-to-date module file ../../../Engine/Plugins/Media/MediaPlayerEditor/Binaries/Win64/UE4Editor-MediaPlayerEditor.dll (API version 3944462).
LogModuleManager: Display: Found up-to-date module file ../../../Engine/Plugins/Media/WmfMedia/Binaries/Win64/UE4Editor-WmfMedia.dll (API version 3944462).
LogModuleManager: Display: Found up-to-date module file ../../../Engine/Plugins/Media/WmfMedia/Binaries/Win64/UE4Editor-WmfMediaEditor.dll (API version 3944462).
LogModuleManager: Display: Found up-to-date module file ../../../Engine/Plugins/Media/WmfMedia/Binaries/Win64/UE4Editor-WmfMediaFactory.dll (API version 3944462).
LogModuleManager: Display: Found up-to-date module file ../../../Engine/Plugins/Media/WmfMedia/Binaries/Win64/UE4Editor-WmfMediaFactory.dll (API version 3944462).
LogModuleManager: Display: Found up-to-date module file ../../../Engine/Plugins/Messaging/TcpMessaging/Binaries/Win64/UE4Editor-TcpMessaging.dll (API version 3944462).
LogModuleManager: Display: Found up-to-date module file ../../../Engine/Plugins/Messaging/UdpMessaging/Binaries/Win64/UE4Editor-UdpMessaging.dll (API version 3944462).
LogModuleManager: Display: Found up-to-date module file ../../../Engine/Plugins/MovieScene/ActorSequence/Binaries/Win64/UE4Editor-ActorSequence.dll (API version 3944462).
LogModuleManager: Display: Found up-to-date module file ../../../Engine/Plugins/MovieScene/LevelSequenceEditor/Binaries/Win64/UE4Editor-LevelSequenceEditor.dll (API version 3944462).
LogModuleManager: Display: Found up-to-date module file ../../../Engine/Plugins/MovieScene/MatineeToLevelSequence/Binaries/Win64/UE4Editor-MatineeToLevelSequence.dll (API version 3944462).
LogModuleManager: Display: Found up-to-date module file ../../../Engine/Plugins/NetcodeUnitTest/NetcodeUnitTest/Binaries/Win64/UE4Editor-NetcodeUnitTest.dll (API version 3944462).
LogModuleManager: Display: Found up-to-date module file ../../../Engine/Plugins/NetcodeUnitTest/NUTUnrealEngine4/Binaries/Win64/UE4Editor-NUTUnrealEngine4.dll (API version 3944462).
LogModuleManager: Display: Found up-to-date module file ../../../Engine/Plugins/Online/OnlineSubsystem/Binaries/Win64/UE4Editor-OnlineSubsystem.dll (API version 3944462).
LogModuleManager: Display: Found up-to-date module file ../../../Engine/Plugins/Online/OnlineSubsystemNull/Binaries/Win64/UE4Editor-OnlineSubsystemNull.dll (API version 3944462).
LogModuleManager: Display: Found up-to-date module file ../../../Engine/Plugins/Online/OnlineSubsystemUtils/Binaries/Win64/UE4Editor-OnlineSubsystemUtils.dll (API version 3944462).
LogModuleManager: Display: Found up-to-date module file ../../../Engine/Plugins/Online/OnlineSubsystemUtils/Binaries/Win64/UE4Editor-OnlineBlueprintSupport.dll (API version 3944462).
LogModuleManager: Display: Found up-to-date module file ../../../Engine/Plugins/Runtime/AndroidDeviceProfileSelector/Binaries/Win64/UE4Editor-AndroidDeviceProfileSelector.dll (API version 3944462).
LogModuleManager: Display: Found up-to-date module file ../../../Engine/Plugins/Runtime/AndroidPermission/Binaries/Win64/UE4Editor-AndroidPermission.dll (API version 3944462).
LogModuleManager: Display: Found up-to-date module file ../../../Engine/Plugins/Runtime/AppleARKit/Binaries/Win64/UE4Editor-AppleARKit.dll (API version 3944462).
LogModuleManager: Display: Found up-to-date module file ../../../Engine/Plugins/Runtime/ArchVisCharacter/Binaries/Win64/UE4Editor-ArchVisCharacter.dll (API version 3944462).
LogModuleManager: Display: Found up-to-date module file ../../../Engine/Plugins/Runtime/AudioCapture/Binaries/Win64/UE4Editor-AudioCapture.dll (API version 3944462).
LogModuleManager: Display: Found up-to-date module file ../../../Engine/Plugins/Runtime/AudioCapture/Binaries/Win64/UE4Editor-AudioCaptureEditor.dll (API version 3944462).
LogModuleManager: Display: Found up-to-date module file ../../../Engine/Plugins/Runtime/CableComponent/Binaries/Win64/UE4Editor-CableComponent.dll (API version 3944462).
LogModuleManager: Display: Found up-to-date module file ../../../Engine/Plugins/Runtime/CustomMeshComponent/Binaries/Win64/UE4Editor-CustomMeshComponent.dll (API version 3944462).
LogModuleManager: Display: Found up-to-date module file ../../../Engine/Plugins/Runtime/ExampleDeviceProfileSelector/Binaries/Win64/UE4Editor-ExampleDeviceProfileSelector.dll (API version 3944462).
LogModuleManager: Display: Found up-to-date module file ../../../Engine/Plugins/Runtime/ImmediatePhysics/Binaries/Win64/UE4Editor-ImmediatePhysics.dll (API version 3944462).
LogModuleManager: Display: Found up-to-date module file ../../../Engine/Plugins/Runtime/ImmediatePhysics/Binaries/Win64/UE4Editor-ImmediatePhysicsEditor.dll (API version 3944462).
LogModuleManager: Display: Found up-to-date module file ../../../Engine/Plugins/Runtime/LocationServicesBPLibrary/Binaries/Win64/UE4Editor-LocationServicesBPLibrary.dll (API version 3944462).
LogModuleManager: Display: Found up-to-date module file ../../../Engine/Plugins/Runtime/MobilePatchingUtils/Binaries/Win64/UE4Editor-MobilePatchingUtils.dll (API version 3944462).
LogModuleManager: Display: Found up-to-date module file ../../../Engine/Plugins/Runtime/Oculus/OculusVR/Binaries/Win64/UE4Editor-OculusHMD.dll (API version 3944462).
LogModuleManager: Display: Found up-to-date module file ../../../Engine/Plugins/Runtime/Oculus/OculusVR/Binaries/Win64/UE4Editor-OculusInput.dll (API version 3944462).
LogModuleManager: Display: Found up-to-date module file ../../../Engine/Plugins/Runtime/Oculus/OculusVR/Binaries/Win64/UE4Editor-OculusEditor.dll (API version 3944462).
LogModuleManager: Display: Found up-to-date module file ../../../Engine/Plugins/Runtime/PhysXVehicles/Binaries/Win64/UE4Editor-PhysXVehicles.dll (API version 3944462).
LogModuleManager: Display: Found up-to-date module file ../../../Engine/Plugins/Runtime/PhysXVehicles/Binaries/Win64/UE4Editor-PhysXVehiclesEditor.dll (API version 3944462).
LogModuleManager: Display: Found up-to-date module file ../../../Engine/Plugins/Runtime/ProceduralMeshComponent/Binaries/Win64/UE4Editor-ProceduralMeshComponent.dll (API version 3944462).
LogModuleManager: Display: Found up-to-date module file ../../../Engine/Plugins/Runtime/ProceduralMeshComponent/Binaries/Win64/UE4Editor-ProceduralMeshComponentEditor.dll (API version 3944462).
LogModuleManager: Display: Found up-to-date module file ../../../Engine/Plugins/Runtime/RuntimePhysXCooking/Binaries/Win64/UE4Editor-RuntimePhysXCooking.dll (API version 3944462).
LogModuleManager: Display: Found up-to-date module file ../../../Engine/Plugins/Runtime/Steam/SteamVR/Binaries/Win64/UE4Editor-SteamVR.dll (API version 3944462).
LogModuleManager: Display: Found up-to-date module file ../../../Engine/Plugins/Runtime/Steam/SteamVR/Binaries/Win64/UE4Editor-SteamVRController.dll (API version 3944462).
LogModuleManager: Display: Found up-to-date module file ../../../Engine/Plugins/Runtime/WindowsMoviePlayer/Binaries/Win64/UE4Editor-WindowsMoviePlayer.dll (API version 3944462).
LogInit: Using libcurl 7.47.1
LogInit:  - built for x86_64-pc-win32
LogInit:  - supports SSL with OpenSSL/1.0.2g
LogInit:  - supports HTTP deflate (compression) using libz 1.2.8
LogInit:  - other features:
LogInit:      CURL_VERSION_SSL
LogInit:      CURL_VERSION_LIBZ
LogInit:      CURL_VERSION_IPV6
LogInit:      CURL_VERSION_ASYNCHDNS
LogInit:      CURL_VERSION_LARGEFILE
LogInit:      CURL_VERSION_IDN
LogInit:  CurlRequestOptions (configurable via config and command line):
LogInit:  - bVerifyPeer = false  - Libcurl will NOT verify peer certificate
LogInit:  - bUseHttpProxy = false  - Libcurl will NOT use HTTP proxy
LogInit:  - bDontReuseConnections = false  - Libcurl will reuse connections
LogInit:  - CertBundlePath = nullptr  - Libcurl will use whatever was configured at build time.
LogInit:  - MaxHostConnections = 16  - Libcurl will limit the number of connections to a host
LogInit:  - LocalHostAddr = Default
LogInit: WinSock: version 1.1 (2.2), MaxSocks=32767, MaxUdp=65467
LogInit: WinSock: I am DESKTOP-151KF17 (192.168.0.104:0)
LogInit: Build: ++UE4+Release-4.19-CL-4033788
LogInit: Engine Version: 4.19.2-4033788+++UE4+Release-4.19
LogInit: Compatible Engine Version: 4.19.0-3944462+++UE4+Release-4.19
LogInit: Net CL: 3944462
LogDevObjectVersion: Number of dev versions registered: 18
LogDevObjectVersion:   Dev-Blueprints (B0D832E4-1F89-4F0D-ACCF-7EB736FD4AA2): 10
LogDevObjectVersion:   Dev-Build (E1C64328-A22C-4D53-A36C-8E866417BD8C): 0
LogDevObjectVersion:   Dev-Core (375EC13C-06E4-48FB-B500-84F0262A717E): 2
LogDevObjectVersion:   Dev-Editor (E4B068ED-F494-42E9-A231-DA0B2E46BB41): 23
LogDevObjectVersion:   Dev-Framework (CFFC743F-43B0-4480-9391-14DF171D2073): 33
LogDevObjectVersion:   Dev-Mobile (B02B49B5-BB20-44E9-A304-32B752E40360): 2
LogDevObjectVersion:   Dev-Networking (A4E4105C-59A1-49B5-A7C5-40C4547EDFEE): 0
LogDevObjectVersion:   Dev-Online (39C831C9-5AE6-47DC-9A44-9C173E1C8E7C): 0
LogDevObjectVersion:   Dev-Physics (78F01B33-EBEA-4F98-B9B4-84EACCB95AA2): 0
LogDevObjectVersion:   Dev-Platform (6631380F-2D4D-43E0-8009-CF276956A95A): 0
LogDevObjectVersion:   Dev-Rendering (12F88B9F-8875-4AFC-A67C-D90C383ABD29): 25
LogDevObjectVersion:   Dev-Sequencer (7B5AE74C-D270-4C10-A958-57980B212A5A): 6
LogDevObjectVersion:   Dev-VR (D7296918-1DD6-4BDD-9DE2-64A83CC13884): 1
LogDevObjectVersion:   Dev-LoadTimes (C2A15278-BFE7-4AFE-6C17-90FF531DF755): 1
LogDevObjectVersion:   Private-Geometry (6EACA3D4-40EC-4CC1-B786-8BED09428FC5): 2
LogDevObjectVersion:   Dev-AnimPhys (29E575DD-E0A3-4627-9D10-D276232CDCEA): 16
LogDevObjectVersion:   Dev-ReflectionCapture (6B266CEC-1EC7-4B8F-A30B-E4D90942FC07): 1
LogDevObjectVersion:   Dev-Automation (0DF73D61-A23F-47EA-B727-89E90C41499A): 1
LogInit: Compiled (64-bit): Apr 27 2018 02:06:57
LogInit: Compiled with Visual C++: 19.00.24215.01
LogInit: Build Configuration: Development
LogInit: Branch Name: ++UE4+Release-4.19
LogInit: Command Line: 
LogInit: Base Directory: D:/Cai Dat/UE4/UE_4.19/Engine/Binaries/Win64/
LogInit: Installed Engine Build: 1
LogStreaming: Display: Took  0.000s to delete old logs.
LogInit: Presizing for max 8388607 objects, including 0 objects not considered by GC, pre-allocating 0 bytes for permanent pool.
LogInit: Object subsystem initialized
[2019.03.25-14.26.10:374][  0]LogInit: Selected Device Profile: [Windows]
[2019.03.25-14.26.10:374][  0]LogInit: Applying CVar settings loaded from the selected device profile: [Windows]
[2019.03.25-14.26.10:393][  0]LogInit: Computer: DESKTOP-151KF17
[2019.03.25-14.26.10:393][  0]LogInit: User: kvtuy
[2019.03.25-14.26.10:393][  0]LogInit: CPU Page size=4096, Cores=2
[2019.03.25-14.26.10:393][  0]LogInit: High frequency timer resolution =10.000000 MHz
[2019.03.25-14.26.10:393][  0]LogMemory: Memory total: Physical=15.9GB (16GB approx)
[2019.03.25-14.26.10:393][  0]LogMemory: Platform Memory Stats for Windows
[2019.03.25-14.26.10:393][  0]LogMemory: Process Physical Memory: 272.49 MB used, 272.49 MB peak
[2019.03.25-14.26.10:393][  0]LogMemory: Process Virtual Memory: 265.77 MB used, 265.77 MB peak
[2019.03.25-14.26.10:393][  0]LogMemory: Physical Memory: 5641.48 MB used,  10631.52 MB free, 16272.99 MB total
[2019.03.25-14.26.10:393][  0]LogMemory: Virtual Memory: 4780.39 MB used,  10631.52 MB free, 134217728.00 MB total
[2019.03.25-14.26.10:409][  0]LogInit: Using OS detected language (en-US).
[2019.03.25-14.26.10:409][  0]LogInit: Using OS detected locale (en-US).
[2019.03.25-14.26.10:413][  0]LogTextLocalizationManager: No specific localization for 'en-US' exists, so the 'en' localization will be used.
[2019.03.25-14.26.10:898][  0]LogStreaming: Display: Took  0.488s to EndInitTextLocalization.
[2019.03.25-14.26.10:898][  0]LogInit: Setting process to per monitor DPI aware
[2019.03.25-14.26.10:934][  0]LogSlate: New Slate User Created.  User Index 0, Is Virtual User: 0
[2019.03.25-14.26.10:934][  0]LogSlate: Slate User Registered.  User Index 0, Is Virtual User: 0
[2019.03.25-14.26.11:212][  0]LogD3D11RHI: D3D11 adapters:
[2019.03.25-14.26.11:287][  0]LogD3D11RHI:    0. 'NVIDIA GeForce GTX 950M' (Feature Level 11_0)
[2019.03.25-14.26.11:287][  0]LogD3D11RHI:       4055/0/8136 MB DedicatedVideo/DedicatedSystem/SharedSystem, Outputs:1, VendorId:0x10de
[2019.03.25-14.26.11:294][  0]LogD3D11RHI:    1. 'Intel(R) HD Graphics 4600' (Feature Level 11_0)
[2019.03.25-14.26.11:294][  0]LogD3D11RHI:       112/0/2048 MB DedicatedVideo/DedicatedSystem/SharedSystem, Outputs:0, VendorId:0x8086
[2019.03.25-14.26.11:297][  0]LogD3D11RHI:    2. 'Microsoft Basic Render Driver' (Feature Level 11_0)
[2019.03.25-14.26.11:297][  0]LogD3D11RHI:       0/0/8136 MB DedicatedVideo/DedicatedSystem/SharedSystem, Outputs:0, VendorId:0x1414
[2019.03.25-14.26.11:297][  0]LogD3D11RHI: Chosen D3D11 Adapter: 0
[2019.03.25-14.26.11:327][  0]LogD3D11RHI: Creating new Direct3DDevice
[2019.03.25-14.26.11:327][  0]LogD3D11RHI:     GPU DeviceId: 0x139a (for the marketing name, search the web for "GPU Device Id")
[2019.03.25-14.26.11:327][  0]LogWindows: EnumDisplayDevices:
[2019.03.25-14.26.11:327][  0]LogWindows:    0. 'Intel(R) HD Graphics 4600' (P:1 D:1)
[2019.03.25-14.26.11:328][  0]LogWindows:    1. 'Intel(R) HD Graphics 4600' (P:0 D:0)
[2019.03.25-14.26.11:328][  0]LogWindows:    2. 'Intel(R) HD Graphics 4600' (P:0 D:0)
[2019.03.25-14.26.11:328][  0]LogWindows: DebugString: GetVideoDriverDetailsInvalid PrimaryIsNotTheChoosenAdapter GetVideoDriverDetailsInvalid PrimaryIsNotTheChoosenAdapter GetVideoDriverDetailsInvalid PrimaryIsNotTheChoosenAdapter FoundDriverCount:0 
[2019.03.25-14.26.11:328][  0]LogD3D11RHI:     Adapter Name: NVIDIA GeForce GTX 950M
[2019.03.25-14.26.11:328][  0]LogD3D11RHI:   Driver Version: Unknown (internal:Unknown, unified:Unknown)
[2019.03.25-14.26.11:328][  0]LogD3D11RHI:      Driver Date: Unknown
[2019.03.25-14.26.11:328][  0]LogRHI: Texture pool is 2839 MB (70% of 4055 MB)
[2019.03.25-14.26.11:388][  0]LogD3D11RHI: [Aftermath] Aftermath enabled and primed
[2019.03.25-14.26.11:388][  0]LogD3D11RHI: [Aftermath] Aftermath enabled and primed
[2019.03.25-14.26.11:388][  0]LogD3D11RHI: Async texture creation enabled
[2019.03.25-14.26.11:411][  0]LogD3D11RHI: GPU Timing Frequency: 1000.000000 (Debug: 2 2)
[2019.03.25-14.26.11:412][  0]LogShaderCompilers: Guid format shader working directory is -23 characters bigger than the processId version (../../../../../../KVT/Unreal Engine 4/Resident Evil Hunk/ResidentEvil/Intermediate/Shaders/WorkingDirectory/6104/).
[2019.03.25-14.26.11:412][  0]LogShaderCompilers: Cleaned the shader compiler working directory 'C:/Users/kvtuy/AppData/Local/Temp/UnrealShaderWorkingDir/5CDE75AB468532A24C30B0AB6E6C1C91/'.
[2019.03.25-14.26.11:713][  0]LogTemp: Display: Loaded TP AllDesktopTargetPlatform
[2019.03.25-14.26.11:728][  0]LogTemp: Display: Loaded TP MacClientTargetPlatform
[2019.03.25-14.26.11:743][  0]LogTemp: Display: Loaded TP MacNoEditorTargetPlatform
[2019.03.25-14.26.11:758][  0]LogTemp: Display: Loaded TP MacServerTargetPlatform
[2019.03.25-14.26.11:773][  0]LogTemp: Display: Loaded TP MacTargetPlatform
[2019.03.25-14.26.11:789][  0]LogTemp: Display: Loaded TP WindowsClientTargetPlatform
[2019.03.25-14.26.11:804][  0]LogTemp: Display: Loaded TP WindowsNoEditorTargetPlatform
[2019.03.25-14.26.11:820][  0]LogTemp: Display: Loaded TP WindowsServerTargetPlatform
[2019.03.25-14.26.11:827][  0]LogTemp: Display: Loaded TP WindowsTargetPlatform
[2019.03.25-14.26.11:841][  0]LogTemp: Display: Loaded TP Android_ASTCTargetPlatform
[2019.03.25-14.26.11:855][  0]LogTemp: Display: Loaded TP Android_ATCTargetPlatform
[2019.03.25-14.26.11:869][  0]LogTemp: Display: Loaded TP Android_DXTTargetPlatform
[2019.03.25-14.26.11:883][  0]LogTemp: Display: Loaded TP Android_ETC1aTargetPlatform
[2019.03.25-14.26.11:896][  0]LogTemp: Display: Loaded TP Android_ETC1TargetPlatform
[2019.03.25-14.26.11:909][  0]LogTemp: Display: Loaded TP Android_ETC2TargetPlatform
[2019.03.25-14.26.11:936][  0]LogTemp: Display: Loaded TP Android_MultiTargetPlatform
[2019.03.25-14.26.11:936][  0]LogTemp: Display: Loaded TP Android_PVRTCTargetPlatform
[2019.03.25-14.26.11:952][  0]LogTemp: Display: Loaded TP AndroidTargetPlatform
[2019.03.25-14.26.11:953][  0]LogTemp: Display: Loaded TP HTML5TargetPlatform
[2019.03.25-14.26.11:996][  0]LogTemp: Display: Loaded TP IOSTargetPlatform
[2019.03.25-14.26.12:009][  0]LogTemp: Display: Loaded TP TVOSTargetPlatform
[2019.03.25-14.26.12:023][  0]LogTemp: Display: Loaded TP LinuxClientTargetPlatform
[2019.03.25-14.26.12:037][  0]LogTemp: Display: Loaded TP LinuxNoEditorTargetPlatform
[2019.03.25-14.26.12:052][  0]LogTemp: Display: Loaded TP LinuxServerTargetPlatform
[2019.03.25-14.26.12:066][  0]LogTemp: Display: Loaded TP LinuxTargetPlatform
[2019.03.25-14.26.12:066][  0]LogTargetPlatformManager: Display: Building Assets For Windows
[2019.03.25-14.26.12:181][  0]LogXGEController: Cleaning working directory: C:/Users/kvtuy/AppData/Local/Temp/UnrealXGEWorkingDir/
[2019.03.25-14.26.12:181][  0]LogXGEController: Cannot use XGE Controller as Incredibuild is not installed on this machine.
[2019.03.25-14.26.12:181][  0]LogShaderCompilers: Cannot use XGE Shader Compiler as Incredibuild is not installed on this machine.
[2019.03.25-14.26.12:181][  0]LogShaderCompilers: Display: Using Local Shader Compiler.
[2019.03.25-14.26.13:038][  0]LogDerivedDataCache: Display: Max Cache Size: 512 MB
[2019.03.25-14.26.13:141][  0]LogDerivedDataCache: Loaded boot cache 0.10s 77MB C:/Users/kvtuy/AppData/Local/UnrealEngine/4.19/DerivedDataCache/Boot.ddc.
[2019.03.25-14.26.13:141][  0]LogDerivedDataCache: Display: Loaded Boot cache: C:/Users/kvtuy/AppData/Local/UnrealEngine/4.19/DerivedDataCache/Boot.ddc
[2019.03.25-14.26.13:141][  0]LogDerivedDataCache: FDerivedDataBackendGraph:  Pak pak cache file ../../../../../../KVT/Unreal Engine 4/Resident Evil Hunk/ResidentEvil/DerivedDataCache/DDC.ddp not found, will not use a pak cache.
[2019.03.25-14.26.13:141][  0]LogDerivedDataCache: Unable to find inner node Pak for hierarchical cache Hierarchy.
[2019.03.25-14.26.13:142][  0]LogDerivedDataCache: FDerivedDataBackendGraph:  CompressedPak pak cache file ../../../../../../KVT/Unreal Engine 4/Resident Evil Hunk/ResidentEvil/DerivedDataCache/Compressed.ddp not found, will not use a pak cache.
[2019.03.25-14.26.13:142][  0]LogDerivedDataCache: Unable to find inner node CompressedPak for hierarchical cache Hierarchy.
[2019.03.25-14.26.13:163][  0]LogDerivedDataCache: Display: Pak cache opened for reading ../../../Engine/DerivedDataCache/Compressed.ddp.
[2019.03.25-14.26.13:176][  0]LogDerivedDataCache: Using Local data cache path C:/Users/kvtuy/AppData/Local/UnrealEngine/Common/DerivedDataCache: Writable
[2019.03.25-14.26.13:176][  0]LogDerivedDataCache: Shared data cache path not found in *engine.ini, will not use an Shared cache.
[2019.03.25-14.26.13:176][  0]LogDerivedDataCache: Unable to find inner node Shared for hierarchical cache Hierarchy.
[2019.03.25-14.26.13:189][  0]LogMaterial: Verifying Global Shaders for PCD3D_SM5
[2019.03.25-14.26.13:190][  0]LogSlate: Using Freetype 2.6.0
[2019.03.25-14.26.13:190][  0]LogSlate: SlateFontCache - WITH_FREETYPE: 1, WITH_HARFBUZZ: 1
[2019.03.25-14.26.13:190][  0]LogSlate: SlateFontCache - WITH_FREETYPE: 1, WITH_HARFBUZZ: 1
[2019.03.25-14.26.13:326][  0]LogAssetRegistry: FAssetRegistry took 0.0265 seconds to start up
[2019.03.25-14.26.13:838][  0]LogInit: Selected Device Profile: [Windows]
[2019.03.25-14.26.14:055][  0]LogSimplygon: Simplygon DLL not present - disabling.
[2019.03.25-14.26.14:058][  0]LogMeshReduction: Using SimplygonSwarm for distributed automatic mesh merging
[2019.03.25-14.26.14:058][  0]LogMeshReduction: Using QuadricMeshReduction for automatic static mesh reduction
[2019.03.25-14.26.14:058][  0]LogMeshReduction: No automatic skeletal mesh reduction module available
[2019.03.25-14.26.14:058][  0]LogMeshReduction: No automatic mesh merging module available
[2019.03.25-14.26.14:058][  0]LogMeshMerging: No automatic mesh merging module available
[2019.03.25-14.26.14:108][  0]LogNetVersion: ResidentEvil , NetCL: 3944462, EngineNetVer: 2, GameNetVer: 0 (Checksum: 3990793033)
[2019.03.25-14.26.14:724][  0]LogPackageLocalizationCache: Processed 9 localized package path(s) for 2 prioritized culture(s) in 0.097808 seconds
[2019.03.25-14.26.14:731][  0]LogUObjectArray: 36728 objects as part of root set at end of initial load.
[2019.03.25-14.26.14:731][  0]LogUObjectAllocator: 7314312 out of 0 bytes used by permanent object pool.
[2019.03.25-14.26.14:731][  0]LogUObjectArray: CloseDisregardForGC: 0/0 objects in disregard for GC pool
[2019.03.25-14.26.16:878][  0]LogTcpMessaging: Initializing TcpMessaging bridge
[2019.03.25-14.26.16:911][  0]LogUdpMessaging: Initializing bridge on interface 0.0.0.0:0 to multicast group 230.0.0.1:6666.
[2019.03.25-14.26.17:261][  0]LogSkeletalMesh: Skeletal Mesh found in DDC [5.952400ms] /Game/MyCharacter/Hero/genAssault.genAssault
[2019.03.25-14.26.17:444][  0]SourceControl: Source control is disabled
[2019.03.25-14.26.17:444][  0]SourceControl: Source control is disabled
[2019.03.25-14.26.17:468][  0]SourceControl: Source control is disabled
[2019.03.25-14.26.17:494][  0]SourceControl: Source control is disabled
[2019.03.25-14.26.18:094][  0]LogAndroidPermission: UAndroidPermissionCallbackProxy::GetInstance
[2019.03.25-14.26.18:294][  0]LogOcInput: OculusInput pre-init called
[2019.03.25-14.26.18:426][  0]LogEngine: Initializing Engine...
[2019.03.25-14.26.18:428][  0]LogHMD: Failed to initialize OpenVR with code 110
[2019.03.25-14.26.18:429][  0]LogStats: UGameplayTagsManager::ConstructGameplayTagTree: Construct from data asset -  0.000 s
[2019.03.25-14.26.18:429][  0]LogStats: UGameplayTagsManager::ConstructGameplayTagTree: GameplayTagTreeChangedEvent.Broadcast -  0.000 s
[2019.03.25-14.26.18:716][  0]LogAIModule: Creating AISystem for world Untitled
[2019.03.25-14.26.18:738][  0]LogInit: XAudio2 using 'Speakers (Conexant SmartAudio HD)' : 2 channels at 48 kHz using 32 bits per sample (channel mask 0x3)
[2019.03.25-14.26.18:780][  0]LogInit: FAudioDevice initialized.
[2019.03.25-14.26.18:867][  0]LogDerivedDataCache: Saved boot cache 0.09s 77MB C:/Users/kvtuy/AppData/Local/UnrealEngine/4.19/DerivedDataCache/Boot.ddc.
[2019.03.25-14.26.18:889][  0]LogInit: Texture streaming: Enabled
[2019.03.25-14.26.18:910][  0]LogEngineSessionManager: EngineSessionManager initialized
[2019.03.25-14.26.18:910][  0]LogEngineSessionManager: EngineSessionManager sent abnormal shutdown report. Type=Crashed, SessionId={22C878E6-4509-6C83-BD44-1C9757639B6C}
[2019.03.25-14.26.18:926][  0]LogInit: Transaction tracking system initialized
[2019.03.25-14.26.18:951][  0]BlueprintLog: New page: Editor Load
[2019.03.25-14.26.19:040][  0]LocalizationService: Localization service is disabled
[2019.03.25-14.26.19:156][  0]LogConsoleResponse: Display: 
[2019.03.25-14.26.19:401][  0]LogCook: Display: Max memory allowance for cook 16384mb min free memory 0mb
[2019.03.25-14.26.19:401][  0]LogCook: Display: Mobile HDR setting 1
[2019.03.25-14.26.19:401][  0]LogGameplayTags: Display: UGameplayTagsManager::DoneAddingNativeTags. DelegateIsBound: 0
[2019.03.25-14.26.19:401][  0]LogStats: UGameplayTagsManager::ConstructGameplayTagTree: Construct from data asset -  0.000 s
[2019.03.25-14.26.19:401][  0]LogStats: UGameplayTagsManager::ConstructGameplayTagTree: GameplayTagTreeChangedEvent.Broadcast -  0.000 s
[2019.03.25-14.26.19:739][  0]LogFileCache: Scanning file cache for directory 'D:/KVT/Unreal Engine 4/Resident Evil Hunk/ResidentEvil/Content/' took 0.02s
[2019.03.25-14.26.19:903][  0]SourceControl: Source control is disabled
[2019.03.25-14.26.19:903][  0]Cmd: MAP LOAD FILE="../../../../../../KVT/Unreal Engine 4/Resident Evil Hunk/ResidentEvil/Content/MyMap/Map01.umap" TEMPLATE=0 SHOWPROGRESS=1 FEATURELEVEL=3
[2019.03.25-14.26.19:904][  0]LightingResults: New page: Lighting Build
[2019.03.25-14.26.19:906][  0]MapCheck: New page: Map Check
[2019.03.25-14.26.19:906][  0]LightingResults: New page: Lighting Build
[2019.03.25-14.26.20:164][  0]LogAIModule: Creating AISystem for world Map01
[2019.03.25-14.26.20:172][  0]LogEditorServer: Finished looking for orphan Actors (0.000 secs)
[2019.03.25-14.26.20:196][  0]Cmd: MAP CHECKDEP NOCLEARLOG
[2019.03.25-14.26.20:260][  0]MapCheck: Map check complete: 0 Error(s), 0 Warning(s), took 63.314ms to complete.
[2019.03.25-14.26.20:260][  0]LogFileHelpers: Loading map 'Map01' took 0.357
[2019.03.25-14.26.20:401][  0]LogCollectionManager: Loaded 0 collections in 0.001675 seconds
[2019.03.25-14.26.20:443][  0]LogFileCache: Scanning file cache for directory 'D:/KVT/Unreal Engine 4/Resident Evil Hunk/ResidentEvil/Saved/Collections/' took 0.01s
[2019.03.25-14.26.20:443][  0]LogFileCache: Scanning file cache for directory 'D:/KVT/Unreal Engine 4/Resident Evil Hunk/ResidentEvil/Content/Developers/kvtuy/Collections/' took 0.01s
[2019.03.25-14.26.20:443][  0]LogFileCache: Scanning file cache for directory 'D:/KVT/Unreal Engine 4/Resident Evil Hunk/ResidentEvil/Content/Collections/' took 0.01s
[2019.03.25-14.26.20:443][  0]LogCollectionManager: Rebuilt the GUID cache for 0 collections in 0.000000 seconds
[2019.03.25-14.26.20:461][  0]LogContentBrowser: Native class hierarchy populated in 0.0178 seconds. Added 2456 classes and 564 folders.
[2019.03.25-14.26.20:475][  0]LogContentBrowser: Native class hierarchy updated for 'WidgetCarousel' in 0.0057 seconds. Added 0 classes and 0 folders.
[2019.03.25-14.26.20:543][  0]LogContentBrowser: Native class hierarchy updated for 'AddContentDialog' in 0.0062 seconds. Added 0 classes and 0 folders.
[2019.03.25-14.26.20:555][  0]LogContentBrowser: Native class hierarchy updated for 'SceneOutliner' in 0.0067 seconds. Added 1 classes and 2 folders.
[2019.03.25-14.26.20:589][  0]LogSlate: Took 0.001700 seconds to synchronously load lazily loaded font '../../../Engine/Content/Slate/Fonts/Roboto-Regular.ttf' (155K)
[2019.03.25-14.26.20:595][  0]LogSlate: Took 0.000358 seconds to synchronously load lazily loaded font '../../../Engine/Content/Slate/Fonts/Roboto-Bold.ttf' (160K)
[2019.03.25-14.26.20:608][  0]LogSlate: Took 0.000252 seconds to synchronously load lazily loaded font '../../../Engine/Content/Editor/Slate/Fonts/FontAwesome.ttf' (139K)
[2019.03.25-14.26.20:736][  0]LogRenderer: Reallocating scene render targets to support 856x380 Format 10 NumSamples 1 (Frame:1).
[2019.03.25-14.26.20:927][  0]LogContentBrowser: Native class hierarchy updated for 'HierarchicalLODOutliner' in 0.0069 seconds. Added 0 classes and 0 folders.
[2019.03.25-14.26.20:928][  0]LogLoad: (Engine Initialization) Total time: 13.59 seconds
[2019.03.25-14.26.20:928][  0]LogLoad: (Engine Initialization) Total Blueprint compile time: 0.00 seconds
[2019.03.25-14.26.21:286][  0]LogContentStreaming: Texture pool size now 1000 MB
[2019.03.25-14.26.21:301][  0]LogSlate: Took 0.000313 seconds to synchronously load lazily loaded font '../../../Engine/Content/Slate/Fonts/Roboto-Light.ttf' (167K)
[2019.03.25-14.26.22:285][  3]LogAssetRegistry: Asset discovery search completed in 8.9804 seconds
[2019.03.25-14.26.22:289][  3]LogCollectionManager: Rebuilt the object cache for 0 collections in 0.000001 seconds (found 0 objects)
[2019.03.25-14.26.22:289][  3]LogCollectionManager: Fixed up redirectors for 0 collections in 0.000131 seconds (updated 0 objects)
[2019.03.25-14.27.58:866][389]LogSlate: FSceneViewport::OnFocusLost() reason 0
[2019.03.25-14.27.58:942][393]LogSlate: Took 0.000350 seconds to synchronously load lazily loaded font '../../../Engine/Content/Slate/Fonts/Roboto-Light.ttf' (167K)
[2019.03.25-14.27.58:968][393]Cmd: OBJ SAVEPACKAGE PACKAGE="/Game/MyMap/Map01" FILE="../../../../../../KVT/Unreal Engine 4/Resident Evil Hunk/ResidentEvil/Content/MyMap/Map01.umap" SILENT=true AUTOSAVING=false KEEPDIRTY=false
[2019.03.25-14.27.59:051][393]LogSavePackage: Save=45.20ms
[2019.03.25-14.27.59:051][393]LogSavePackage: Moving '../../../../../../KVT/Unreal Engine 4/Resident Evil Hunk/ResidentEvil/Saved/Map010264BA7C4E9F9089E5C8C7B5737796FD.tmp' to '../../../../../../KVT/Unreal Engine 4/Resident Evil Hunk/ResidentEvil/Content/MyMap/Map01.umap'
[2019.03.25-14.27.59:053][393]LogSavePackage: Display: Finished SavePackage ../../../../../../KVT/Unreal Engine 4/Resident Evil Hunk/ResidentEvil/Content/MyMap/Map01.umap
[2019.03.25-14.27.59:095][393]Cmd: OBJ SAVEPACKAGE PACKAGE="/Game/MyMap/Map01_BuiltData" FILE="../../../../../../KVT/Unreal Engine 4/Resident Evil Hunk/ResidentEvil/Content/MyMap/Map01_BuiltData.uasset" SILENT=true
[2019.03.25-14.27.59:129][393]LogSavePackage: Save=22.84ms
[2019.03.25-14.27.59:129][393]LogSavePackage: Moving '../../../../../../KVT/Unreal Engine 4/Resident Evil Hunk/ResidentEvil/Saved/Map01_BuiltData50CF51AC47C923A9C898E1BF30D96E1D.tmp' to '../../../../../../KVT/Unreal Engine 4/Resident Evil Hunk/ResidentEvil/Content/MyMap/Map01_BuiltData.uasset'
[2019.03.25-14.27.59:130][393]LogSavePackage: Display: Finished SavePackage ../../../../../../KVT/Unreal Engine 4/Resident Evil Hunk/ResidentEvil/Content/MyMap/Map01_BuiltData.uasset
[2019.03.25-14.28.00:567][478]Candidate modules for hot reload:
[2019.03.25-14.28.00:567][478]  ResidentEvil
[2019.03.25-14.28.00:567][478]Launching UnrealBuildTool... [D:/Cai Dat/UE4/UE_4.19/Engine/Binaries/DotNET/UnrealBuildTool.exe ResidentEvil -ModuleWithSuffix=ResidentEvil,1434 Win64 Development -editorrecompile -canskiplink "D:/KVT/Unreal Engine 4/Resident Evil Hunk/ResidentEvil/ResidentEvil.uproject" ]
[2019.03.25-14.28.00:577][478]Warning: Starting HotReload took  0.0s.
[2019.03.25-14.28.22:170][773]CompilerResultsLog: New page: Compilation - Mar 26, 2019, 4:28:22 AM
[2019.03.25-14.28.22:170][773]CompilerResultsLog: Compiling game modules for hot reload
[2019.03.25-14.28.22:170][773]CompilerResultsLog: Parsing headers for ResidentEvilEditor
[2019.03.25-14.28.22:170][773]CompilerResultsLog:   Running UnrealHeaderTool "D:\KVT\Unreal Engine 4\Resident Evil Hunk\ResidentEvil\ResidentEvil.uproject" "D:\KVT\Unreal Engine 4\Resident Evil Hunk\ResidentEvil\Intermediate\Build\Win64\ResidentEvilEditor\Development\ResidentEvilEditor.uhtmanifest" -LogCmds="loginit warning, logexit warning, logdatabase error" -Unattended -WarningsAsErrors -installed
[2019.03.25-14.28.22:170][773]CompilerResultsLog: Reflection code generated for ResidentEvilEditor in 15.5134453 seconds
[2019.03.25-14.28.22:170][773]CompilerResultsLog: Performing 6 actions (2 in parallel)
[2019.03.25-14.28.22:170][773]CompilerResultsLog: MyGameModeBase.cpp
[2019.03.25-14.28.22:170][773]CompilerResultsLog: Hunk.cpp
[2019.03.25-14.28.22:171][773]CompilerResultsLog: Hunk.gen.cpp
[2019.03.25-14.28.22:171][773]CompilerResultsLog: ResidentEvil.init.gen.cpp
[2019.03.25-14.28.22:171][773]CompilerResultsLog: [5/6] Link UE4Editor-ResidentEvil-1434.dll
[2019.03.25-14.28.22:171][773]CompilerResultsLog: [6/6] Link UE4Editor-ResidentEvil-1434.lib
[2019.03.25-14.28.22:171][773]CompilerResultsLog:    Creating library D:\KVT\Unreal Engine 4\Resident Evil Hunk\ResidentEvil\Intermediate\Build\Win64\UE4Editor\Development\UE4Editor-ResidentEvil-1434.lib and object D:\KVT\Unreal Engine 4\Resident Evil Hunk\ResidentEvil\Intermediate\Build\Win64\UE4Editor\Development\UE4Editor-ResidentEvil-1434.exp
[2019.03.25-14.28.22:171][773]CompilerResultsLog:    Creating library D:\KVT\Unreal Engine 4\Resident Evil Hunk\ResidentEvil\Intermediate\Build\Win64\UE4Editor\Development\UE4Editor-ResidentEvil-1434.suppressed.lib and object D:\KVT\Unreal Engine 4\Resident Evil Hunk\ResidentEvil\Intermediate\Build\Win64\UE4Editor\Development\UE4Editor-ResidentEvil-1434.suppressed.exp
[2019.03.25-14.28.22:171][773]CompilerResultsLog: Total build time: 21.22 seconds (Local executor: 4.66 seconds)
[2019.03.25-14.28.22:171][773]LogMainFrame: MainFrame: Module compiling took 21.609 seconds
[2019.03.25-14.28.22:204][773]LogClass: Could not find existing class Hunk in package /Script/ResidentEvil for HotReload, assuming new class
[2019.03.25-14.28.22:209][773]LogHotReload: Re-instancing Hunk after hot-reload.
[2019.03.25-14.28.22:266][773]LogContentBrowser: Native class hierarchy updated for 'ResidentEvil' in 0.0065 seconds. Added 4 classes and 6 folders.
[2019.03.25-14.28.22:268][773]Display: HotReload successful (0 functions remapped  0 scriptstructs remapped)
[2019.03.25-14.28.22:357][773]LogContentBrowser: Native class hierarchy populated in 0.0152 seconds. Added 2457 classes and 566 folders.
[2019.03.25-14.28.22:357][773]Display: HotReload took 21.8s.
[2019.03.25-14.28.26:575][ 26]LogTemp: Repeating last play command: Selected Viewport
[2019.03.25-14.28.26:591][ 26]LogPlayLevel: PlayLevel: No blueprints needed recompiling
[2019.03.25-14.28.26:591][ 26]PIE: New page: PIE session: Map01 (Mar 26, 2019, 4:28:26 AM)
[2019.03.25-14.28.26:591][ 26]LogPlayLevel: Creating play world package: /Game/MyMap/UEDPIE_0_Map01
[2019.03.25-14.28.26:593][ 26]LogPlayLevel: PIE: StaticDuplicateObject took: (0.001846s)
[2019.03.25-14.28.26:594][ 26]LogAIModule: Creating AISystem for world Map01
[2019.03.25-14.28.26:595][ 26]LogPlayLevel: PIE: World Init took: (0.001352s)
[2019.03.25-14.28.26:595][ 26]LogPlayLevel: PIE: Created PIE world by copying editor world from /Game/MyMap/Map01.Map01 to /Game/MyMap/UEDPIE_0_Map01.Map01 (0.003399s)
[2019.03.25-14.28.26:612][ 26]LogInit: XAudio2 using 'Speakers (Conexant SmartAudio HD)' : 2 channels at 48 kHz using 32 bits per sample (channel mask 0x3)
[2019.03.25-14.28.26:641][ 26]LogInit: FAudioDevice initialized.
[2019.03.25-14.28.26:683][ 26]LogLoad: Game class is 'MyGameModeBase'
[2019.03.25-14.28.26:685][ 26]LogWorld: Bringing World /Game/MyMap/UEDPIE_0_Map01.Map01 up for play (max tick rate 60) at 2019.03.25-21.28.26
[2019.03.25-14.28.26:685][ 26]LogWorld: Bringing up level for play took: 0.000760
[2019.03.25-14.28.26:712][ 26]LogContentBrowser: Native class hierarchy updated for 'MovieSceneCapture' in 0.0061 seconds. Added 11 classes and 0 folders.
[2019.03.25-14.28.26:715][ 26]LogWindows: Windows GetLastError: The operation completed successfully. (0)
[2019.03.25-14.28.28:204][ 26]LogWindows: Error: === Critical error: ===
[2019.03.25-14.28.28:204][ 26]LogWindows: Error: 
[2019.03.25-14.28.28:204][ 26]LogWindows: Error: Fatal error: [File:D:\Build\++UE4+Release-4.19+Compile\Sync\Engine\Source\Runtime\CoreUObject\Private\UObject\Obj.cpp] [Line: 102] 
[2019.03.25-14.28.28:204][ 26]LogWindows: Error: No object initializer found during construction.
[2019.03.25-14.28.28:204][ 26]LogWindows: Error: 
[2019.03.25-14.28.28:204][ 26]LogWindows: Error: 
[2019.03.25-14.28.28:204][ 26]LogWindows: Error: [Callstack] 0x000000008B255299 KERNELBASE.dll!UnknownFunction []
[2019.03.25-14.28.28:204][ 26]LogWindows: Error: [Callstack] 0x0000000074557884 UE4Editor-ApplicationCore.dll!UnknownFunction []
[2019.03.25-14.28.28:204][ 26]LogWindows: Error: [Callstack] 0x000000003DE46D9B UE4Editor-Core.dll!UnknownFunction []
[2019.03.25-14.28.28:204][ 26]LogWindows: Error: [Callstack] 0x000000003DD81949 UE4Editor-Core.dll!UnknownFunction []
[2019.03.25-14.28.28:204][ 26]LogWindows: Error: [Callstack] 0x000000003D815857 UE4Editor-CoreUObject.dll!UnknownFunction []
[2019.03.25-14.28.28:204][ 26]LogWindows: Error: [Callstack] 0x0000000023F126EB UE4Editor-ResidentEvil-1434.dll!AHunk::SetCameraFollowToHunk() [d:\kvt\unreal engine 4\resident evil hunk\residentevil\source\residentevil\character\hero\hunk.cpp:51]
[2019.03.25-14.28.28:204][ 26]LogWindows: Error: [Callstack] 0x000000003AB372FB UE4Editor-Engine.dll!UnknownFunction []
[2019.03.25-14.28.28:204][ 26]LogWindows: Error: [Callstack] 0x000000003BDEAE33 UE4Editor-Engine.dll!UnknownFunction []
[2019.03.25-14.28.28:204][ 26]LogWindows: Error: [Callstack] 0x000000003B2AF731 UE4Editor-Engine.dll!UnknownFunction []
[2019.03.25-14.28.28:204][ 26]LogWindows: Error: [Callstack] 0x000000003BDD414E UE4Editor-Engine.dll!UnknownFunction []
[2019.03.25-14.28.28:204][ 26]LogWindows: Error: [Callstack] 0x000000003B2D443E UE4Editor-Engine.dll!UnknownFunction []
[2019.03.25-14.28.28:204][ 26]LogWindows: Error: [Callstack] 0x00000000396927E0 UE4Editor-UnrealEd.dll!UnknownFunction []
[2019.03.25-14.28.28:204][ 26]LogWindows: Error: [Callstack] 0x00000000396B1246 UE4Editor-UnrealEd.dll!UnknownFunction []
[2019.03.25-14.28.28:204][ 26]LogWindows: Error: [Callstack] 0x00000000396CBBEF UE4Editor-UnrealEd.dll!UnknownFunction []
[2019.03.25-14.28.28:204][ 26]LogWindows: Error: [Callstack] 0x000000003913C961 UE4Editor-UnrealEd.dll!UnknownFunction []
[2019.03.25-14.28.28:204][ 26]LogWindows: Error: [Callstack] 0x00000000399D9626 UE4Editor-UnrealEd.dll!UnknownFunction []
[2019.03.25-14.28.28:204][ 26]LogWindows: Error: [Callstack] 0x00000000841B5EAC UE4Editor.exe!UnknownFunction []
[2019.03.25-14.28.28:204][ 26]LogWindows: Error: [Callstack] 0x00000000841C6BD0 UE4Editor.exe!UnknownFunction []
[2019.03.25-14.28.28:204][ 26]LogWindows: Error: [Callstack] 0x00000000841C6C4A UE4Editor.exe!UnknownFunction []
[2019.03.25-14.28.28:204][ 26]LogWindows: Error: [Callstack] 0x00000000841D4177 UE4Editor.exe!UnknownFunction []
[2019.03.25-14.28.28:204][ 26]LogWindows: Error: [Callstack] 0x00000000841D5B87 UE4Editor.exe!UnknownFunction []
[2019.03.25-14.28.28:204][ 26]LogWindows: Error: [Callstack] 0x000000008B9E7E94 KERNEL32.DLL!UnknownFunction []
[2019.03.25-14.28.28:204][ 26]LogWindows: Error: [Callstack] 0x000000008E65A251 ntdll.dll!UnknownFunction []
[2019.03.25-14.28.28:204][ 26]LogWindows: Error: [Callstack] 0x000000008E65A251 ntdll.dll!UnknownFunction []
[2019.03.25-14.28.28:204][ 26]LogWindows: Error: 
[2019.03.25-14.28.28:216][ 26]LogExit: Executing StaticShutdownAfterError
[2019.03.25-14.28.28:218][ 26]LogWindows: FPlatformMisc::RequestExit(1)
[2019.03.25-14.28.28:219][ 26]Log file closed, 03/25/19 21:28:28
