Log file open, 04/02/19 11:58:13
LogWindows: Failed to load 'aqProf.dll' (GetLastError=126)
LogWindows: File 'aqProf.dll' does not exist
LogWindows: Failed to load 'VtuneApi.dll' (GetLastError=126)
LogWindows: File 'VtuneApi.dll' does not exist
LogWindows: Failed to load 'VtuneApi32e.dll' (GetLastError=126)
LogWindows: File 'VtuneApi32e.dll' does not exist
LogInit: Display: Running engine for game: ResidentEvil
LogPlatformFile: Not using cached read wrapper
LogInit: Display: RandInit(-374552872) SRandInit(-374552871).
LogInit: Read version file with build ID '3944462'
LogInit: Overriding engine version to CL 4033788, compatible CL 3944462
LogInit: Registered custom module enumerator with build ID '3944462'
LogTaskGraph: Started task graph with 5 named threads and 11 total threads with 3 sets of task threads.
LogStats: Stats thread started at 0.731409
LogD3D11RHI: Aftermath initialized
LogICUInternationalization: Display: ICU TimeZone Detection - Raw Offset: +7:00, Platform Override: ''
LogPluginManager: Mounting plugin Paper2D
LogPluginManager: Mounting plugin LiveLink
LogPluginManager: Mounting plugin LightPropagationVolume
LogPluginManager: Mounting plugin CLionSourceCodeAccess
LogPluginManager: Mounting plugin CodeLiteSourceCodeAccess
LogPluginManager: Mounting plugin GitSourceControl
LogPluginManager: Mounting plugin KDevelopSourceCodeAccess
LogPluginManager: Mounting plugin NullSourceCodeAccess
LogPluginManager: Mounting plugin PerforceSourceControl
LogPluginManager: Mounting plugin SubversionSourceControl
LogPluginManager: Mounting plugin UObjectPlugin
LogPluginManager: Mounting plugin VisualStudioCodeSourceCodeAccess
LogPluginManager: Mounting plugin VisualStudioSourceCodeAccess
LogPluginManager: Mounting plugin XCodeSourceCodeAccess
LogPluginManager: Mounting plugin AssetManagerEditor
LogPluginManager: Mounting plugin CryptoKeys
LogPluginManager: Mounting plugin DataValidation
LogPluginManager: Mounting plugin FacialAnimation
LogPluginManager: Mounting plugin GameplayTagsEditor
LogPluginManager: Mounting plugin MobileLauncherProfileWizard
LogPluginManager: Mounting plugin PluginBrowser
LogPluginManager: Mounting plugin SpeedTreeImporter
LogPluginManager: Mounting plugin DatasmithContent
LogPluginManager: Mounting plugin AlembicImporter
LogPluginManager: Mounting plugin CharacterAI
LogPluginManager: Mounting plugin HTML5Networking
LogPluginManager: Mounting plugin AndroidMedia
LogPluginManager: Mounting plugin AvfMedia
LogPluginManager: Mounting plugin ImgMedia
LogPluginManager: Mounting plugin LinearTimecode
LogPluginManager: Mounting plugin MediaCompositing
LogPluginManager: Mounting plugin MediaPlayerEditor
LogPluginManager: Mounting plugin WmfMedia
LogPluginManager: Mounting plugin TcpMessaging
LogPluginManager: Mounting plugin UdpMessaging
LogPluginManager: Mounting plugin ActorSequence
LogPluginManager: Mounting plugin LevelSequenceEditor
LogPluginManager: Mounting plugin MatineeToLevelSequence
LogPluginManager: Mounting plugin NetcodeUnitTest
LogPluginManager: Mounting plugin NUTUnrealEngine4
LogPluginManager: Mounting plugin OnlineSubsystemGooglePlay
LogPluginManager: Mounting plugin OnlineSubsystemIOS
LogPluginManager: Mounting plugin OnlineSubsystem
LogPluginManager: Mounting plugin OnlineSubsystemNull
LogPluginManager: Mounting plugin OnlineSubsystemUtils
LogPluginManager: Mounting plugin AndroidDeviceProfileSelector
LogPluginManager: Mounting plugin AndroidMoviePlayer
LogPluginManager: Mounting plugin AndroidPermission
LogPluginManager: Mounting plugin AppleARKit
LogPluginManager: Mounting plugin AppleMoviePlayer
LogPluginManager: Mounting plugin ArchVisCharacter
LogPluginManager: Mounting plugin AudioCapture
LogPluginManager: Mounting plugin CableComponent
LogPluginManager: Mounting plugin CustomMeshComponent
LogPluginManager: Mounting plugin ExampleDeviceProfileSelector
LogPluginManager: Mounting plugin GoogleCloudMessaging
LogPluginManager: Mounting plugin ImmediatePhysics
LogPluginManager: Mounting plugin IOSDeviceProfileSelector
LogPluginManager: Mounting plugin LinuxDeviceProfileSelector
LogPluginManager: Mounting plugin LocationServicesBPLibrary
LogPluginManager: Mounting plugin MobilePatchingUtils
LogPluginManager: Mounting plugin OculusVR
LogPluginManager: Plugin shader directory ../../../Engine/Plugins/Runtime/Oculus/OculusVR/Shaders found
LogPluginManager: Mapping shader source directory ../../../Engine/Plugins/Runtime/Oculus/OculusVR/Shaders to virtual directory /Plugin/OculusVR
LogPluginManager: Mounting plugin PhysXVehicles
LogPluginManager: Mounting plugin ProceduralMeshComponent
LogPluginManager: Mounting plugin RuntimePhysXCooking
LogPluginManager: Mounting plugin SteamVR
LogPluginManager: Mounting plugin WindowsMoviePlayer
LogStreaming: Display: Took  0.100s to configure plugins.
LogModuleManager: Display: Found up-to-date module file ../../../../../../KVT/Unreal Engine 4/Resident Evil Hunk/ResidentEvil/Binaries/Win64/UE4Editor-ResidentEvil.dll (API version 3944462).
LogModuleManager: Display: Found up-to-date module file ../../../Engine/Plugins/2D/Paper2D/Binaries/Win64/UE4Editor-Paper2D.dll (API version 3944462).
LogModuleManager: Display: Found up-to-date module file ../../../Engine/Plugins/2D/Paper2D/Binaries/Win64/UE4Editor-Paper2DEditor.dll (API version 3944462).
LogModuleManager: Display: Found up-to-date module file ../../../Engine/Plugins/2D/Paper2D/Binaries/Win64/UE4Editor-PaperSpriteSheetImporter.dll (API version 3944462).
LogModuleManager: Display: Found up-to-date module file ../../../Engine/Plugins/2D/Paper2D/Binaries/Win64/UE4Editor-PaperTiledImporter.dll (API version 3944462).
LogModuleManager: Display: Found up-to-date module file ../../../Engine/Plugins/2D/Paper2D/Binaries/Win64/UE4Editor-SmartSnapping.dll (API version 3944462).
LogModuleManager: Display: Found up-to-date module file ../../../Engine/Plugins/Animation/LiveLink/Binaries/Win64/UE4Editor-LiveLink.dll (API version 3944462).
LogModuleManager: Display: Found up-to-date module file ../../../Engine/Plugins/Animation/LiveLink/Binaries/Win64/UE4Editor-LiveLinkEditor.dll (API version 3944462).
LogModuleManager: Display: Found up-to-date module file ../../../Engine/Plugins/Blendables/LightPropagationVolume/Binaries/Win64/UE4Editor-LightPropagationVolumeRuntime.dll (API version 3944462).
LogModuleManager: Display: Found up-to-date module file ../../../Engine/Plugins/Blendables/LightPropagationVolume/Binaries/Win64/UE4Editor-LightPropagationVolumeEditor.dll (API version 3944462).
LogModuleManager: Display: Found up-to-date module file ../../../Engine/Plugins/Developer/CLionSourceCodeAccess/Binaries/Win64/UE4Editor-CLionSourceCodeAccess.dll (API version 3944462).
LogModuleManager: Display: Found up-to-date module file ../../../Engine/Plugins/Developer/GitSourceControl/Binaries/Win64/UE4Editor-GitSourceControl.dll (API version 3944462).
LogModuleManager: Display: Found up-to-date module file ../../../Engine/Plugins/Developer/PerforceSourceControl/Binaries/Win64/UE4Editor-PerforceSourceControl.dll (API version 3944462).
LogModuleManager: Display: Found up-to-date module file ../../../Engine/Plugins/Developer/SubversionSourceControl/Binaries/Win64/UE4Editor-SubversionSourceControl.dll (API version 3944462).
LogModuleManager: Display: Found up-to-date module file ../../../Engine/Plugins/Developer/UObjectPlugin/Binaries/Win64/UE4Editor-UObjectPlugin.dll (API version 3944462).
LogModuleManager: Display: Found up-to-date module file ../../../Engine/Plugins/Developer/VisualStudioCodeSourceCodeAccess/Binaries/Win64/UE4Editor-VisualStudioCodeSourceCodeAccess.dll (API version 3944462).
LogModuleManager: Display: Found up-to-date module file ../../../Engine/Plugins/Developer/VisualStudioSourceCodeAccess/Binaries/Win64/UE4Editor-VisualStudioSourceCodeAccess.dll (API version 3944462).
LogModuleManager: Display: Found up-to-date module file ../../../Engine/Plugins/Editor/AssetManagerEditor/Binaries/Win64/UE4Editor-AssetManagerEditor.dll (API version 3944462).
LogModuleManager: Display: Found up-to-date module file ../../../Engine/Plugins/Editor/CryptoKeys/Binaries/Win64/UE4Editor-CryptoKeys.dll (API version 3944462).
LogModuleManager: Display: Found up-to-date module file ../../../Engine/Plugins/Editor/CryptoKeys/Binaries/Win64/UE4Editor-CryptoKeysOpenSSL.dll (API version 3944462).
LogModuleManager: Display: Found up-to-date module file ../../../Engine/Plugins/Editor/DataValidation/Binaries/Win64/UE4Editor-DataValidation.dll (API version 3944462).
LogModuleManager: Display: Found up-to-date module file ../../../Engine/Plugins/Editor/FacialAnimation/Binaries/Win64/UE4Editor-FacialAnimation.dll (API version 3944462).
LogModuleManager: Display: Found up-to-date module file ../../../Engine/Plugins/Editor/FacialAnimation/Binaries/Win64/UE4Editor-FacialAnimationEditor.dll (API version 3944462).
LogModuleManager: Display: Found up-to-date module file ../../../Engine/Plugins/Editor/GameplayTagsEditor/Binaries/Win64/UE4Editor-GameplayTagsEditor.dll (API version 3944462).
LogModuleManager: Display: Found up-to-date module file ../../../Engine/Plugins/Editor/MobileLauncherProfileWizard/Binaries/Win64/UE4Editor-MobileLauncherProfileWizard.dll (API version 3944462).
LogModuleManager: Display: Found up-to-date module file ../../../Engine/Plugins/Editor/PluginBrowser/Binaries/Win64/UE4Editor-PluginBrowser.dll (API version 3944462).
LogModuleManager: Display: Found up-to-date module file ../../../Engine/Plugins/Editor/SpeedTreeImporter/Binaries/Win64/UE4Editor-SpeedTreeImporter.dll (API version 3944462).
LogModuleManager: Display: Found up-to-date module file ../../../Engine/Plugins/Enterprise/DatasmithContent/Binaries/Win64/UE4Editor-DatasmithContent.dll (API version 3944462).
LogModuleManager: Display: Found up-to-date module file ../../../Engine/Plugins/Experimental/AlembicImporter/Binaries/Win64/UE4Editor-AlembicImporter.dll (API version 3944462).
LogModuleManager: Display: Found up-to-date module file ../../../Engine/Plugins/Experimental/AlembicImporter/Binaries/Win64/UE4Editor-AlembicLibrary.dll (API version 3944462).
LogModuleManager: Display: Found up-to-date module file ../../../Engine/Plugins/Experimental/CharacterAI/Binaries/Win64/UE4Editor-CharacterAI.dll (API version 3944462).
LogModuleManager: Display: Found up-to-date module file ../../../Engine/Plugins/Experimental/HTML5Networking/Binaries/Win64/UE4Editor-HTML5Networking.dll (API version 3944462).
LogModuleManager: Display: Found up-to-date module file ../../../Engine/Plugins/Media/AndroidMedia/Binaries/Win64/UE4Editor-AndroidMediaEditor.dll (API version 3944462).
LogModuleManager: Display: Found up-to-date module file ../../../Engine/Plugins/Media/AndroidMedia/Binaries/Win64/UE4Editor-AndroidMediaFactory.dll (API version 3944462).
LogModuleManager: Display: Found up-to-date module file ../../../Engine/Plugins/Media/AvfMedia/Binaries/Win64/UE4Editor-AvfMediaEditor.dll (API version 3944462).
LogModuleManager: Display: Found up-to-date module file ../../../Engine/Plugins/Media/AvfMedia/Binaries/Win64/UE4Editor-AvfMediaFactory.dll (API version 3944462).
LogModuleManager: Display: Found up-to-date module file ../../../Engine/Plugins/Media/AvfMedia/Binaries/Win64/UE4Editor-AvfMediaFactory.dll (API version 3944462).
LogModuleManager: Display: Found up-to-date module file ../../../Engine/Plugins/Media/ImgMedia/Binaries/Win64/UE4Editor-ImgMedia.dll (API version 3944462).
LogModuleManager: Display: Found up-to-date module file ../../../Engine/Plugins/Media/ImgMedia/Binaries/Win64/UE4Editor-ImgMediaEditor.dll (API version 3944462).
LogModuleManager: Display: Found up-to-date module file ../../../Engine/Plugins/Media/ImgMedia/Binaries/Win64/UE4Editor-ImgMediaFactory.dll (API version 3944462).
LogModuleManager: Display: Found up-to-date module file ../../../Engine/Plugins/Media/ImgMedia/Binaries/Win64/UE4Editor-ImgMediaFactory.dll (API version 3944462).
LogModuleManager: Display: Found up-to-date module file ../../../Engine/Plugins/Media/ImgMedia/Binaries/Win64/UE4Editor-OpenExrWrapper.dll (API version 3944462).
LogModuleManager: Display: Found up-to-date module file ../../../Engine/Plugins/Media/LinearTimecode/Binaries/Win64/UE4Editor-LinearTimecode.dll (API version 3944462).
LogModuleManager: Display: Found up-to-date module file ../../../Engine/Plugins/Media/MediaCompositing/Binaries/Win64/UE4Editor-MediaCompositing.dll (API version 3944462).
LogModuleManager: Display: Found up-to-date module file ../../../Engine/Plugins/Media/MediaCompositing/Binaries/Win64/UE4Editor-MediaCompositingEditor.dll (API version 3944462).
LogModuleManager: Display: Found up-to-date module file ../../../Engine/Plugins/Media/MediaPlayerEditor/Binaries/Win64/UE4Editor-MediaPlayerEditor.dll (API version 3944462).
LogModuleManager: Display: Found up-to-date module file ../../../Engine/Plugins/Media/WmfMedia/Binaries/Win64/UE4Editor-WmfMedia.dll (API version 3944462).
LogModuleManager: Display: Found up-to-date module file ../../../Engine/Plugins/Media/WmfMedia/Binaries/Win64/UE4Editor-WmfMediaEditor.dll (API version 3944462).
LogModuleManager: Display: Found up-to-date module file ../../../Engine/Plugins/Media/WmfMedia/Binaries/Win64/UE4Editor-WmfMediaFactory.dll (API version 3944462).
LogModuleManager: Display: Found up-to-date module file ../../../Engine/Plugins/Media/WmfMedia/Binaries/Win64/UE4Editor-WmfMediaFactory.dll (API version 3944462).
LogModuleManager: Display: Found up-to-date module file ../../../Engine/Plugins/Messaging/TcpMessaging/Binaries/Win64/UE4Editor-TcpMessaging.dll (API version 3944462).
LogModuleManager: Display: Found up-to-date module file ../../../Engine/Plugins/Messaging/UdpMessaging/Binaries/Win64/UE4Editor-UdpMessaging.dll (API version 3944462).
LogModuleManager: Display: Found up-to-date module file ../../../Engine/Plugins/MovieScene/ActorSequence/Binaries/Win64/UE4Editor-ActorSequence.dll (API version 3944462).
LogModuleManager: Display: Found up-to-date module file ../../../Engine/Plugins/MovieScene/LevelSequenceEditor/Binaries/Win64/UE4Editor-LevelSequenceEditor.dll (API version 3944462).
LogModuleManager: Display: Found up-to-date module file ../../../Engine/Plugins/MovieScene/MatineeToLevelSequence/Binaries/Win64/UE4Editor-MatineeToLevelSequence.dll (API version 3944462).
LogModuleManager: Display: Found up-to-date module file ../../../Engine/Plugins/NetcodeUnitTest/NetcodeUnitTest/Binaries/Win64/UE4Editor-NetcodeUnitTest.dll (API version 3944462).
LogModuleManager: Display: Found up-to-date module file ../../../Engine/Plugins/NetcodeUnitTest/NUTUnrealEngine4/Binaries/Win64/UE4Editor-NUTUnrealEngine4.dll (API version 3944462).
LogModuleManager: Display: Found up-to-date module file ../../../Engine/Plugins/Online/OnlineSubsystem/Binaries/Win64/UE4Editor-OnlineSubsystem.dll (API version 3944462).
LogModuleManager: Display: Found up-to-date module file ../../../Engine/Plugins/Online/OnlineSubsystemNull/Binaries/Win64/UE4Editor-OnlineSubsystemNull.dll (API version 3944462).
LogModuleManager: Display: Found up-to-date module file ../../../Engine/Plugins/Online/OnlineSubsystemUtils/Binaries/Win64/UE4Editor-OnlineSubsystemUtils.dll (API version 3944462).
LogModuleManager: Display: Found up-to-date module file ../../../Engine/Plugins/Online/OnlineSubsystemUtils/Binaries/Win64/UE4Editor-OnlineBlueprintSupport.dll (API version 3944462).
LogModuleManager: Display: Found up-to-date module file ../../../Engine/Plugins/Runtime/AndroidDeviceProfileSelector/Binaries/Win64/UE4Editor-AndroidDeviceProfileSelector.dll (API version 3944462).
LogModuleManager: Display: Found up-to-date module file ../../../Engine/Plugins/Runtime/AndroidPermission/Binaries/Win64/UE4Editor-AndroidPermission.dll (API version 3944462).
LogModuleManager: Display: Found up-to-date module file ../../../Engine/Plugins/Runtime/AppleARKit/Binaries/Win64/UE4Editor-AppleARKit.dll (API version 3944462).
LogModuleManager: Display: Found up-to-date module file ../../../Engine/Plugins/Runtime/ArchVisCharacter/Binaries/Win64/UE4Editor-ArchVisCharacter.dll (API version 3944462).
LogModuleManager: Display: Found up-to-date module file ../../../Engine/Plugins/Runtime/AudioCapture/Binaries/Win64/UE4Editor-AudioCapture.dll (API version 3944462).
LogModuleManager: Display: Found up-to-date module file ../../../Engine/Plugins/Runtime/AudioCapture/Binaries/Win64/UE4Editor-AudioCaptureEditor.dll (API version 3944462).
LogModuleManager: Display: Found up-to-date module file ../../../Engine/Plugins/Runtime/CableComponent/Binaries/Win64/UE4Editor-CableComponent.dll (API version 3944462).
LogModuleManager: Display: Found up-to-date module file ../../../Engine/Plugins/Runtime/CustomMeshComponent/Binaries/Win64/UE4Editor-CustomMeshComponent.dll (API version 3944462).
LogModuleManager: Display: Found up-to-date module file ../../../Engine/Plugins/Runtime/ExampleDeviceProfileSelector/Binaries/Win64/UE4Editor-ExampleDeviceProfileSelector.dll (API version 3944462).
LogModuleManager: Display: Found up-to-date module file ../../../Engine/Plugins/Runtime/ImmediatePhysics/Binaries/Win64/UE4Editor-ImmediatePhysics.dll (API version 3944462).
LogModuleManager: Display: Found up-to-date module file ../../../Engine/Plugins/Runtime/ImmediatePhysics/Binaries/Win64/UE4Editor-ImmediatePhysicsEditor.dll (API version 3944462).
LogModuleManager: Display: Found up-to-date module file ../../../Engine/Plugins/Runtime/LocationServicesBPLibrary/Binaries/Win64/UE4Editor-LocationServicesBPLibrary.dll (API version 3944462).
LogModuleManager: Display: Found up-to-date module file ../../../Engine/Plugins/Runtime/MobilePatchingUtils/Binaries/Win64/UE4Editor-MobilePatchingUtils.dll (API version 3944462).
LogModuleManager: Display: Found up-to-date module file ../../../Engine/Plugins/Runtime/Oculus/OculusVR/Binaries/Win64/UE4Editor-OculusHMD.dll (API version 3944462).
LogModuleManager: Display: Found up-to-date module file ../../../Engine/Plugins/Runtime/Oculus/OculusVR/Binaries/Win64/UE4Editor-OculusInput.dll (API version 3944462).
LogModuleManager: Display: Found up-to-date module file ../../../Engine/Plugins/Runtime/Oculus/OculusVR/Binaries/Win64/UE4Editor-OculusEditor.dll (API version 3944462).
LogModuleManager: Display: Found up-to-date module file ../../../Engine/Plugins/Runtime/PhysXVehicles/Binaries/Win64/UE4Editor-PhysXVehicles.dll (API version 3944462).
LogModuleManager: Display: Found up-to-date module file ../../../Engine/Plugins/Runtime/PhysXVehicles/Binaries/Win64/UE4Editor-PhysXVehiclesEditor.dll (API version 3944462).
LogModuleManager: Display: Found up-to-date module file ../../../Engine/Plugins/Runtime/ProceduralMeshComponent/Binaries/Win64/UE4Editor-ProceduralMeshComponent.dll (API version 3944462).
LogModuleManager: Display: Found up-to-date module file ../../../Engine/Plugins/Runtime/ProceduralMeshComponent/Binaries/Win64/UE4Editor-ProceduralMeshComponentEditor.dll (API version 3944462).
LogModuleManager: Display: Found up-to-date module file ../../../Engine/Plugins/Runtime/RuntimePhysXCooking/Binaries/Win64/UE4Editor-RuntimePhysXCooking.dll (API version 3944462).
LogModuleManager: Display: Found up-to-date module file ../../../Engine/Plugins/Runtime/Steam/SteamVR/Binaries/Win64/UE4Editor-SteamVR.dll (API version 3944462).
LogModuleManager: Display: Found up-to-date module file ../../../Engine/Plugins/Runtime/Steam/SteamVR/Binaries/Win64/UE4Editor-SteamVRController.dll (API version 3944462).
LogModuleManager: Display: Found up-to-date module file ../../../Engine/Plugins/Runtime/WindowsMoviePlayer/Binaries/Win64/UE4Editor-WindowsMoviePlayer.dll (API version 3944462).
LogInit: Using libcurl 7.47.1
LogInit:  - built for x86_64-pc-win32
LogInit:  - supports SSL with OpenSSL/1.0.2g
LogInit:  - supports HTTP deflate (compression) using libz 1.2.8
LogInit:  - other features:
LogInit:      CURL_VERSION_SSL
LogInit:      CURL_VERSION_LIBZ
LogInit:      CURL_VERSION_IPV6
LogInit:      CURL_VERSION_ASYNCHDNS
LogInit:      CURL_VERSION_LARGEFILE
LogInit:      CURL_VERSION_IDN
LogInit:  CurlRequestOptions (configurable via config and command line):
LogInit:  - bVerifyPeer = false  - Libcurl will NOT verify peer certificate
LogInit:  - bUseHttpProxy = false  - Libcurl will NOT use HTTP proxy
LogInit:  - bDontReuseConnections = false  - Libcurl will reuse connections
LogInit:  - CertBundlePath = nullptr  - Libcurl will use whatever was configured at build time.
LogInit:  - MaxHostConnections = 16  - Libcurl will limit the number of connections to a host
LogInit:  - LocalHostAddr = Default
LogInit: WinSock: version 1.1 (2.2), MaxSocks=32767, MaxUdp=65467
LogInit: WinSock: I am DESKTOP-151KF17 (192.168.0.104:0)
LogInit: Build: ++UE4+Release-4.19-CL-4033788
LogInit: Engine Version: 4.19.2-4033788+++UE4+Release-4.19
LogInit: Compatible Engine Version: 4.19.0-3944462+++UE4+Release-4.19
LogInit: Net CL: 3944462
LogDevObjectVersion: Number of dev versions registered: 18
LogDevObjectVersion:   Dev-Blueprints (B0D832E4-1F89-4F0D-ACCF-7EB736FD4AA2): 10
LogDevObjectVersion:   Dev-Build (E1C64328-A22C-4D53-A36C-8E866417BD8C): 0
LogDevObjectVersion:   Dev-Core (375EC13C-06E4-48FB-B500-84F0262A717E): 2
LogDevObjectVersion:   Dev-Editor (E4B068ED-F494-42E9-A231-DA0B2E46BB41): 23
LogDevObjectVersion:   Dev-Framework (CFFC743F-43B0-4480-9391-14DF171D2073): 33
LogDevObjectVersion:   Dev-Mobile (B02B49B5-BB20-44E9-A304-32B752E40360): 2
LogDevObjectVersion:   Dev-Networking (A4E4105C-59A1-49B5-A7C5-40C4547EDFEE): 0
LogDevObjectVersion:   Dev-Online (39C831C9-5AE6-47DC-9A44-9C173E1C8E7C): 0
LogDevObjectVersion:   Dev-Physics (78F01B33-EBEA-4F98-B9B4-84EACCB95AA2): 0
LogDevObjectVersion:   Dev-Platform (6631380F-2D4D-43E0-8009-CF276956A95A): 0
LogDevObjectVersion:   Dev-Rendering (12F88B9F-8875-4AFC-A67C-D90C383ABD29): 25
LogDevObjectVersion:   Dev-Sequencer (7B5AE74C-D270-4C10-A958-57980B212A5A): 6
LogDevObjectVersion:   Dev-VR (D7296918-1DD6-4BDD-9DE2-64A83CC13884): 1
LogDevObjectVersion:   Dev-LoadTimes (C2A15278-BFE7-4AFE-6C17-90FF531DF755): 1
LogDevObjectVersion:   Private-Geometry (6EACA3D4-40EC-4CC1-B786-8BED09428FC5): 2
LogDevObjectVersion:   Dev-AnimPhys (29E575DD-E0A3-4627-9D10-D276232CDCEA): 16
LogDevObjectVersion:   Dev-ReflectionCapture (6B266CEC-1EC7-4B8F-A30B-E4D90942FC07): 1
LogDevObjectVersion:   Dev-Automation (0DF73D61-A23F-47EA-B727-89E90C41499A): 1
LogInit: Compiled (64-bit): Apr 27 2018 02:06:57
LogInit: Compiled with Visual C++: 19.00.24215.01
LogInit: Build Configuration: Development
LogInit: Branch Name: ++UE4+Release-4.19
LogInit: Command Line:  -skipcompile
LogInit: Base Directory: D:/Cai Dat/UE4/UE_4.19/Engine/Binaries/Win64/
LogInit: Installed Engine Build: 1
LogStreaming: Display: Took  0.003s to delete old logs.
LogInit: Presizing for max 8388607 objects, including 0 objects not considered by GC, pre-allocating 0 bytes for permanent pool.
LogInit: Object subsystem initialized
[2019.04.02-04.58.15:724][  0]LogInit: Selected Device Profile: [Windows]
[2019.04.02-04.58.15:724][  0]LogInit: Applying CVar settings loaded from the selected device profile: [Windows]
[2019.04.02-04.58.15:737][  0]LogInit: Computer: DESKTOP-151KF17
[2019.04.02-04.58.15:737][  0]LogInit: User: kvtuy
[2019.04.02-04.58.15:737][  0]LogInit: CPU Page size=4096, Cores=2
[2019.04.02-04.58.15:737][  0]LogInit: High frequency timer resolution =10.000000 MHz
[2019.04.02-04.58.15:738][  0]LogMemory: Memory total: Physical=15.9GB (16GB approx)
[2019.04.02-04.58.15:738][  0]LogMemory: Platform Memory Stats for Windows
[2019.04.02-04.58.15:738][  0]LogMemory: Process Physical Memory: 273.43 MB used, 273.43 MB peak
[2019.04.02-04.58.15:738][  0]LogMemory: Process Virtual Memory: 269.93 MB used, 269.93 MB peak
[2019.04.02-04.58.15:738][  0]LogMemory: Physical Memory: 3134.63 MB used,  13138.36 MB free, 16272.99 MB total
[2019.04.02-04.58.15:738][  0]LogMemory: Virtual Memory: 4784.82 MB used,  13138.36 MB free, 134217728.00 MB total
[2019.04.02-04.58.15:821][  0]LogInit: Using OS detected language (en-US).
[2019.04.02-04.58.15:821][  0]LogInit: Using OS detected locale (en-US).
[2019.04.02-04.58.15:831][  0]LogTextLocalizationManager: No specific localization for 'en-US' exists, so the 'en' localization will be used.
[2019.04.02-04.58.16:350][  0]LogStreaming: Display: Took  0.526s to EndInitTextLocalization.
[2019.04.02-04.58.16:350][  0]LogInit: Setting process to per monitor DPI aware
[2019.04.02-04.58.16:411][  0]LogSlate: New Slate User Created.  User Index 0, Is Virtual User: 0
[2019.04.02-04.58.16:411][  0]LogSlate: Slate User Registered.  User Index 0, Is Virtual User: 0
[2019.04.02-04.58.16:833][  0]LogD3D11RHI: D3D11 adapters:
[2019.04.02-04.58.16:924][  0]LogD3D11RHI:    0. 'NVIDIA GeForce GTX 950M' (Feature Level 11_0)
[2019.04.02-04.58.16:924][  0]LogD3D11RHI:       4055/0/8136 MB DedicatedVideo/DedicatedSystem/SharedSystem, Outputs:1, VendorId:0x10de
[2019.04.02-04.58.16:930][  0]LogD3D11RHI:    1. 'Intel(R) HD Graphics 4600' (Feature Level 11_0)
[2019.04.02-04.58.16:930][  0]LogD3D11RHI:       112/0/2048 MB DedicatedVideo/DedicatedSystem/SharedSystem, Outputs:0, VendorId:0x8086
[2019.04.02-04.58.16:932][  0]LogD3D11RHI:    2. 'Microsoft Basic Render Driver' (Feature Level 11_0)
[2019.04.02-04.58.16:932][  0]LogD3D11RHI:       0/0/8136 MB DedicatedVideo/DedicatedSystem/SharedSystem, Outputs:0, VendorId:0x1414
[2019.04.02-04.58.16:933][  0]LogD3D11RHI: Chosen D3D11 Adapter: 0
[2019.04.02-04.58.16:963][  0]LogD3D11RHI: Creating new Direct3DDevice
[2019.04.02-04.58.16:964][  0]LogD3D11RHI:     GPU DeviceId: 0x139a (for the marketing name, search the web for "GPU Device Id")
[2019.04.02-04.58.16:964][  0]LogWindows: EnumDisplayDevices:
[2019.04.02-04.58.16:964][  0]LogWindows:    0. 'Intel(R) HD Graphics 4600' (P:1 D:1)
[2019.04.02-04.58.16:964][  0]LogWindows:    1. 'Intel(R) HD Graphics 4600' (P:0 D:0)
[2019.04.02-04.58.16:965][  0]LogWindows:    2. 'Intel(R) HD Graphics 4600' (P:0 D:0)
[2019.04.02-04.58.16:965][  0]LogWindows: DebugString: GetVideoDriverDetailsInvalid PrimaryIsNotTheChoosenAdapter GetVideoDriverDetailsInvalid PrimaryIsNotTheChoosenAdapter GetVideoDriverDetailsInvalid PrimaryIsNotTheChoosenAdapter FoundDriverCount:0 
[2019.04.02-04.58.16:965][  0]LogD3D11RHI:     Adapter Name: NVIDIA GeForce GTX 950M
[2019.04.02-04.58.16:965][  0]LogD3D11RHI:   Driver Version: Unknown (internal:Unknown, unified:Unknown)
[2019.04.02-04.58.16:965][  0]LogD3D11RHI:      Driver Date: Unknown
[2019.04.02-04.58.16:965][  0]LogRHI: Texture pool is 2839 MB (70% of 4055 MB)
[2019.04.02-04.58.17:028][  0]LogD3D11RHI: [Aftermath] Aftermath enabled and primed
[2019.04.02-04.58.17:028][  0]LogD3D11RHI: [Aftermath] Aftermath enabled and primed
[2019.04.02-04.58.17:028][  0]LogD3D11RHI: Async texture creation enabled
[2019.04.02-04.58.17:060][  0]LogD3D11RHI: GPU Timing Frequency: 1000.000000 (Debug: 2 2)
[2019.04.02-04.58.17:064][  0]LogShaderCompilers: Guid format shader working directory is -23 characters bigger than the processId version (../../../../../../KVT/Unreal Engine 4/Resident Evil Hunk/ResidentEvil/Intermediate/Shaders/WorkingDirectory/7676/).
[2019.04.02-04.58.17:064][  0]LogShaderCompilers: Cleaned the shader compiler working directory 'C:/Users/kvtuy/AppData/Local/Temp/UnrealShaderWorkingDir/52A4538B4D6384CF38A1A0BBB462E832/'.
[2019.04.02-04.58.17:443][  0]LogTemp: Display: Loaded TP AllDesktopTargetPlatform
[2019.04.02-04.58.17:462][  0]LogTemp: Display: Loaded TP MacClientTargetPlatform
[2019.04.02-04.58.17:482][  0]LogTemp: Display: Loaded TP MacNoEditorTargetPlatform
[2019.04.02-04.58.17:500][  0]LogTemp: Display: Loaded TP MacServerTargetPlatform
[2019.04.02-04.58.17:520][  0]LogTemp: Display: Loaded TP MacTargetPlatform
[2019.04.02-04.58.17:541][  0]LogTemp: Display: Loaded TP WindowsClientTargetPlatform
[2019.04.02-04.58.17:560][  0]LogTemp: Display: Loaded TP WindowsNoEditorTargetPlatform
[2019.04.02-04.58.17:576][  0]LogTemp: Display: Loaded TP WindowsServerTargetPlatform
[2019.04.02-04.58.17:584][  0]LogTemp: Display: Loaded TP WindowsTargetPlatform
[2019.04.02-04.58.17:602][  0]LogTemp: Display: Loaded TP Android_ASTCTargetPlatform
[2019.04.02-04.58.17:619][  0]LogTemp: Display: Loaded TP Android_ATCTargetPlatform
[2019.04.02-04.58.17:636][  0]LogTemp: Display: Loaded TP Android_DXTTargetPlatform
[2019.04.02-04.58.17:650][  0]LogTemp: Display: Loaded TP Android_ETC1aTargetPlatform
[2019.04.02-04.58.17:664][  0]LogTemp: Display: Loaded TP Android_ETC1TargetPlatform
[2019.04.02-04.58.17:679][  0]LogTemp: Display: Loaded TP Android_ETC2TargetPlatform
[2019.04.02-04.58.17:714][  0]LogTemp: Display: Loaded TP Android_MultiTargetPlatform
[2019.04.02-04.58.17:714][  0]LogTemp: Display: Loaded TP Android_PVRTCTargetPlatform
[2019.04.02-04.58.17:730][  0]LogTemp: Display: Loaded TP AndroidTargetPlatform
[2019.04.02-04.58.17:733][  0]LogTemp: Display: Loaded TP HTML5TargetPlatform
[2019.04.02-04.58.17:778][  0]LogTemp: Display: Loaded TP IOSTargetPlatform
[2019.04.02-04.58.17:792][  0]LogTemp: Display: Loaded TP TVOSTargetPlatform
[2019.04.02-04.58.17:806][  0]LogTemp: Display: Loaded TP LinuxClientTargetPlatform
[2019.04.02-04.58.17:826][  0]LogTemp: Display: Loaded TP LinuxNoEditorTargetPlatform
[2019.04.02-04.58.17:840][  0]LogTemp: Display: Loaded TP LinuxServerTargetPlatform
[2019.04.02-04.58.17:857][  0]LogTemp: Display: Loaded TP LinuxTargetPlatform
[2019.04.02-04.58.17:857][  0]LogTargetPlatformManager: Display: Building Assets For Windows
[2019.04.02-04.58.18:022][  0]LogXGEController: Cleaning working directory: C:/Users/kvtuy/AppData/Local/Temp/UnrealXGEWorkingDir/
[2019.04.02-04.58.18:022][  0]LogXGEController: Cannot use XGE Controller as Incredibuild is not installed on this machine.
[2019.04.02-04.58.18:022][  0]LogShaderCompilers: Cannot use XGE Shader Compiler as Incredibuild is not installed on this machine.
[2019.04.02-04.58.18:022][  0]LogShaderCompilers: Display: Using Local Shader Compiler.
[2019.04.02-04.58.19:123][  0]LogDerivedDataCache: Display: Max Cache Size: 512 MB
[2019.04.02-04.58.19:455][  0]LogDerivedDataCache: Loaded boot cache 0.33s 74MB C:/Users/kvtuy/AppData/Local/UnrealEngine/4.19/DerivedDataCache/Boot.ddc.
[2019.04.02-04.58.19:455][  0]LogDerivedDataCache: Display: Loaded Boot cache: C:/Users/kvtuy/AppData/Local/UnrealEngine/4.19/DerivedDataCache/Boot.ddc
[2019.04.02-04.58.19:455][  0]LogDerivedDataCache: FDerivedDataBackendGraph:  Pak pak cache file ../../../../../../KVT/Unreal Engine 4/Resident Evil Hunk/ResidentEvil/DerivedDataCache/DDC.ddp not found, will not use a pak cache.
[2019.04.02-04.58.19:455][  0]LogDerivedDataCache: Unable to find inner node Pak for hierarchical cache Hierarchy.
[2019.04.02-04.58.19:455][  0]LogDerivedDataCache: FDerivedDataBackendGraph:  CompressedPak pak cache file ../../../../../../KVT/Unreal Engine 4/Resident Evil Hunk/ResidentEvil/DerivedDataCache/Compressed.ddp not found, will not use a pak cache.
[2019.04.02-04.58.19:455][  0]LogDerivedDataCache: Unable to find inner node CompressedPak for hierarchical cache Hierarchy.
[2019.04.02-04.58.19:477][  0]LogDerivedDataCache: Display: Pak cache opened for reading ../../../Engine/DerivedDataCache/Compressed.ddp.
[2019.04.02-04.58.19:490][  0]LogDerivedDataCache: Using Local data cache path C:/Users/kvtuy/AppData/Local/UnrealEngine/Common/DerivedDataCache: Writable
[2019.04.02-04.58.19:490][  0]LogDerivedDataCache: Shared data cache path not found in *engine.ini, will not use an Shared cache.
[2019.04.02-04.58.19:490][  0]LogDerivedDataCache: Unable to find inner node Shared for hierarchical cache Hierarchy.
[2019.04.02-04.58.19:506][  0]LogMaterial: Verifying Global Shaders for PCD3D_SM5
[2019.04.02-04.58.19:510][  0]LogSlate: Using Freetype 2.6.0
[2019.04.02-04.58.19:513][  0]LogSlate: SlateFontCache - WITH_FREETYPE: 1, WITH_HARFBUZZ: 1
[2019.04.02-04.58.19:513][  0]LogSlate: SlateFontCache - WITH_FREETYPE: 1, WITH_HARFBUZZ: 1
[2019.04.02-04.58.19:839][  0]LogAssetRegistry: FAssetRegistry took 0.0289 seconds to start up
[2019.04.02-04.58.20:296][  0]LogInit: Selected Device Profile: [Windows]
[2019.04.02-04.58.20:525][  0]LogSimplygon: Simplygon DLL not present - disabling.
[2019.04.02-04.58.20:530][  0]LogMeshReduction: Using SimplygonSwarm for distributed automatic mesh merging
[2019.04.02-04.58.20:530][  0]LogMeshReduction: Using QuadricMeshReduction for automatic static mesh reduction
[2019.04.02-04.58.20:530][  0]LogMeshReduction: No automatic skeletal mesh reduction module available
[2019.04.02-04.58.20:530][  0]LogMeshReduction: No automatic mesh merging module available
[2019.04.02-04.58.20:530][  0]LogMeshMerging: No automatic mesh merging module available
[2019.04.02-04.58.20:580][  0]LogNetVersion: ResidentEvil , NetCL: 3944462, EngineNetVer: 2, GameNetVer: 0 (Checksum: 3990793033)
[2019.04.02-04.58.21:280][  0]LogPackageLocalizationCache: Processed 9 localized package path(s) for 2 prioritized culture(s) in 0.064584 seconds
[2019.04.02-04.58.21:287][  0]LogUObjectArray: 36728 objects as part of root set at end of initial load.
[2019.04.02-04.58.21:287][  0]LogUObjectAllocator: 7314312 out of 0 bytes used by permanent object pool.
[2019.04.02-04.58.21:287][  0]LogUObjectArray: CloseDisregardForGC: 0/0 objects in disregard for GC pool
[2019.04.02-04.58.24:081][  0]LogTcpMessaging: Initializing TcpMessaging bridge
[2019.04.02-04.58.24:113][  0]LogUdpMessaging: Initializing bridge on interface 0.0.0.0:0 to multicast group 230.0.0.1:6666.
[2019.04.02-04.58.24:419][  0]LogSkeletalMesh: Building Skeletal Mesh Assault_Rifle_A...
[2019.04.02-04.58.24:434][  0]LogSkeletalMesh: Built Skeletal Mesh [0.02s] /Game/MyAssets/MilitaryWeapSilver/Weapons/Assault_Rifle_A.Assault_Rifle_A
[2019.04.02-04.58.25:322][  0]LogTexture: Display: Building textures: Assault_Rifle_A_Norm (BC5, 2048X2048)
[2019.04.02-04.58.25:322][  0]LogTexture: Display: Building textures: Assault_Rifle_A_masks (AutoDXT, 2048X2048)
[2019.04.02-04.58.28:774][  0]LogTexture: Display: Building textures: Assault_Rifle_A_Diff (AutoDXT, 2048X2048)
[2019.04.02-04.58.30:193][  0]LogMaterial: Missing cached shader map for material M_WeaponMaster_01, compiling. 
[2019.04.02-04.58.54:585][  0]LogShaderCompilers: Display: Shaders left to compile 69
[2019.04.02-04.58.54:585][  0]LogShaderCompilers: Display: Shaders left to compile 59
[2019.04.02-04.58.54:585][  0]LogShaderCompilers: Display: Shaders left to compile 49
[2019.04.02-04.58.54:585][  0]LogTexture: Display: Building textures: genAssault_MERC_d (AutoDXT, 4096X4096)
[2019.04.02-04.58.54:585][  0]LogTexture: Display: Building textures: genAssault_GreenArmyMan_nm (BC5, 4096X4096)
[2019.04.02-04.58.54:585][  0]LogTexture: Display: Building textures: genAssault_arctic_sg (AutoDXT, 4096X4096)
[2019.04.02-04.58.54:585][  0]LogShaderCompilers: Display: Shaders left to compile 39
[2019.04.02-04.58.54:585][  0]LogShaderCompilers: Display: Shaders left to compile 29
[2019.04.02-04.58.54:585][  0]LogShaderCompilers: Display: Shaders left to compile 19
[2019.04.02-04.58.54:585][  0]LogShaderCompilers: Display: Shaders left to compile 9
[2019.04.02-04.58.54:585][  0]LogSkeletalMesh: Building Skeletal Mesh genAssault...
[2019.04.02-04.58.54:792][  0]LogSkeletalMesh: Built Skeletal Mesh [0.21s] /Game/MyCharacter/Hero/genAssault.genAssault
[2019.04.02-04.58.54:795][  0]LogMaterial: Missing cached shader map for material genAssault_arctic_mat, compiling. 
[2019.04.02-04.58.55:174][  0]LogShaderCompilers: Display: Shaders left to compile 60
[2019.04.02-04.58.55:174][  0]LogShaderCompilers: Display: Shaders left to compile 50
[2019.04.02-04.58.55:174][  0]LogShaderCompilers: Display: Shaders left to compile 40
[2019.04.02-04.58.55:174][  0]LogUObjectGlobals: Created PersistentFrame Addr=0x0000015c04b94f40, Size=72, Default__HunkAnimation_C Function /Game/MyCharacter/Hero/HunkAnimation.HunkAnimation_C:ExecuteUbergraph_HunkAnimation
[2019.04.02-04.58.55:319][  0]LogUObjectGlobals: Destroyed PersistentFrame Addr=0x0000015c04b94f40, Size=72
[2019.04.02-04.58.55:319][  0]LogUObjectGlobals: Created PersistentFrame Addr=0x0000015c059ad7b0, Size=72, Default__HunkAnimation_C Function /Engine/Transient.REINST_HunkAnimation_C_0:ExecuteUbergraph_HunkAnimation
[2019.04.02-04.58.55:482][  0]LogUObjectGlobals: Created PersistentFrame Addr=0x0000015c04f0b600, Size=72, Default__HunkAnimation_C Function /Game/MyCharacter/Hero/HunkAnimation.HunkAnimation_C:ExecuteUbergraph_HunkAnimation
[2019.04.02-04.58.55:557][  0]LogAnimationCompression: Building Anim DDC data for AnimSequence /Game/MyCharacter/Hero/UnEquip.UnEquip
[2019.04.02-04.58.55:558][  0]LogAnimationCompression: Recompressing (AnimSequence /Game/MyCharacter/Hero/UnEquip.UnEquip) using current/default (AnimCompress_BitwiseCompressOnly_378) bFirstRecompressUsingCurrentOrDefault(1) bTryAlternateCompressor(0) IsCompressedDataValid(0)
[2019.04.02-04.58.55:563][  0]LogAnimationCompression: Building Anim DDC data for AnimSequence /Game/MyCharacter/Hero/MOB1_Jog_F_to_Stand_Relaxed_RU_IPC.MOB1_Jog_F_to_Stand_Relaxed_RU_IPC
[2019.04.02-04.58.55:563][  0]LogAnimationCompression: Recompressing (AnimSequence /Game/MyCharacter/Hero/MOB1_Jog_F_to_Stand_Relaxed_RU_IPC.MOB1_Jog_F_to_Stand_Relaxed_RU_IPC) using current/default (AnimCompress_BitwiseCompressOnly_294) bFirstRecompressUsingCurrentOrDefault(1) bTryAlternateCompressor(0) IsCompressedDataValid(0)
[2019.04.02-04.58.55:567][  0]LogAnimationCompression: Building Anim DDC data for AnimSequence /Game/MyCharacter/Hero/FixAnimation/Reload_Shotgun_Ironsights.Reload_Shotgun_Ironsights
[2019.04.02-04.58.55:567][  0]LogAnimationCompression: Recompressing (AnimSequence /Game/MyCharacter/Hero/FixAnimation/Reload_Shotgun_Ironsights.Reload_Shotgun_Ironsights) using current/default (AnimCompress_BitwiseCompressOnly_146) bFirstRecompressUsingCurrentOrDefault(1) bTryAlternateCompressor(0) IsCompressedDataValid(0)
[2019.04.02-04.58.55:577][  0]LogAnimationCompression: Building Anim DDC data for AnimSequence /Game/MyCharacter/Hero/FixAnimation/Reload_Rifle_Ironsights.Reload_Rifle_Ironsights
[2019.04.02-04.58.55:577][  0]LogAnimationCompression: Recompressing (AnimSequence /Game/MyCharacter/Hero/FixAnimation/Reload_Rifle_Ironsights.Reload_Rifle_Ironsights) using current/default (AnimCompress_BitwiseCompressOnly_260) bFirstRecompressUsingCurrentOrDefault(1) bTryAlternateCompressor(0) IsCompressedDataValid(0)
[2019.04.02-04.58.55:581][  0]LogAnimationCompression: Building Anim DDC data for AnimSequence /Game/MyCharacter/Hero/FixAnimation/Fire_Shotgun_Ironsights.Fire_Shotgun_Ironsights
[2019.04.02-04.58.55:582][  0]LogAnimationCompression: Recompressing (AnimSequence /Game/MyCharacter/Hero/FixAnimation/Fire_Shotgun_Ironsights.Fire_Shotgun_Ironsights) using current/default (AnimCompress_BitwiseCompressOnly_333) bFirstRecompressUsingCurrentOrDefault(1) bTryAlternateCompressor(0) IsCompressedDataValid(0)
[2019.04.02-04.58.55:585][  0]LogAnimationCompression: Building Anim DDC data for AnimSequence /Game/MyCharacter/Hero/FixAnimation/Fire_Rifle_Ironsights.Fire_Rifle_Ironsights
[2019.04.02-04.58.55:585][  0]LogAnimationCompression: Recompressing (AnimSequence /Game/MyCharacter/Hero/FixAnimation/Fire_Rifle_Ironsights.Fire_Rifle_Ironsights) using current/default (AnimCompress_BitwiseCompressOnly_331) bFirstRecompressUsingCurrentOrDefault(1) bTryAlternateCompressor(0) IsCompressedDataValid(0)
[2019.04.02-04.58.55:588][  0]LogAnimationCompression: Building Anim DDC data for AnimSequence /Game/MyCharacter/Hero/FixAnimation/Equip.Equip
[2019.04.02-04.58.55:588][  0]LogAnimationCompression: Recompressing (AnimSequence /Game/MyCharacter/Hero/FixAnimation/Equip.Equip) using current/default (AnimCompress_BitwiseCompressOnly_321) bFirstRecompressUsingCurrentOrDefault(1) bTryAlternateCompressor(0) IsCompressedDataValid(0)
[2019.04.02-04.58.55:593][  0]LogAnimationCompression: Building Anim DDC data for AnimSequence /Game/MyCharacter/Hero/FixAnimation/Aim_Shotgun_Up.Aim_Shotgun_Up
[2019.04.02-04.58.55:594][  0]LogAnimationCompression: Recompressing (AnimSequence /Game/MyCharacter/Hero/FixAnimation/Aim_Shotgun_Up.Aim_Shotgun_Up) using current/default (AnimCompress_BitwiseCompressOnly_330) bFirstRecompressUsingCurrentOrDefault(1) bTryAlternateCompressor(0) IsCompressedDataValid(0)
[2019.04.02-04.58.55:596][  0]LogAnimationCompression: Building Anim DDC data for AnimSequence /Game/MyCharacter/Hero/FixAnimation/Aim_Shotgun_Right.Aim_Shotgun_Right
[2019.04.02-04.58.55:596][  0]LogAnimationCompression: Recompressing (AnimSequence /Game/MyCharacter/Hero/FixAnimation/Aim_Shotgun_Right.Aim_Shotgun_Right) using current/default (AnimCompress_BitwiseCompressOnly_329) bFirstRecompressUsingCurrentOrDefault(1) bTryAlternateCompressor(0) IsCompressedDataValid(0)
[2019.04.02-04.58.55:597][  0]LogAnimationCompression: Building Anim DDC data for AnimSequence /Game/MyCharacter/Hero/FixAnimation/Aim_Shotgun_Left.Aim_Shotgun_Left
[2019.04.02-04.58.55:598][  0]LogAnimationCompression: Recompressing (AnimSequence /Game/MyCharacter/Hero/FixAnimation/Aim_Shotgun_Left.Aim_Shotgun_Left) using current/default (AnimCompress_BitwiseCompressOnly_328) bFirstRecompressUsingCurrentOrDefault(1) bTryAlternateCompressor(0) IsCompressedDataValid(0)
[2019.04.02-04.58.55:598][  0]LogAnimationCompression: Building Anim DDC data for AnimSequence /Game/MyCharacter/Hero/FixAnimation/Aim_Shotgun_Down.Aim_Shotgun_Down
[2019.04.02-04.58.55:599][  0]LogAnimationCompression: Recompressing (AnimSequence /Game/MyCharacter/Hero/FixAnimation/Aim_Shotgun_Down.Aim_Shotgun_Down) using current/default (AnimCompress_BitwiseCompressOnly_316) bFirstRecompressUsingCurrentOrDefault(1) bTryAlternateCompressor(0) IsCompressedDataValid(0)
[2019.04.02-04.58.55:601][  0]LogAnimationCompression: Building Anim DDC data for AnimSequence /Game/MyCharacter/Hero/FixAnimation/Idle_Shotgun_Ironsights_Fix.Idle_Shotgun_Ironsights_Fix
[2019.04.02-04.58.55:601][  0]LogAnimationCompression: Recompressing (AnimSequence /Game/MyCharacter/Hero/FixAnimation/Idle_Shotgun_Ironsights_Fix.Idle_Shotgun_Ironsights_Fix) using current/default (AnimCompress_BitwiseCompressOnly_361) bFirstRecompressUsingCurrentOrDefault(1) bTryAlternateCompressor(0) IsCompressedDataValid(0)
[2019.04.02-04.58.55:611][  0]LogAnimationCompression: Building Anim DDC data for AnimSequence /Game/MyCharacter/Hero/FixAnimation/Aim_Shotgun_CC.Aim_Shotgun_CC
[2019.04.02-04.58.55:612][  0]LogAnimationCompression: Recompressing (AnimSequence /Game/MyCharacter/Hero/FixAnimation/Aim_Shotgun_CC.Aim_Shotgun_CC) using current/default (AnimCompress_BitwiseCompressOnly_327) bFirstRecompressUsingCurrentOrDefault(1) bTryAlternateCompressor(0) IsCompressedDataValid(0)
[2019.04.02-04.58.55:613][  0]LogAnimationCompression: Building Anim DDC data for AnimSequence /Game/MyCharacter/Hero/FixAnimation/Aim_Rifle_Up.Aim_Rifle_Up
[2019.04.02-04.58.55:614][  0]LogAnimationCompression: Recompressing (AnimSequence /Game/MyCharacter/Hero/FixAnimation/Aim_Rifle_Up.Aim_Rifle_Up) using current/default (AnimCompress_BitwiseCompressOnly_326) bFirstRecompressUsingCurrentOrDefault(1) bTryAlternateCompressor(0) IsCompressedDataValid(0)
[2019.04.02-04.58.55:615][  0]LogAnimationCompression: Building Anim DDC data for AnimSequence /Game/MyCharacter/Hero/FixAnimation/Aim_Rifle_Left.Aim_Rifle_Left
[2019.04.02-04.58.55:615][  0]LogAnimationCompression: Recompressing (AnimSequence /Game/MyCharacter/Hero/FixAnimation/Aim_Rifle_Left.Aim_Rifle_Left) using current/default (AnimCompress_BitwiseCompressOnly_325) bFirstRecompressUsingCurrentOrDefault(1) bTryAlternateCompressor(0) IsCompressedDataValid(0)
[2019.04.02-04.58.55:617][  0]LogAnimationCompression: Building Anim DDC data for AnimSequence /Game/MyCharacter/Hero/FixAnimation/Aim_Rifle_Down.Aim_Rifle_Down
[2019.04.02-04.58.55:617][  0]LogAnimationCompression: Recompressing (AnimSequence /Game/MyCharacter/Hero/FixAnimation/Aim_Rifle_Down.Aim_Rifle_Down) using current/default (AnimCompress_BitwiseCompressOnly_312) bFirstRecompressUsingCurrentOrDefault(1) bTryAlternateCompressor(0) IsCompressedDataValid(0)
[2019.04.02-04.58.55:619][  0]LogAnimationCompression: Building Anim DDC data for AnimSequence /Game/MyCharacter/Hero/FixAnimation/Aim_Rifle_CC.Aim_Rifle_CC
[2019.04.02-04.58.55:619][  0]LogAnimationCompression: Recompressing (AnimSequence /Game/MyCharacter/Hero/FixAnimation/Aim_Rifle_CC.Aim_Rifle_CC) using current/default (AnimCompress_BitwiseCompressOnly_324) bFirstRecompressUsingCurrentOrDefault(1) bTryAlternateCompressor(0) IsCompressedDataValid(0)
[2019.04.02-04.58.55:621][  0]LogAnimationCompression: Building Anim DDC data for AnimSequence /Game/MyCharacter/Hero/FixAnimation/Idle_Rifle_Ironsights_Fix.Idle_Rifle_Ironsights_Fix
[2019.04.02-04.58.55:621][  0]LogAnimationCompression: Recompressing (AnimSequence /Game/MyCharacter/Hero/FixAnimation/Idle_Rifle_Ironsights_Fix.Idle_Rifle_Ironsights_Fix) using current/default (AnimCompress_BitwiseCompressOnly_360) bFirstRecompressUsingCurrentOrDefault(1) bTryAlternateCompressor(0) IsCompressedDataValid(0)
[2019.04.02-04.58.55:637][  0]LogAnimationCompression: Building Anim DDC data for AnimSequence /Game/MyCharacter/Hero/FixAnimation/Aim_Rife_Right.Aim_Rife_Right
[2019.04.02-04.58.55:637][  0]LogAnimationCompression: Recompressing (AnimSequence /Game/MyCharacter/Hero/FixAnimation/Aim_Rife_Right.Aim_Rife_Right) using current/default (AnimCompress_BitwiseCompressOnly_323) bFirstRecompressUsingCurrentOrDefault(1) bTryAlternateCompressor(0) IsCompressedDataValid(0)
[2019.04.02-04.58.55:647][  0]LogAnimationCompression: Building Anim DDC data for AnimSequence /Game/MyCharacter/Hero/FixAnimation/Jog_Fwd_Shotgun.Jog_Fwd_Shotgun
[2019.04.02-04.58.55:647][  0]LogAnimationCompression: Recompressing (AnimSequence /Game/MyCharacter/Hero/FixAnimation/Jog_Fwd_Shotgun.Jog_Fwd_Shotgun) using current/default (AnimCompress_BitwiseCompressOnly_144) bFirstRecompressUsingCurrentOrDefault(1) bTryAlternateCompressor(0) IsCompressedDataValid(0)
[2019.04.02-04.58.55:651][  0]LogAnimationCompression: Building Anim DDC data for AnimSequence /Game/MyCharacter/Hero/FixAnimation/Idle_Shotgun_Hip.Idle_Shotgun_Hip
[2019.04.02-04.58.55:651][  0]LogAnimationCompression: Recompressing (AnimSequence /Game/MyCharacter/Hero/FixAnimation/Idle_Shotgun_Hip.Idle_Shotgun_Hip) using current/default (AnimCompress_BitwiseCompressOnly_376) bFirstRecompressUsingCurrentOrDefault(1) bTryAlternateCompressor(0) IsCompressedDataValid(0)
[2019.04.02-04.58.55:663][  0]LogAnimationCompression: Building Anim DDC data for AnimSequence /Game/MyCharacter/Hero/FixAnimation/Jog_Fwd_Rifle.Jog_Fwd_Rifle
[2019.04.02-04.58.55:664][  0]LogAnimationCompression: Recompressing (AnimSequence /Game/MyCharacter/Hero/FixAnimation/Jog_Fwd_Rifle.Jog_Fwd_Rifle) using current/default (AnimCompress_BitwiseCompressOnly_249) bFirstRecompressUsingCurrentOrDefault(1) bTryAlternateCompressor(0) IsCompressedDataValid(0)
[2019.04.02-04.58.55:666][  0]LogAnimationCompression: Building Anim DDC data for AnimSequence /Game/MyCharacter/Hero/MOB1_Walk_F_IPC.MOB1_Walk_F_IPC
[2019.04.02-04.58.55:667][  0]LogAnimationCompression: Recompressing (AnimSequence /Game/MyCharacter/Hero/MOB1_Walk_F_IPC.MOB1_Walk_F_IPC) using current/default (AnimCompress_BitwiseCompressOnly_296) bFirstRecompressUsingCurrentOrDefault(1) bTryAlternateCompressor(0) IsCompressedDataValid(0)
[2019.04.02-04.58.55:670][  0]LogAnimationCompression: Building Anim DDC data for AnimSequence /Game/MyCharacter/Hero/MOB1_Stand_Relaxed_Idle_v2.MOB1_Stand_Relaxed_Idle_v2
[2019.04.02-04.58.55:670][  0]LogAnimationCompression: Recompressing (AnimSequence /Game/MyCharacter/Hero/MOB1_Stand_Relaxed_Idle_v2.MOB1_Stand_Relaxed_Idle_v2) using current/default (AnimCompress_BitwiseCompressOnly_300) bFirstRecompressUsingCurrentOrDefault(1) bTryAlternateCompressor(0) IsCompressedDataValid(0)
[2019.04.02-04.58.55:679][  0]LogAnimationCompression: Building Anim DDC data for AnimSequence /Game/MyCharacter/Hero/MOB1_Run_F_IPC.MOB1_Run_F_IPC
[2019.04.02-04.58.55:679][  0]LogAnimationCompression: Recompressing (AnimSequence /Game/MyCharacter/Hero/MOB1_Run_F_IPC.MOB1_Run_F_IPC) using current/default (AnimCompress_BitwiseCompressOnly_295) bFirstRecompressUsingCurrentOrDefault(1) bTryAlternateCompressor(0) IsCompressedDataValid(0)
[2019.04.02-04.58.55:681][  0]LogAnimationCompression: Building Anim DDC data for AnimSequence /Game/MyCharacter/Hero/FixAnimation/Sprint_Fwd_Rifle.Sprint_Fwd_Rifle
[2019.04.02-04.58.55:681][  0]LogAnimationCompression: Recompressing (AnimSequence /Game/MyCharacter/Hero/FixAnimation/Sprint_Fwd_Rifle.Sprint_Fwd_Rifle) using current/default (AnimCompress_BitwiseCompressOnly_374) bFirstRecompressUsingCurrentOrDefault(1) bTryAlternateCompressor(0) IsCompressedDataValid(0)
[2019.04.02-04.58.55:685][  0]LogAnimationCompression: Building Anim DDC data for AnimSequence /Game/MyCharacter/Hero/FixAnimation/Idle_Rifle_Hip.Idle_Rifle_Hip
[2019.04.02-04.58.55:685][  0]LogAnimationCompression: Recompressing (AnimSequence /Game/MyCharacter/Hero/FixAnimation/Idle_Rifle_Hip.Idle_Rifle_Hip) using current/default (AnimCompress_BitwiseCompressOnly_370) bFirstRecompressUsingCurrentOrDefault(1) bTryAlternateCompressor(0) IsCompressedDataValid(0)
[2019.04.02-04.58.55:698][  0]LogAnimationCompression: Building Anim DDC data for AnimSequence /Game/MyCharacter/Hero/FixAnimation/Walk_Rt_Shotgun_Ironsights.Walk_Rt_Shotgun_Ironsights
[2019.04.02-04.58.55:698][  0]LogAnimationCompression: Recompressing (AnimSequence /Game/MyCharacter/Hero/FixAnimation/Walk_Rt_Shotgun_Ironsights.Walk_Rt_Shotgun_Ironsights) using current/default (AnimCompress_BitwiseCompressOnly_369) bFirstRecompressUsingCurrentOrDefault(1) bTryAlternateCompressor(0) IsCompressedDataValid(0)
[2019.04.02-04.58.55:702][  0]LogAnimationCompression: Building Anim DDC data for AnimSequence /Game/MyCharacter/Hero/FixAnimation/Walk_Lt_Shotgun_Ironsights.Walk_Lt_Shotgun_Ironsights
[2019.04.02-04.58.55:702][  0]LogAnimationCompression: Recompressing (AnimSequence /Game/MyCharacter/Hero/FixAnimation/Walk_Lt_Shotgun_Ironsights.Walk_Lt_Shotgun_Ironsights) using current/default (AnimCompress_BitwiseCompressOnly_367) bFirstRecompressUsingCurrentOrDefault(1) bTryAlternateCompressor(0) IsCompressedDataValid(0)
[2019.04.02-04.58.55:706][  0]LogAnimationCompression: Building Anim DDC data for AnimSequence /Game/MyCharacter/Hero/FixAnimation/Walk_Fwd_Shotgun_Ironsights.Walk_Fwd_Shotgun_Ironsights
[2019.04.02-04.58.55:707][  0]LogAnimationCompression: Recompressing (AnimSequence /Game/MyCharacter/Hero/FixAnimation/Walk_Fwd_Shotgun_Ironsights.Walk_Fwd_Shotgun_Ironsights) using current/default (AnimCompress_BitwiseCompressOnly_365) bFirstRecompressUsingCurrentOrDefault(1) bTryAlternateCompressor(0) IsCompressedDataValid(0)
[2019.04.02-04.58.55:711][  0]LogAnimationCompression: Building Anim DDC data for AnimSequence /Game/MyCharacter/Hero/FixAnimation/Walk_Bwd_Shotgun_Ironsights.Walk_Bwd_Shotgun_Ironsights
[2019.04.02-04.58.55:711][  0]LogAnimationCompression: Recompressing (AnimSequence /Game/MyCharacter/Hero/FixAnimation/Walk_Bwd_Shotgun_Ironsights.Walk_Bwd_Shotgun_Ironsights) using current/default (AnimCompress_BitwiseCompressOnly_363) bFirstRecompressUsingCurrentOrDefault(1) bTryAlternateCompressor(0) IsCompressedDataValid(0)
[2019.04.02-04.58.55:716][  0]LogAnimationCompression: Building Anim DDC data for AnimSequence /Game/MyCharacter/Hero/FixAnimation/Walk_Rt_Rifle_Ironsights.Walk_Rt_Rifle_Ironsights
[2019.04.02-04.58.55:716][  0]LogAnimationCompression: Recompressing (AnimSequence /Game/MyCharacter/Hero/FixAnimation/Walk_Rt_Rifle_Ironsights.Walk_Rt_Rifle_Ironsights) using current/default (AnimCompress_BitwiseCompressOnly_368) bFirstRecompressUsingCurrentOrDefault(1) bTryAlternateCompressor(0) IsCompressedDataValid(0)
[2019.04.02-04.58.55:720][  0]LogAnimationCompression: Building Anim DDC data for AnimSequence /Game/MyCharacter/Hero/FixAnimation/Walk_Lt_Rifle_Ironsights.Walk_Lt_Rifle_Ironsights
[2019.04.02-04.58.55:720][  0]LogAnimationCompression: Recompressing (AnimSequence /Game/MyCharacter/Hero/FixAnimation/Walk_Lt_Rifle_Ironsights.Walk_Lt_Rifle_Ironsights) using current/default (AnimCompress_BitwiseCompressOnly_366) bFirstRecompressUsingCurrentOrDefault(1) bTryAlternateCompressor(0) IsCompressedDataValid(0)
[2019.04.02-04.58.55:724][  0]LogAnimationCompression: Building Anim DDC data for AnimSequence /Game/MyCharacter/Hero/FixAnimation/Walk_Fwd_Rifle_Ironsights.Walk_Fwd_Rifle_Ironsights
[2019.04.02-04.58.55:724][  0]LogAnimationCompression: Recompressing (AnimSequence /Game/MyCharacter/Hero/FixAnimation/Walk_Fwd_Rifle_Ironsights.Walk_Fwd_Rifle_Ironsights) using current/default (AnimCompress_BitwiseCompressOnly_364) bFirstRecompressUsingCurrentOrDefault(1) bTryAlternateCompressor(0) IsCompressedDataValid(0)
[2019.04.02-04.58.55:729][  0]LogAnimationCompression: Building Anim DDC data for AnimSequence /Game/MyCharacter/Hero/FixAnimation/Walk_Bwd_Rifle_Ironsights.Walk_Bwd_Rifle_Ironsights
[2019.04.02-04.58.55:730][  0]LogAnimationCompression: Recompressing (AnimSequence /Game/MyCharacter/Hero/FixAnimation/Walk_Bwd_Rifle_Ironsights.Walk_Bwd_Rifle_Ironsights) using current/default (AnimCompress_BitwiseCompressOnly_362) bFirstRecompressUsingCurrentOrDefault(1) bTryAlternateCompressor(0) IsCompressedDataValid(0)
[2019.04.02-04.58.57:199][  0]LogTexture: Display: Building textures: Pistols_A_Norm (BC5, 2048X2048)
[2019.04.02-04.58.57:199][  0]LogTexture: Display: Building textures: Pistols_A_Masks (AutoDXT, 2048X2048)
[2019.04.02-04.59.00:754][  0]LogTexture: Display: Building textures: Pistols_A_Diff (AutoDXT, 2048X2048)
[2019.04.02-04.59.03:896][  0]LogShaderCompilers: Display: Shaders left to compile 30
[2019.04.02-04.59.03:896][  0]LogShaderCompilers: Display: Shaders left to compile 20
[2019.04.02-04.59.03:896][  0]LogSkeletalMesh: Building Skeletal Mesh Pistols_A...
[2019.04.02-04.59.03:982][  0]LogSkeletalMesh: Built Skeletal Mesh [0.09s] /Game/MyAssets/MilitaryWeapSilver/Weapons/Pistols_A.Pistols_A
[2019.04.02-04.59.12:082][  0]LogTexture: Display: Building textures: Shotgun_A_Masks (AutoDXT, 2048X2048)
[2019.04.02-04.59.12:082][  0]LogTexture: Display: Building textures: Shotgun_A_Diff (AutoDXT, 2048X2048)
[2019.04.02-04.59.12:082][  0]LogShaderCompilers: Display: Shaders left to compile 10
[2019.04.02-04.59.12:082][  0]LogTexture: Display: Building textures: Shotgun_A_Norm (BC5, 2048X2048)
[2019.04.02-04.59.12:084][  0]LogSkeletalMesh: Building Skeletal Mesh Shotgun_A...
[2019.04.02-04.59.12:098][  0]LogSkeletalMesh: Built Skeletal Mesh [0.02s] /Game/MyAssets/MilitaryWeapSilver/Weapons/Shotgun_A.Shotgun_A
[2019.04.02-04.59.12:408][  0]SourceControl: Source control is disabled
[2019.04.02-04.59.12:408][  0]SourceControl: Source control is disabled
[2019.04.02-04.59.12:443][  0]SourceControl: Source control is disabled
[2019.04.02-04.59.12:478][  0]SourceControl: Source control is disabled
[2019.04.02-04.59.13:245][  0]LogAndroidPermission: UAndroidPermissionCallbackProxy::GetInstance
[2019.04.02-04.59.13:488][  0]LogOcInput: OculusInput pre-init called
[2019.04.02-04.59.13:734][  0]LogEngine: Initializing Engine...
[2019.04.02-04.59.13:738][  0]LogHMD: Failed to initialize OpenVR with code 110
[2019.04.02-04.59.13:742][  0]LogStats: UGameplayTagsManager::ConstructGameplayTagTree: Construct from data asset -  0.000 s
[2019.04.02-04.59.13:742][  0]LogStats: UGameplayTagsManager::ConstructGameplayTagTree: GameplayTagTreeChangedEvent.Broadcast -  0.000 s
[2019.04.02-04.59.14:299][  0]LogAIModule: Creating AISystem for world Untitled
[2019.04.02-04.59.14:319][  0]LogInit: XAudio2 using 'Speakers (Conexant SmartAudio HD)' : 2 channels at 48 kHz using 32 bits per sample (channel mask 0x3)
[2019.04.02-04.59.14:410][  0]LogInit: FAudioDevice initialized.
[2019.04.02-04.59.14:606][  0]LogDerivedDataCache: Saved boot cache 0.20s 155MB C:/Users/kvtuy/AppData/Local/UnrealEngine/4.19/DerivedDataCache/Boot.ddc.
[2019.04.02-04.59.14:637][  0]LogInit: Texture streaming: Enabled
[2019.04.02-04.59.14:667][  0]LogEngineSessionManager: EngineSessionManager initialized
[2019.04.02-04.59.14:936][  0]LogInit: Transaction tracking system initialized
[2019.04.02-04.59.15:169][  0]BlueprintLog: New page: Editor Load
[2019.04.02-04.59.15:726][  0]LocalizationService: Localization service is disabled
[2019.04.02-04.59.15:933][  0]LogConsoleResponse: Display: 
[2019.04.02-04.59.16:389][  0]LogCook: Display: Max memory allowance for cook 16384mb min free memory 0mb
[2019.04.02-04.59.16:389][  0]LogCook: Display: Mobile HDR setting 1
[2019.04.02-04.59.16:389][  0]LogGameplayTags: Display: UGameplayTagsManager::DoneAddingNativeTags. DelegateIsBound: 0
[2019.04.02-04.59.16:389][  0]LogStats: UGameplayTagsManager::ConstructGameplayTagTree: Construct from data asset -  0.000 s
[2019.04.02-04.59.16:389][  0]LogStats: UGameplayTagsManager::ConstructGameplayTagTree: GameplayTagTreeChangedEvent.Broadcast -  0.000 s
[2019.04.02-04.59.16:487][  0]LogFileCache: Scanning file cache for directory 'D:/KVT/Unreal Engine 4/Resident Evil Hunk/ResidentEvil/Content/' took 0.02s
[2019.04.02-04.59.17:269][  0]SourceControl: Source control is disabled
[2019.04.02-04.59.17:270][  0]Cmd: MAP LOAD FILE="../../../../../../KVT/Unreal Engine 4/Resident Evil Hunk/ResidentEvil/Content/MyMap/Map01.umap" TEMPLATE=0 SHOWPROGRESS=1 FEATURELEVEL=3
[2019.04.02-04.59.17:273][  0]LightingResults: New page: Lighting Build
[2019.04.02-04.59.17:281][  0]MapCheck: New page: Map Check
[2019.04.02-04.59.17:281][  0]LightingResults: New page: Lighting Build
[2019.04.02-04.59.17:316][  0]LogUObjectGlobals: Destroyed PersistentFrame Addr=0x0000015c059ad7b0, Size=72
[2019.04.02-04.59.17:973][  0]LogAIModule: Creating AISystem for world Map01
[2019.04.02-04.59.18:104][  0]LogEditorServer: Finished looking for orphan Actors (0.000 secs)
[2019.04.02-04.59.18:138][  0]Cmd: MAP CHECKDEP NOCLEARLOG
[2019.04.02-04.59.18:232][  0]MapCheck: Map check complete: 0 Error(s), 0 Warning(s), took 94.062ms to complete.
[2019.04.02-04.59.18:232][  0]LogFileHelpers: Loading map 'Map01' took 0.963
[2019.04.02-04.59.18:456][  0]LogCollectionManager: Loaded 0 collections in 0.002266 seconds
[2019.04.02-04.59.18:517][  0]LogFileCache: Scanning file cache for directory 'D:/KVT/Unreal Engine 4/Resident Evil Hunk/ResidentEvil/Saved/Collections/' took 0.01s
[2019.04.02-04.59.18:517][  0]LogFileCache: Scanning file cache for directory 'D:/KVT/Unreal Engine 4/Resident Evil Hunk/ResidentEvil/Content/Developers/kvtuy/Collections/' took 0.01s
[2019.04.02-04.59.18:517][  0]LogFileCache: Scanning file cache for directory 'D:/KVT/Unreal Engine 4/Resident Evil Hunk/ResidentEvil/Content/Collections/' took 0.01s
[2019.04.02-04.59.18:517][  0]LogCollectionManager: Rebuilt the GUID cache for 0 collections in 0.000000 seconds
[2019.04.02-04.59.18:544][  0]LogContentBrowser: Native class hierarchy populated in 0.0250 seconds. Added 2461 classes and 569 folders.
[2019.04.02-04.59.18:565][  0]LogContentBrowser: Native class hierarchy updated for 'WidgetCarousel' in 0.0078 seconds. Added 0 classes and 0 folders.
[2019.04.02-04.59.18:732][  0]LogContentBrowser: Native class hierarchy updated for 'AddContentDialog' in 0.0086 seconds. Added 0 classes and 0 folders.
[2019.04.02-04.59.18:751][  0]LogContentBrowser: Native class hierarchy updated for 'SceneOutliner' in 0.0069 seconds. Added 1 classes and 2 folders.
[2019.04.02-04.59.18:830][  0]LogSlate: Took 0.001250 seconds to synchronously load lazily loaded font '../../../Engine/Content/Slate/Fonts/Roboto-Regular.ttf' (155K)
[2019.04.02-04.59.18:835][  0]LogSlate: Took 0.001734 seconds to synchronously load lazily loaded font '../../../Engine/Content/Slate/Fonts/Roboto-Bold.ttf' (160K)
[2019.04.02-04.59.18:846][  0]LogSlate: Took 0.001100 seconds to synchronously load lazily loaded font '../../../Engine/Content/Editor/Slate/Fonts/FontAwesome.ttf' (139K)
[2019.04.02-04.59.19:025][  0]LogRenderer: Reallocating scene render targets to support 856x380 Format 10 NumSamples 1 (Frame:1).
[2019.04.02-04.59.20:241][  0]LogSlate: FSceneViewport::OnFocusLost() reason 2
[2019.04.02-04.59.20:277][  0]LogSlate: Window 'Tutorials' being destroyed
[2019.04.02-04.59.20:319][  0]LogContentBrowser: Native class hierarchy updated for 'HierarchicalLODOutliner' in 0.0071 seconds. Added 0 classes and 0 folders.
[2019.04.02-04.59.20:319][  0]LogLoad: (Engine Initialization) Total time: 68.76 seconds
[2019.04.02-04.59.20:320][  0]LogLoad: (Engine Initialization) Total Blueprint compile time: 0.00 seconds
[2019.04.02-04.59.20:693][  0]LogContentStreaming: Texture pool size now 1000 MB
[2019.04.02-04.59.20:761][  0]LogSlate: Took 0.001354 seconds to synchronously load lazily loaded font '../../../Engine/Content/Slate/Fonts/Roboto-Light.ttf' (167K)
[2019.04.02-04.59.21:695][  3]LogSlate: Took 0.000240 seconds to synchronously load lazily loaded font '../../../Engine/Content/Slate/Fonts/Roboto-Light.ttf' (167K)
[2019.04.02-04.59.22:001][  4]LogAssetRegistry: Asset discovery search completed in 62.1843 seconds
[2019.04.02-04.59.22:003][  4]LogCollectionManager: Rebuilt the object cache for 0 collections in 0.000000 seconds (found 0 objects)
[2019.04.02-04.59.22:003][  4]LogCollectionManager: Fixed up redirectors for 0 collections in 0.000065 seconds (updated 0 objects)
[2019.04.02-04.59.57:665][310]LogSlate: FSceneViewport::OnFocusLost() reason 0
[2019.04.02-05.01.50:041][387]LogAssetTools: Warning: Failed to import 'D:\KVT\Unity\Text\Text\Assets\genSWAT\Textures\Mercenary\MERC_G.tif'. Unknown extension 'tif'.
[2019.04.02-05.01.50:057][387]LogAssetTools: Warning: Failed to import 'D:\KVT\Unity\Text\Text\Assets\genSWAT\Textures\Mercenary\MERC_NM.tif'. Unknown extension 'tif'.
[2019.04.02-05.01.50:073][387]LogAssetTools: Warning: Failed to import 'D:\KVT\Unity\Text\Text\Assets\genSWAT\Textures\Mercenary\MERC_S.tif'. Unknown extension 'tif'.
[2019.04.02-05.01.50:085][387]LogAssetTools: Warning: Failed to import 'D:\KVT\Unity\Text\Text\Assets\genSWAT\Textures\Mercenary\MERC_D.tif'. Unknown extension 'tif'.
[2019.04.02-05.04.06:566][488]AssetReimport: New page: Outstanding source content changes 7:04:06 PM
[2019.04.02-05.04.06:611][488]LogFactory: FactoryCreateFile: Texture with ReimportTextureFactory (0 0 D:/KVT/Unreal Engine 4/Resident Evil Hunk/ResidentEvil/Content/MyCharacter/Hunk/Texture/MERC_D.png)
[2019.04.02-05.04.21:767][488]LogD3D11RHI: Error: Result failed 
 at D:\Build\++UE4+Release-4.19+Compile\Sync\Engine\Source\Runtime\Windows\D3D11RHI\Private\D3D11Viewport.cpp:303 
 with error DXGI_ERROR_DEVICE_REMOVED DXGI_ERROR_DEVICE_REMOVED
[2019.04.02-05.04.21:767][488]LogRHI: Error: [Aftermath] Status: PageFault
[2019.04.02-05.04.21:767][488]LogRHI: Error: [Aftermath] GPU Stack Dump
[2019.04.02-05.04.21:767][488]LogRHI: Error: [Aftermath] GPU Stack Dump
[2019.04.02-05.04.21:770][488]LogWindows: Windows GetLastError: The operation completed successfully. (0)
[2019.04.02-05.04.23:341][488]LogWindows: Windows GetLastError: The operation completed successfully. (0)
[2019.04.02-05.04.23:341][488]LogWindows: Error: === Critical error: ===
[2019.04.02-05.04.23:341][488]LogWindows: Error: 
[2019.04.02-05.04.23:341][488]LogWindows: Error: Fatal error: [File:D:\Build\++UE4+Release-4.19+Compile\Sync\Engine\Source\Runtime\RenderCore\Private\RenderingThread.cpp] [Line: 819] 
[2019.04.02-05.04.23:341][488]LogWindows: Error: Rendering thread exception:
[2019.04.02-05.04.23:341][488]LogWindows: Error: Fatal error: [File:D:\Build\++UE4+Release-4.19+Compile\Sync\Engine\Source\Runtime\Windows\D3D11RHI\Private\D3D11Util.cpp] [Line: 182] 
[2019.04.02-05.04.23:341][488]LogWindows: Error: Unreal Engine is exiting due to D3D device being lost. (Error: 0x887A0005 - 'REMOVED')
[2019.04.02-05.04.23:341][488]LogWindows: Error: 
[2019.04.02-05.04.23:341][488]LogWindows: Error: 
[2019.04.02-05.04.23:341][488]LogWindows: Error: [Callstack] 0x00000000569A9149 KERNELBASE.dll!UnknownFunction []
[2019.04.02-05.04.23:341][488]LogWindows: Error: [Callstack] 0x0000000034F07884 UE4Editor-ApplicationCore.dll!UnknownFunction []
[2019.04.02-05.04.23:341][488]LogWindows: Error: [Callstack] 0x000000000F0C6D9B UE4Editor-Core.dll!UnknownFunction []
[2019.04.02-05.04.23:341][488]LogWindows: Error: [Callstack] 0x000000000F001949 UE4Editor-Core.dll!UnknownFunction []
[2019.04.02-05.04.23:341][488]LogWindows: Error: [Callstack] 0x0000000001C5A0CF UE4Editor-D3D11RHI.dll!UnknownFunction []
[2019.04.02-05.04.23:341][488]LogWindows: Error: [Callstack] 0x0000000001C5E5E0 UE4Editor-D3D11RHI.dll!UnknownFunction []
[2019.04.02-05.04.23:341][488]LogWindows: Error: [Callstack] 0x0000000001C3D62A UE4Editor-D3D11RHI.dll!UnknownFunction []
[2019.04.02-05.04.23:341][488]LogWindows: Error: [Callstack] 0x0000000001C3D58C UE4Editor-D3D11RHI.dll!UnknownFunction []
[2019.04.02-05.04.23:341][488]LogWindows: Error: [Callstack] 0x0000000001C4AADF UE4Editor-D3D11RHI.dll!UnknownFunction []
[2019.04.02-05.04.23:341][488]LogWindows: Error: [Callstack] 0x000000002456F0B6 UE4Editor-RHI.dll!UnknownFunction []
[2019.04.02-05.04.23:341][488]LogWindows: Error: [Callstack] 0x00000000019F1FF8 UE4Editor-SlateRHIRenderer.dll!UnknownFunction []
[2019.04.02-05.04.23:341][488]LogWindows: Error: [Callstack] 0x00000000019F7C4C UE4Editor-SlateRHIRenderer.dll!UnknownFunction []
[2019.04.02-05.04.23:341][488]LogWindows: Error: [Callstack] 0x000000000EEDB713 UE4Editor-Core.dll!UnknownFunction []
[2019.04.02-05.04.23:341][488]LogWindows: Error: [Callstack] 0x000000000EEDBD3A UE4Editor-Core.dll!UnknownFunction []
[2019.04.02-05.04.23:341][488]LogWindows: Error: [Callstack] 0x0000000036EA3CC9 UE4Editor-RenderCore.dll!UnknownFunction []
[2019.04.02-05.04.23:341][488]LogWindows: Error: [Callstack] 0x0000000036EA4CF6 UE4Editor-RenderCore.dll!UnknownFunction []
[2019.04.02-05.04.23:341][488]LogWindows: Error: [Callstack] 0x000000000F2A9FFC UE4Editor-Core.dll!UnknownFunction []
[2019.04.02-05.04.23:341][488]LogWindows: Error: [Callstack] 0x000000000F29ED63 UE4Editor-Core.dll!UnknownFunction []
[2019.04.02-05.04.23:341][488]LogWindows: Error: [Callstack] 0x0000000057EE81F4 KERNEL32.DLL!UnknownFunction []
[2019.04.02-05.04.23:341][488]LogWindows: Error: [Callstack] 0x0000000059D1A251 ntdll.dll!UnknownFunction []
[2019.04.02-05.04.23:341][488]LogWindows: Error: [Callstack] 0x0000000059D1A251 ntdll.dll!UnknownFunction []
[2019.04.02-05.04.23:341][488]LogWindows: Error: 
[2019.04.02-05.04.23:341][488]LogWindows: Error: 
[2019.04.02-05.04.23:341][488]LogWindows: Error: 
[2019.04.02-05.04.23:341][488]LogWindows: Error: 
[2019.04.02-05.04.23:356][488]LogExit: Executing StaticShutdownAfterError
[2019.04.02-05.04.23:386][488]LogWindows: FPlatformMisc::RequestExit(1)
[2019.04.02-05.04.23:386][488]Log file closed, 04/02/19 12:04:23
