Log file open, 03/26/19 11:02:18
LogWindows: Failed to load 'aqProf.dll' (GetLastError=126)
LogWindows: File 'aqProf.dll' does not exist
LogWindows: Failed to load 'VtuneApi.dll' (GetLastError=126)
LogWindows: File 'VtuneApi.dll' does not exist
LogWindows: Failed to load 'VtuneApi32e.dll' (GetLastError=126)
LogWindows: File 'VtuneApi32e.dll' does not exist
LogInit: Display: Running engine for game: ResidentEvil
LogPlatformFile: Not using cached read wrapper
LogInit: Display: RandInit(-413448733) SRandInit(-413448733).
LogInit: Read version file with build ID '3944462'
LogInit: Overriding engine version to CL 4033788, compatible CL 3944462
LogInit: Registered custom module enumerator with build ID '3944462'
LogTaskGraph: Started task graph with 5 named threads and 11 total threads with 3 sets of task threads.
LogStats: Stats thread started at 0.167136
LogD3D11RHI: Aftermath initialized
LogICUInternationalization: Display: ICU TimeZone Detection - Raw Offset: +7:00, Platform Override: ''
LogPluginManager: Mounting plugin Paper2D
LogPluginManager: Mounting plugin LiveLink
LogPluginManager: Mounting plugin LightPropagationVolume
LogPluginManager: Mounting plugin CLionSourceCodeAccess
LogPluginManager: Mounting plugin CodeLiteSourceCodeAccess
LogPluginManager: Mounting plugin GitSourceControl
LogPluginManager: Mounting plugin KDevelopSourceCodeAccess
LogPluginManager: Mounting plugin NullSourceCodeAccess
LogPluginManager: Mounting plugin PerforceSourceControl
LogPluginManager: Mounting plugin SubversionSourceControl
LogPluginManager: Mounting plugin UObjectPlugin
LogPluginManager: Mounting plugin VisualStudioCodeSourceCodeAccess
LogPluginManager: Mounting plugin VisualStudioSourceCodeAccess
LogPluginManager: Mounting plugin XCodeSourceCodeAccess
LogPluginManager: Mounting plugin AssetManagerEditor
LogPluginManager: Mounting plugin CryptoKeys
LogPluginManager: Mounting plugin DataValidation
LogPluginManager: Mounting plugin FacialAnimation
LogPluginManager: Mounting plugin GameplayTagsEditor
LogPluginManager: Mounting plugin MobileLauncherProfileWizard
LogPluginManager: Mounting plugin PluginBrowser
LogPluginManager: Mounting plugin SpeedTreeImporter
LogPluginManager: Mounting plugin DatasmithContent
LogPluginManager: Mounting plugin AlembicImporter
LogPluginManager: Mounting plugin CharacterAI
LogPluginManager: Mounting plugin HTML5Networking
LogPluginManager: Mounting plugin AndroidMedia
LogPluginManager: Mounting plugin AvfMedia
LogPluginManager: Mounting plugin ImgMedia
LogPluginManager: Mounting plugin LinearTimecode
LogPluginManager: Mounting plugin MediaCompositing
LogPluginManager: Mounting plugin MediaPlayerEditor
LogPluginManager: Mounting plugin WmfMedia
LogPluginManager: Mounting plugin TcpMessaging
LogPluginManager: Mounting plugin UdpMessaging
LogPluginManager: Mounting plugin ActorSequence
LogPluginManager: Mounting plugin LevelSequenceEditor
LogPluginManager: Mounting plugin MatineeToLevelSequence
LogPluginManager: Mounting plugin NetcodeUnitTest
LogPluginManager: Mounting plugin NUTUnrealEngine4
LogPluginManager: Mounting plugin OnlineSubsystemGooglePlay
LogPluginManager: Mounting plugin OnlineSubsystemIOS
LogPluginManager: Mounting plugin OnlineSubsystem
LogPluginManager: Mounting plugin OnlineSubsystemNull
LogPluginManager: Mounting plugin OnlineSubsystemUtils
LogPluginManager: Mounting plugin AndroidDeviceProfileSelector
LogPluginManager: Mounting plugin AndroidMoviePlayer
LogPluginManager: Mounting plugin AndroidPermission
LogPluginManager: Mounting plugin AppleARKit
LogPluginManager: Mounting plugin AppleMoviePlayer
LogPluginManager: Mounting plugin ArchVisCharacter
LogPluginManager: Mounting plugin AudioCapture
LogPluginManager: Mounting plugin CableComponent
LogPluginManager: Mounting plugin CustomMeshComponent
LogPluginManager: Mounting plugin ExampleDeviceProfileSelector
LogPluginManager: Mounting plugin GoogleCloudMessaging
LogPluginManager: Mounting plugin ImmediatePhysics
LogPluginManager: Mounting plugin IOSDeviceProfileSelector
LogPluginManager: Mounting plugin LinuxDeviceProfileSelector
LogPluginManager: Mounting plugin LocationServicesBPLibrary
LogPluginManager: Mounting plugin MobilePatchingUtils
LogPluginManager: Mounting plugin OculusVR
LogPluginManager: Plugin shader directory ../../../Engine/Plugins/Runtime/Oculus/OculusVR/Shaders found
LogPluginManager: Mapping shader source directory ../../../Engine/Plugins/Runtime/Oculus/OculusVR/Shaders to virtual directory /Plugin/OculusVR
LogPluginManager: Mounting plugin PhysXVehicles
LogPluginManager: Mounting plugin ProceduralMeshComponent
LogPluginManager: Mounting plugin RuntimePhysXCooking
LogPluginManager: Mounting plugin SteamVR
LogPluginManager: Mounting plugin WindowsMoviePlayer
LogStreaming: Display: Took  0.098s to configure plugins.
LogModuleManager: Display: Found up-to-date module file ../../../../../../KVT/Unreal Engine 4/Resident Evil Hunk/ResidentEvil/Binaries/Win64/UE4Editor-ResidentEvil.dll (API version 3944462).
LogModuleManager: Display: Found up-to-date module file ../../../Engine/Plugins/2D/Paper2D/Binaries/Win64/UE4Editor-Paper2D.dll (API version 3944462).
LogModuleManager: Display: Found up-to-date module file ../../../Engine/Plugins/2D/Paper2D/Binaries/Win64/UE4Editor-Paper2DEditor.dll (API version 3944462).
LogModuleManager: Display: Found up-to-date module file ../../../Engine/Plugins/2D/Paper2D/Binaries/Win64/UE4Editor-PaperSpriteSheetImporter.dll (API version 3944462).
LogModuleManager: Display: Found up-to-date module file ../../../Engine/Plugins/2D/Paper2D/Binaries/Win64/UE4Editor-PaperTiledImporter.dll (API version 3944462).
LogModuleManager: Display: Found up-to-date module file ../../../Engine/Plugins/2D/Paper2D/Binaries/Win64/UE4Editor-SmartSnapping.dll (API version 3944462).
LogModuleManager: Display: Found up-to-date module file ../../../Engine/Plugins/Animation/LiveLink/Binaries/Win64/UE4Editor-LiveLink.dll (API version 3944462).
LogModuleManager: Display: Found up-to-date module file ../../../Engine/Plugins/Animation/LiveLink/Binaries/Win64/UE4Editor-LiveLinkEditor.dll (API version 3944462).
LogModuleManager: Display: Found up-to-date module file ../../../Engine/Plugins/Blendables/LightPropagationVolume/Binaries/Win64/UE4Editor-LightPropagationVolumeRuntime.dll (API version 3944462).
LogModuleManager: Display: Found up-to-date module file ../../../Engine/Plugins/Blendables/LightPropagationVolume/Binaries/Win64/UE4Editor-LightPropagationVolumeEditor.dll (API version 3944462).
LogModuleManager: Display: Found up-to-date module file ../../../Engine/Plugins/Developer/CLionSourceCodeAccess/Binaries/Win64/UE4Editor-CLionSourceCodeAccess.dll (API version 3944462).
LogModuleManager: Display: Found up-to-date module file ../../../Engine/Plugins/Developer/GitSourceControl/Binaries/Win64/UE4Editor-GitSourceControl.dll (API version 3944462).
LogModuleManager: Display: Found up-to-date module file ../../../Engine/Plugins/Developer/PerforceSourceControl/Binaries/Win64/UE4Editor-PerforceSourceControl.dll (API version 3944462).
LogModuleManager: Display: Found up-to-date module file ../../../Engine/Plugins/Developer/SubversionSourceControl/Binaries/Win64/UE4Editor-SubversionSourceControl.dll (API version 3944462).
LogModuleManager: Display: Found up-to-date module file ../../../Engine/Plugins/Developer/UObjectPlugin/Binaries/Win64/UE4Editor-UObjectPlugin.dll (API version 3944462).
LogModuleManager: Display: Found up-to-date module file ../../../Engine/Plugins/Developer/VisualStudioCodeSourceCodeAccess/Binaries/Win64/UE4Editor-VisualStudioCodeSourceCodeAccess.dll (API version 3944462).
LogModuleManager: Display: Found up-to-date module file ../../../Engine/Plugins/Developer/VisualStudioSourceCodeAccess/Binaries/Win64/UE4Editor-VisualStudioSourceCodeAccess.dll (API version 3944462).
LogModuleManager: Display: Found up-to-date module file ../../../Engine/Plugins/Editor/AssetManagerEditor/Binaries/Win64/UE4Editor-AssetManagerEditor.dll (API version 3944462).
LogModuleManager: Display: Found up-to-date module file ../../../Engine/Plugins/Editor/CryptoKeys/Binaries/Win64/UE4Editor-CryptoKeys.dll (API version 3944462).
LogModuleManager: Display: Found up-to-date module file ../../../Engine/Plugins/Editor/CryptoKeys/Binaries/Win64/UE4Editor-CryptoKeysOpenSSL.dll (API version 3944462).
LogModuleManager: Display: Found up-to-date module file ../../../Engine/Plugins/Editor/DataValidation/Binaries/Win64/UE4Editor-DataValidation.dll (API version 3944462).
LogModuleManager: Display: Found up-to-date module file ../../../Engine/Plugins/Editor/FacialAnimation/Binaries/Win64/UE4Editor-FacialAnimation.dll (API version 3944462).
LogModuleManager: Display: Found up-to-date module file ../../../Engine/Plugins/Editor/FacialAnimation/Binaries/Win64/UE4Editor-FacialAnimationEditor.dll (API version 3944462).
LogModuleManager: Display: Found up-to-date module file ../../../Engine/Plugins/Editor/GameplayTagsEditor/Binaries/Win64/UE4Editor-GameplayTagsEditor.dll (API version 3944462).
LogModuleManager: Display: Found up-to-date module file ../../../Engine/Plugins/Editor/MobileLauncherProfileWizard/Binaries/Win64/UE4Editor-MobileLauncherProfileWizard.dll (API version 3944462).
LogModuleManager: Display: Found up-to-date module file ../../../Engine/Plugins/Editor/PluginBrowser/Binaries/Win64/UE4Editor-PluginBrowser.dll (API version 3944462).
LogModuleManager: Display: Found up-to-date module file ../../../Engine/Plugins/Editor/SpeedTreeImporter/Binaries/Win64/UE4Editor-SpeedTreeImporter.dll (API version 3944462).
LogModuleManager: Display: Found up-to-date module file ../../../Engine/Plugins/Enterprise/DatasmithContent/Binaries/Win64/UE4Editor-DatasmithContent.dll (API version 3944462).
LogModuleManager: Display: Found up-to-date module file ../../../Engine/Plugins/Experimental/AlembicImporter/Binaries/Win64/UE4Editor-AlembicImporter.dll (API version 3944462).
LogModuleManager: Display: Found up-to-date module file ../../../Engine/Plugins/Experimental/AlembicImporter/Binaries/Win64/UE4Editor-AlembicLibrary.dll (API version 3944462).
LogModuleManager: Display: Found up-to-date module file ../../../Engine/Plugins/Experimental/CharacterAI/Binaries/Win64/UE4Editor-CharacterAI.dll (API version 3944462).
LogModuleManager: Display: Found up-to-date module file ../../../Engine/Plugins/Experimental/HTML5Networking/Binaries/Win64/UE4Editor-HTML5Networking.dll (API version 3944462).
LogModuleManager: Display: Found up-to-date module file ../../../Engine/Plugins/Media/AndroidMedia/Binaries/Win64/UE4Editor-AndroidMediaEditor.dll (API version 3944462).
LogModuleManager: Display: Found up-to-date module file ../../../Engine/Plugins/Media/AndroidMedia/Binaries/Win64/UE4Editor-AndroidMediaFactory.dll (API version 3944462).
LogModuleManager: Display: Found up-to-date module file ../../../Engine/Plugins/Media/AvfMedia/Binaries/Win64/UE4Editor-AvfMediaEditor.dll (API version 3944462).
LogModuleManager: Display: Found up-to-date module file ../../../Engine/Plugins/Media/AvfMedia/Binaries/Win64/UE4Editor-AvfMediaFactory.dll (API version 3944462).
LogModuleManager: Display: Found up-to-date module file ../../../Engine/Plugins/Media/AvfMedia/Binaries/Win64/UE4Editor-AvfMediaFactory.dll (API version 3944462).
LogModuleManager: Display: Found up-to-date module file ../../../Engine/Plugins/Media/ImgMedia/Binaries/Win64/UE4Editor-ImgMedia.dll (API version 3944462).
LogModuleManager: Display: Found up-to-date module file ../../../Engine/Plugins/Media/ImgMedia/Binaries/Win64/UE4Editor-ImgMediaEditor.dll (API version 3944462).
LogModuleManager: Display: Found up-to-date module file ../../../Engine/Plugins/Media/ImgMedia/Binaries/Win64/UE4Editor-ImgMediaFactory.dll (API version 3944462).
LogModuleManager: Display: Found up-to-date module file ../../../Engine/Plugins/Media/ImgMedia/Binaries/Win64/UE4Editor-ImgMediaFactory.dll (API version 3944462).
LogModuleManager: Display: Found up-to-date module file ../../../Engine/Plugins/Media/ImgMedia/Binaries/Win64/UE4Editor-OpenExrWrapper.dll (API version 3944462).
LogModuleManager: Display: Found up-to-date module file ../../../Engine/Plugins/Media/LinearTimecode/Binaries/Win64/UE4Editor-LinearTimecode.dll (API version 3944462).
LogModuleManager: Display: Found up-to-date module file ../../../Engine/Plugins/Media/MediaCompositing/Binaries/Win64/UE4Editor-MediaCompositing.dll (API version 3944462).
LogModuleManager: Display: Found up-to-date module file ../../../Engine/Plugins/Media/MediaCompositing/Binaries/Win64/UE4Editor-MediaCompositingEditor.dll (API version 3944462).
LogModuleManager: Display: Found up-to-date module file ../../../Engine/Plugins/Media/MediaPlayerEditor/Binaries/Win64/UE4Editor-MediaPlayerEditor.dll (API version 3944462).
LogModuleManager: Display: Found up-to-date module file ../../../Engine/Plugins/Media/WmfMedia/Binaries/Win64/UE4Editor-WmfMedia.dll (API version 3944462).
LogModuleManager: Display: Found up-to-date module file ../../../Engine/Plugins/Media/WmfMedia/Binaries/Win64/UE4Editor-WmfMediaEditor.dll (API version 3944462).
LogModuleManager: Display: Found up-to-date module file ../../../Engine/Plugins/Media/WmfMedia/Binaries/Win64/UE4Editor-WmfMediaFactory.dll (API version 3944462).
LogModuleManager: Display: Found up-to-date module file ../../../Engine/Plugins/Media/WmfMedia/Binaries/Win64/UE4Editor-WmfMediaFactory.dll (API version 3944462).
LogModuleManager: Display: Found up-to-date module file ../../../Engine/Plugins/Messaging/TcpMessaging/Binaries/Win64/UE4Editor-TcpMessaging.dll (API version 3944462).
LogModuleManager: Display: Found up-to-date module file ../../../Engine/Plugins/Messaging/UdpMessaging/Binaries/Win64/UE4Editor-UdpMessaging.dll (API version 3944462).
LogModuleManager: Display: Found up-to-date module file ../../../Engine/Plugins/MovieScene/ActorSequence/Binaries/Win64/UE4Editor-ActorSequence.dll (API version 3944462).
LogModuleManager: Display: Found up-to-date module file ../../../Engine/Plugins/MovieScene/LevelSequenceEditor/Binaries/Win64/UE4Editor-LevelSequenceEditor.dll (API version 3944462).
LogModuleManager: Display: Found up-to-date module file ../../../Engine/Plugins/MovieScene/MatineeToLevelSequence/Binaries/Win64/UE4Editor-MatineeToLevelSequence.dll (API version 3944462).
LogModuleManager: Display: Found up-to-date module file ../../../Engine/Plugins/NetcodeUnitTest/NetcodeUnitTest/Binaries/Win64/UE4Editor-NetcodeUnitTest.dll (API version 3944462).
LogModuleManager: Display: Found up-to-date module file ../../../Engine/Plugins/NetcodeUnitTest/NUTUnrealEngine4/Binaries/Win64/UE4Editor-NUTUnrealEngine4.dll (API version 3944462).
LogModuleManager: Display: Found up-to-date module file ../../../Engine/Plugins/Online/OnlineSubsystem/Binaries/Win64/UE4Editor-OnlineSubsystem.dll (API version 3944462).
LogModuleManager: Display: Found up-to-date module file ../../../Engine/Plugins/Online/OnlineSubsystemNull/Binaries/Win64/UE4Editor-OnlineSubsystemNull.dll (API version 3944462).
LogModuleManager: Display: Found up-to-date module file ../../../Engine/Plugins/Online/OnlineSubsystemUtils/Binaries/Win64/UE4Editor-OnlineSubsystemUtils.dll (API version 3944462).
LogModuleManager: Display: Found up-to-date module file ../../../Engine/Plugins/Online/OnlineSubsystemUtils/Binaries/Win64/UE4Editor-OnlineBlueprintSupport.dll (API version 3944462).
LogModuleManager: Display: Found up-to-date module file ../../../Engine/Plugins/Runtime/AndroidDeviceProfileSelector/Binaries/Win64/UE4Editor-AndroidDeviceProfileSelector.dll (API version 3944462).
LogModuleManager: Display: Found up-to-date module file ../../../Engine/Plugins/Runtime/AndroidPermission/Binaries/Win64/UE4Editor-AndroidPermission.dll (API version 3944462).
LogModuleManager: Display: Found up-to-date module file ../../../Engine/Plugins/Runtime/AppleARKit/Binaries/Win64/UE4Editor-AppleARKit.dll (API version 3944462).
LogModuleManager: Display: Found up-to-date module file ../../../Engine/Plugins/Runtime/ArchVisCharacter/Binaries/Win64/UE4Editor-ArchVisCharacter.dll (API version 3944462).
LogModuleManager: Display: Found up-to-date module file ../../../Engine/Plugins/Runtime/AudioCapture/Binaries/Win64/UE4Editor-AudioCapture.dll (API version 3944462).
LogModuleManager: Display: Found up-to-date module file ../../../Engine/Plugins/Runtime/AudioCapture/Binaries/Win64/UE4Editor-AudioCaptureEditor.dll (API version 3944462).
LogModuleManager: Display: Found up-to-date module file ../../../Engine/Plugins/Runtime/CableComponent/Binaries/Win64/UE4Editor-CableComponent.dll (API version 3944462).
LogModuleManager: Display: Found up-to-date module file ../../../Engine/Plugins/Runtime/CustomMeshComponent/Binaries/Win64/UE4Editor-CustomMeshComponent.dll (API version 3944462).
LogModuleManager: Display: Found up-to-date module file ../../../Engine/Plugins/Runtime/ExampleDeviceProfileSelector/Binaries/Win64/UE4Editor-ExampleDeviceProfileSelector.dll (API version 3944462).
LogModuleManager: Display: Found up-to-date module file ../../../Engine/Plugins/Runtime/ImmediatePhysics/Binaries/Win64/UE4Editor-ImmediatePhysics.dll (API version 3944462).
LogModuleManager: Display: Found up-to-date module file ../../../Engine/Plugins/Runtime/ImmediatePhysics/Binaries/Win64/UE4Editor-ImmediatePhysicsEditor.dll (API version 3944462).
LogModuleManager: Display: Found up-to-date module file ../../../Engine/Plugins/Runtime/LocationServicesBPLibrary/Binaries/Win64/UE4Editor-LocationServicesBPLibrary.dll (API version 3944462).
LogModuleManager: Display: Found up-to-date module file ../../../Engine/Plugins/Runtime/MobilePatchingUtils/Binaries/Win64/UE4Editor-MobilePatchingUtils.dll (API version 3944462).
LogModuleManager: Display: Found up-to-date module file ../../../Engine/Plugins/Runtime/Oculus/OculusVR/Binaries/Win64/UE4Editor-OculusHMD.dll (API version 3944462).
LogModuleManager: Display: Found up-to-date module file ../../../Engine/Plugins/Runtime/Oculus/OculusVR/Binaries/Win64/UE4Editor-OculusInput.dll (API version 3944462).
LogModuleManager: Display: Found up-to-date module file ../../../Engine/Plugins/Runtime/Oculus/OculusVR/Binaries/Win64/UE4Editor-OculusEditor.dll (API version 3944462).
LogModuleManager: Display: Found up-to-date module file ../../../Engine/Plugins/Runtime/PhysXVehicles/Binaries/Win64/UE4Editor-PhysXVehicles.dll (API version 3944462).
LogModuleManager: Display: Found up-to-date module file ../../../Engine/Plugins/Runtime/PhysXVehicles/Binaries/Win64/UE4Editor-PhysXVehiclesEditor.dll (API version 3944462).
LogModuleManager: Display: Found up-to-date module file ../../../Engine/Plugins/Runtime/ProceduralMeshComponent/Binaries/Win64/UE4Editor-ProceduralMeshComponent.dll (API version 3944462).
LogModuleManager: Display: Found up-to-date module file ../../../Engine/Plugins/Runtime/ProceduralMeshComponent/Binaries/Win64/UE4Editor-ProceduralMeshComponentEditor.dll (API version 3944462).
LogModuleManager: Display: Found up-to-date module file ../../../Engine/Plugins/Runtime/RuntimePhysXCooking/Binaries/Win64/UE4Editor-RuntimePhysXCooking.dll (API version 3944462).
LogModuleManager: Display: Found up-to-date module file ../../../Engine/Plugins/Runtime/Steam/SteamVR/Binaries/Win64/UE4Editor-SteamVR.dll (API version 3944462).
LogModuleManager: Display: Found up-to-date module file ../../../Engine/Plugins/Runtime/Steam/SteamVR/Binaries/Win64/UE4Editor-SteamVRController.dll (API version 3944462).
LogModuleManager: Display: Found up-to-date module file ../../../Engine/Plugins/Runtime/WindowsMoviePlayer/Binaries/Win64/UE4Editor-WindowsMoviePlayer.dll (API version 3944462).
LogInit: Using libcurl 7.47.1
LogInit:  - built for x86_64-pc-win32
LogInit:  - supports SSL with OpenSSL/1.0.2g
LogInit:  - supports HTTP deflate (compression) using libz 1.2.8
LogInit:  - other features:
LogInit:      CURL_VERSION_SSL
LogInit:      CURL_VERSION_LIBZ
LogInit:      CURL_VERSION_IPV6
LogInit:      CURL_VERSION_ASYNCHDNS
LogInit:      CURL_VERSION_LARGEFILE
LogInit:      CURL_VERSION_IDN
LogInit:  CurlRequestOptions (configurable via config and command line):
LogInit:  - bVerifyPeer = false  - Libcurl will NOT verify peer certificate
LogInit:  - bUseHttpProxy = false  - Libcurl will NOT use HTTP proxy
LogInit:  - bDontReuseConnections = false  - Libcurl will reuse connections
LogInit:  - CertBundlePath = nullptr  - Libcurl will use whatever was configured at build time.
LogInit:  - MaxHostConnections = 16  - Libcurl will limit the number of connections to a host
LogInit:  - LocalHostAddr = Default
LogInit: WinSock: version 1.1 (2.2), MaxSocks=32767, MaxUdp=65467
LogInit: WinSock: I am DESKTOP-151KF17 (192.168.0.92:0)
LogInit: Build: ++UE4+Release-4.19-CL-4033788
LogInit: Engine Version: 4.19.2-4033788+++UE4+Release-4.19
LogInit: Compatible Engine Version: 4.19.0-3944462+++UE4+Release-4.19
LogInit: Net CL: 3944462
LogDevObjectVersion: Number of dev versions registered: 18
LogDevObjectVersion:   Dev-Blueprints (B0D832E4-1F89-4F0D-ACCF-7EB736FD4AA2): 10
LogDevObjectVersion:   Dev-Build (E1C64328-A22C-4D53-A36C-8E866417BD8C): 0
LogDevObjectVersion:   Dev-Core (375EC13C-06E4-48FB-B500-84F0262A717E): 2
LogDevObjectVersion:   Dev-Editor (E4B068ED-F494-42E9-A231-DA0B2E46BB41): 23
LogDevObjectVersion:   Dev-Framework (CFFC743F-43B0-4480-9391-14DF171D2073): 33
LogDevObjectVersion:   Dev-Mobile (B02B49B5-BB20-44E9-A304-32B752E40360): 2
LogDevObjectVersion:   Dev-Networking (A4E4105C-59A1-49B5-A7C5-40C4547EDFEE): 0
LogDevObjectVersion:   Dev-Online (39C831C9-5AE6-47DC-9A44-9C173E1C8E7C): 0
LogDevObjectVersion:   Dev-Physics (78F01B33-EBEA-4F98-B9B4-84EACCB95AA2): 0
LogDevObjectVersion:   Dev-Platform (6631380F-2D4D-43E0-8009-CF276956A95A): 0
LogDevObjectVersion:   Dev-Rendering (12F88B9F-8875-4AFC-A67C-D90C383ABD29): 25
LogDevObjectVersion:   Dev-Sequencer (7B5AE74C-D270-4C10-A958-57980B212A5A): 6
LogDevObjectVersion:   Dev-VR (D7296918-1DD6-4BDD-9DE2-64A83CC13884): 1
LogDevObjectVersion:   Dev-LoadTimes (C2A15278-BFE7-4AFE-6C17-90FF531DF755): 1
LogDevObjectVersion:   Private-Geometry (6EACA3D4-40EC-4CC1-B786-8BED09428FC5): 2
LogDevObjectVersion:   Dev-AnimPhys (29E575DD-E0A3-4627-9D10-D276232CDCEA): 16
LogDevObjectVersion:   Dev-ReflectionCapture (6B266CEC-1EC7-4B8F-A30B-E4D90942FC07): 1
LogDevObjectVersion:   Dev-Automation (0DF73D61-A23F-47EA-B727-89E90C41499A): 1
LogInit: Compiled (64-bit): Apr 27 2018 02:06:57
LogInit: Compiled with Visual C++: 19.00.24215.01
LogInit: Build Configuration: Development
LogInit: Branch Name: ++UE4+Release-4.19
LogInit: Command Line:  -skipcompile
LogInit: Base Directory: D:/Cai Dat/UE4/UE_4.19/Engine/Binaries/Win64/
LogInit: Installed Engine Build: 1
LogStreaming: Display: Took  0.002s to delete old logs.
LogInit: Presizing for max 8388607 objects, including 0 objects not considered by GC, pre-allocating 0 bytes for permanent pool.
LogInit: Object subsystem initialized
[2019.03.26-04.02.20:120][  0]LogInit: Selected Device Profile: [Windows]
[2019.03.26-04.02.20:120][  0]LogInit: Applying CVar settings loaded from the selected device profile: [Windows]
[2019.03.26-04.02.20:133][  0]LogInit: Computer: DESKTOP-151KF17
[2019.03.26-04.02.20:133][  0]LogInit: User: kvtuy
[2019.03.26-04.02.20:133][  0]LogInit: CPU Page size=4096, Cores=2
[2019.03.26-04.02.20:133][  0]LogInit: High frequency timer resolution =10.000000 MHz
[2019.03.26-04.02.20:133][  0]LogMemory: Memory total: Physical=15.9GB (16GB approx)
[2019.03.26-04.02.20:133][  0]LogMemory: Platform Memory Stats for Windows
[2019.03.26-04.02.20:134][  0]LogMemory: Process Physical Memory: 273.07 MB used, 273.08 MB peak
[2019.03.26-04.02.20:134][  0]LogMemory: Process Virtual Memory: 265.78 MB used, 265.78 MB peak
[2019.03.26-04.02.20:134][  0]LogMemory: Physical Memory: 4515.39 MB used,  11757.60 MB free, 16272.99 MB total
[2019.03.26-04.02.20:134][  0]LogMemory: Virtual Memory: 4780.39 MB used,  11757.60 MB free, 134217728.00 MB total
[2019.03.26-04.02.20:150][  0]LogInit: Using OS detected language (en-US).
[2019.03.26-04.02.20:150][  0]LogInit: Using OS detected locale (en-US).
[2019.03.26-04.02.20:153][  0]LogTextLocalizationManager: No specific localization for 'en-US' exists, so the 'en' localization will be used.
[2019.03.26-04.02.20:592][  0]LogStreaming: Display: Took  0.442s to EndInitTextLocalization.
[2019.03.26-04.02.20:593][  0]LogInit: Setting process to per monitor DPI aware
[2019.03.26-04.02.20:640][  0]LogSlate: New Slate User Created.  User Index 0, Is Virtual User: 0
[2019.03.26-04.02.20:640][  0]LogSlate: Slate User Registered.  User Index 0, Is Virtual User: 0
[2019.03.26-04.02.20:913][  0]LogD3D11RHI: D3D11 adapters:
[2019.03.26-04.02.21:506][  0]LogD3D11RHI:    0. 'NVIDIA GeForce GTX 950M' (Feature Level 11_0)
[2019.03.26-04.02.21:506][  0]LogD3D11RHI:       4055/0/8136 MB DedicatedVideo/DedicatedSystem/SharedSystem, Outputs:1, VendorId:0x10de
[2019.03.26-04.02.21:514][  0]LogD3D11RHI:    1. 'Intel(R) HD Graphics 4600' (Feature Level 11_0)
[2019.03.26-04.02.21:514][  0]LogD3D11RHI:       112/0/2048 MB DedicatedVideo/DedicatedSystem/SharedSystem, Outputs:0, VendorId:0x8086
[2019.03.26-04.02.21:516][  0]LogD3D11RHI:    2. 'Microsoft Basic Render Driver' (Feature Level 11_0)
[2019.03.26-04.02.21:516][  0]LogD3D11RHI:       0/0/8136 MB DedicatedVideo/DedicatedSystem/SharedSystem, Outputs:0, VendorId:0x1414
[2019.03.26-04.02.21:516][  0]LogD3D11RHI: Chosen D3D11 Adapter: 0
[2019.03.26-04.02.21:546][  0]LogD3D11RHI: Creating new Direct3DDevice
[2019.03.26-04.02.21:546][  0]LogD3D11RHI:     GPU DeviceId: 0x139a (for the marketing name, search the web for "GPU Device Id")
[2019.03.26-04.02.21:546][  0]LogWindows: EnumDisplayDevices:
[2019.03.26-04.02.21:546][  0]LogWindows:    0. 'Intel(R) HD Graphics 4600' (P:1 D:1)
[2019.03.26-04.02.21:546][  0]LogWindows:    1. 'Intel(R) HD Graphics 4600' (P:0 D:0)
[2019.03.26-04.02.21:547][  0]LogWindows:    2. 'Intel(R) HD Graphics 4600' (P:0 D:0)
[2019.03.26-04.02.21:547][  0]LogWindows: DebugString: GetVideoDriverDetailsInvalid PrimaryIsNotTheChoosenAdapter GetVideoDriverDetailsInvalid PrimaryIsNotTheChoosenAdapter GetVideoDriverDetailsInvalid PrimaryIsNotTheChoosenAdapter FoundDriverCount:0 
[2019.03.26-04.02.21:547][  0]LogD3D11RHI:     Adapter Name: NVIDIA GeForce GTX 950M
[2019.03.26-04.02.21:547][  0]LogD3D11RHI:   Driver Version: Unknown (internal:Unknown, unified:Unknown)
[2019.03.26-04.02.21:547][  0]LogD3D11RHI:      Driver Date: Unknown
[2019.03.26-04.02.21:547][  0]LogRHI: Texture pool is 2839 MB (70% of 4055 MB)
[2019.03.26-04.02.21:603][  0]LogD3D11RHI: [Aftermath] Aftermath enabled and primed
[2019.03.26-04.02.21:603][  0]LogD3D11RHI: [Aftermath] Aftermath enabled and primed
[2019.03.26-04.02.21:604][  0]LogD3D11RHI: Async texture creation enabled
[2019.03.26-04.02.21:624][  0]LogD3D11RHI: GPU Timing Frequency: 1000.000000 (Debug: 2 2)
[2019.03.26-04.02.21:625][  0]LogShaderCompilers: Guid format shader working directory is -24 characters bigger than the processId version (../../../../../../KVT/Unreal Engine 4/Resident Evil Hunk/ResidentEvil/Intermediate/Shaders/WorkingDirectory/10288/).
[2019.03.26-04.02.21:625][  0]LogShaderCompilers: Cleaned the shader compiler working directory 'C:/Users/kvtuy/AppData/Local/Temp/UnrealShaderWorkingDir/F9D5D13A41BC7CDA135C639CD8AB2F41/'.
[2019.03.26-04.02.21:912][  0]LogTemp: Display: Loaded TP AllDesktopTargetPlatform
[2019.03.26-04.02.21:926][  0]LogTemp: Display: Loaded TP MacClientTargetPlatform
[2019.03.26-04.02.21:941][  0]LogTemp: Display: Loaded TP MacNoEditorTargetPlatform
[2019.03.26-04.02.21:955][  0]LogTemp: Display: Loaded TP MacServerTargetPlatform
[2019.03.26-04.02.21:970][  0]LogTemp: Display: Loaded TP MacTargetPlatform
[2019.03.26-04.02.21:984][  0]LogTemp: Display: Loaded TP WindowsClientTargetPlatform
[2019.03.26-04.02.21:998][  0]LogTemp: Display: Loaded TP WindowsNoEditorTargetPlatform
[2019.03.26-04.02.22:012][  0]LogTemp: Display: Loaded TP WindowsServerTargetPlatform
[2019.03.26-04.02.22:019][  0]LogTemp: Display: Loaded TP WindowsTargetPlatform
[2019.03.26-04.02.22:031][  0]LogTemp: Display: Loaded TP Android_ASTCTargetPlatform
[2019.03.26-04.02.22:044][  0]LogTemp: Display: Loaded TP Android_ATCTargetPlatform
[2019.03.26-04.02.22:057][  0]LogTemp: Display: Loaded TP Android_DXTTargetPlatform
[2019.03.26-04.02.22:070][  0]LogTemp: Display: Loaded TP Android_ETC1aTargetPlatform
[2019.03.26-04.02.22:082][  0]LogTemp: Display: Loaded TP Android_ETC1TargetPlatform
[2019.03.26-04.02.22:095][  0]LogTemp: Display: Loaded TP Android_ETC2TargetPlatform
[2019.03.26-04.02.22:121][  0]LogTemp: Display: Loaded TP Android_MultiTargetPlatform
[2019.03.26-04.02.22:121][  0]LogTemp: Display: Loaded TP Android_PVRTCTargetPlatform
[2019.03.26-04.02.22:135][  0]LogTemp: Display: Loaded TP AndroidTargetPlatform
[2019.03.26-04.02.22:136][  0]LogTemp: Display: Loaded TP HTML5TargetPlatform
[2019.03.26-04.02.22:175][  0]LogTemp: Display: Loaded TP IOSTargetPlatform
[2019.03.26-04.02.22:187][  0]LogTemp: Display: Loaded TP TVOSTargetPlatform
[2019.03.26-04.02.22:200][  0]LogTemp: Display: Loaded TP LinuxClientTargetPlatform
[2019.03.26-04.02.22:213][  0]LogTemp: Display: Loaded TP LinuxNoEditorTargetPlatform
[2019.03.26-04.02.22:226][  0]LogTemp: Display: Loaded TP LinuxServerTargetPlatform
[2019.03.26-04.02.22:239][  0]LogTemp: Display: Loaded TP LinuxTargetPlatform
[2019.03.26-04.02.22:239][  0]LogTargetPlatformManager: Display: Building Assets For Windows
[2019.03.26-04.02.22:347][  0]LogXGEController: Cleaning working directory: C:/Users/kvtuy/AppData/Local/Temp/UnrealXGEWorkingDir/
[2019.03.26-04.02.22:347][  0]LogXGEController: Cannot use XGE Controller as Incredibuild is not installed on this machine.
[2019.03.26-04.02.22:347][  0]LogShaderCompilers: Cannot use XGE Shader Compiler as Incredibuild is not installed on this machine.
[2019.03.26-04.02.22:347][  0]LogShaderCompilers: Display: Using Local Shader Compiler.
[2019.03.26-04.02.23:129][  0]LogDerivedDataCache: Display: Max Cache Size: 512 MB
[2019.03.26-04.02.23:210][  0]LogDerivedDataCache: Loaded boot cache 0.08s 74MB C:/Users/kvtuy/AppData/Local/UnrealEngine/4.19/DerivedDataCache/Boot.ddc.
[2019.03.26-04.02.23:210][  0]LogDerivedDataCache: Display: Loaded Boot cache: C:/Users/kvtuy/AppData/Local/UnrealEngine/4.19/DerivedDataCache/Boot.ddc
[2019.03.26-04.02.23:210][  0]LogDerivedDataCache: FDerivedDataBackendGraph:  Pak pak cache file ../../../../../../KVT/Unreal Engine 4/Resident Evil Hunk/ResidentEvil/DerivedDataCache/DDC.ddp not found, will not use a pak cache.
[2019.03.26-04.02.23:210][  0]LogDerivedDataCache: Unable to find inner node Pak for hierarchical cache Hierarchy.
[2019.03.26-04.02.23:210][  0]LogDerivedDataCache: FDerivedDataBackendGraph:  CompressedPak pak cache file ../../../../../../KVT/Unreal Engine 4/Resident Evil Hunk/ResidentEvil/DerivedDataCache/Compressed.ddp not found, will not use a pak cache.
[2019.03.26-04.02.23:210][  0]LogDerivedDataCache: Unable to find inner node CompressedPak for hierarchical cache Hierarchy.
[2019.03.26-04.02.23:228][  0]LogDerivedDataCache: Display: Pak cache opened for reading ../../../Engine/DerivedDataCache/Compressed.ddp.
[2019.03.26-04.02.23:240][  0]LogDerivedDataCache: Using Local data cache path C:/Users/kvtuy/AppData/Local/UnrealEngine/Common/DerivedDataCache: Writable
[2019.03.26-04.02.23:240][  0]LogDerivedDataCache: Shared data cache path not found in *engine.ini, will not use an Shared cache.
[2019.03.26-04.02.23:240][  0]LogDerivedDataCache: Unable to find inner node Shared for hierarchical cache Hierarchy.
[2019.03.26-04.02.23:252][  0]LogMaterial: Verifying Global Shaders for PCD3D_SM5
[2019.03.26-04.02.23:253][  0]LogSlate: Using Freetype 2.6.0
[2019.03.26-04.02.23:254][  0]LogSlate: SlateFontCache - WITH_FREETYPE: 1, WITH_HARFBUZZ: 1
[2019.03.26-04.02.23:254][  0]LogSlate: SlateFontCache - WITH_FREETYPE: 1, WITH_HARFBUZZ: 1
[2019.03.26-04.02.23:384][  0]LogAssetRegistry: FAssetRegistry took 0.0267 seconds to start up
[2019.03.26-04.02.23:733][  0]LogInit: Selected Device Profile: [Windows]
[2019.03.26-04.02.23:885][  0]LogSimplygon: Simplygon DLL not present - disabling.
[2019.03.26-04.02.23:887][  0]LogMeshReduction: Using SimplygonSwarm for distributed automatic mesh merging
[2019.03.26-04.02.23:887][  0]LogMeshReduction: Using QuadricMeshReduction for automatic static mesh reduction
[2019.03.26-04.02.23:887][  0]LogMeshReduction: No automatic skeletal mesh reduction module available
[2019.03.26-04.02.23:887][  0]LogMeshReduction: No automatic mesh merging module available
[2019.03.26-04.02.23:887][  0]LogMeshMerging: No automatic mesh merging module available
[2019.03.26-04.02.23:919][  0]LogNetVersion: ResidentEvil , NetCL: 3944462, EngineNetVer: 2, GameNetVer: 0 (Checksum: 3990793033)
[2019.03.26-04.02.24:418][  0]LogPackageLocalizationCache: Processed 9 localized package path(s) for 2 prioritized culture(s) in 0.078867 seconds
[2019.03.26-04.02.24:423][  0]LogUObjectArray: 36728 objects as part of root set at end of initial load.
[2019.03.26-04.02.24:423][  0]LogUObjectAllocator: 7314312 out of 0 bytes used by permanent object pool.
[2019.03.26-04.02.24:423][  0]LogUObjectArray: CloseDisregardForGC: 0/0 objects in disregard for GC pool
[2019.03.26-04.02.26:147][  0]LogTcpMessaging: Initializing TcpMessaging bridge
[2019.03.26-04.02.26:178][  0]LogUdpMessaging: Initializing bridge on interface 0.0.0.0:0 to multicast group 230.0.0.1:6666.
[2019.03.26-04.02.26:577][  0]SourceControl: Source control is disabled
[2019.03.26-04.02.26:577][  0]SourceControl: Source control is disabled
[2019.03.26-04.02.26:596][  0]SourceControl: Source control is disabled
[2019.03.26-04.02.26:614][  0]SourceControl: Source control is disabled
[2019.03.26-04.02.27:124][  0]LogAndroidPermission: UAndroidPermissionCallbackProxy::GetInstance
[2019.03.26-04.02.27:285][  0]LogOcInput: OculusInput pre-init called
[2019.03.26-04.02.27:395][  0]LogEngine: Initializing Engine...
[2019.03.26-04.02.27:397][  0]LogHMD: Failed to initialize OpenVR with code 110
[2019.03.26-04.02.27:398][  0]LogStats: UGameplayTagsManager::ConstructGameplayTagTree: Construct from data asset -  0.000 s
[2019.03.26-04.02.27:398][  0]LogStats: UGameplayTagsManager::ConstructGameplayTagTree: GameplayTagTreeChangedEvent.Broadcast -  0.000 s
[2019.03.26-04.02.27:627][  0]LogAIModule: Creating AISystem for world Untitled
[2019.03.26-04.02.27:660][  0]LogInit: XAudio2 using 'Speakers (Conexant SmartAudio HD)' : 2 channels at 48 kHz using 32 bits per sample (channel mask 0x3)
[2019.03.26-04.02.27:734][  0]LogInit: FAudioDevice initialized.
[2019.03.26-04.02.27:816][  0]LogDerivedDataCache: Saved boot cache 0.08s 74MB C:/Users/kvtuy/AppData/Local/UnrealEngine/4.19/DerivedDataCache/Boot.ddc.
[2019.03.26-04.02.27:827][  0]LogInit: Texture streaming: Enabled
[2019.03.26-04.02.27:843][  0]LogEngineSessionManager: EngineSessionManager initialized
[2019.03.26-04.02.27:862][  0]LogInit: Transaction tracking system initialized
[2019.03.26-04.02.27:881][  0]BlueprintLog: New page: Editor Load
[2019.03.26-04.02.27:948][  0]LocalizationService: Localization service is disabled
[2019.03.26-04.02.28:042][  0]LogConsoleResponse: Display: 
[2019.03.26-04.02.28:239][  0]LogCook: Display: Max memory allowance for cook 16384mb min free memory 0mb
[2019.03.26-04.02.28:239][  0]LogCook: Display: Mobile HDR setting 1
[2019.03.26-04.02.28:239][  0]LogGameplayTags: Display: UGameplayTagsManager::DoneAddingNativeTags. DelegateIsBound: 0
[2019.03.26-04.02.28:239][  0]LogStats: UGameplayTagsManager::ConstructGameplayTagTree: Construct from data asset -  0.000 s
[2019.03.26-04.02.28:239][  0]LogStats: UGameplayTagsManager::ConstructGameplayTagTree: GameplayTagTreeChangedEvent.Broadcast -  0.000 s
[2019.03.26-04.02.28:274][  0]LogFileCache: Scanning file cache for directory 'D:/KVT/Unreal Engine 4/Resident Evil Hunk/ResidentEvil/Content/' took 0.02s
[2019.03.26-04.02.28:618][  0]SourceControl: Source control is disabled
[2019.03.26-04.02.28:618][  0]Cmd: MAP LOAD FILE="../../../../../../KVT/Unreal Engine 4/Resident Evil Hunk/ResidentEvil/Content/MyMap/Map01.umap" TEMPLATE=0 SHOWPROGRESS=1 FEATURELEVEL=3
[2019.03.26-04.02.28:619][  0]LightingResults: New page: Lighting Build
[2019.03.26-04.02.28:622][  0]MapCheck: New page: Map Check
[2019.03.26-04.02.28:622][  0]LightingResults: New page: Lighting Build
[2019.03.26-04.02.28:836][  0]LogAIModule: Creating AISystem for world Map01
[2019.03.26-04.02.28:842][  0]LogEditorServer: Finished looking for orphan Actors (0.000 secs)
[2019.03.26-04.02.28:856][  0]Cmd: MAP CHECKDEP NOCLEARLOG
[2019.03.26-04.02.28:912][  0]MapCheck: Map check complete: 0 Error(s), 0 Warning(s), took 56.372ms to complete.
[2019.03.26-04.02.28:912][  0]LogFileHelpers: Loading map 'Map01' took 0.294
[2019.03.26-04.02.29:064][  0]LogCollectionManager: Loaded 0 collections in 0.001552 seconds
[2019.03.26-04.02.29:113][  0]LogFileCache: Scanning file cache for directory 'D:/KVT/Unreal Engine 4/Resident Evil Hunk/ResidentEvil/Saved/Collections/' took 0.01s
[2019.03.26-04.02.29:113][  0]LogFileCache: Scanning file cache for directory 'D:/KVT/Unreal Engine 4/Resident Evil Hunk/ResidentEvil/Content/Developers/kvtuy/Collections/' took 0.01s
[2019.03.26-04.02.29:113][  0]LogFileCache: Scanning file cache for directory 'D:/KVT/Unreal Engine 4/Resident Evil Hunk/ResidentEvil/Content/Collections/' took 0.01s
[2019.03.26-04.02.29:113][  0]LogCollectionManager: Rebuilt the GUID cache for 0 collections in 0.000001 seconds
[2019.03.26-04.02.29:138][  0]LogContentBrowser: Native class hierarchy populated in 0.0253 seconds. Added 2457 classes and 565 folders.
[2019.03.26-04.02.29:153][  0]LogContentBrowser: Native class hierarchy updated for 'WidgetCarousel' in 0.0074 seconds. Added 0 classes and 0 folders.
[2019.03.26-04.02.29:212][  0]LogContentBrowser: Native class hierarchy updated for 'AddContentDialog' in 0.0070 seconds. Added 0 classes and 0 folders.
[2019.03.26-04.02.29:228][  0]LogContentBrowser: Native class hierarchy updated for 'SceneOutliner' in 0.0091 seconds. Added 1 classes and 2 folders.
[2019.03.26-04.02.29:255][  0]LogSlate: Took 0.000324 seconds to synchronously load lazily loaded font '../../../Engine/Content/Slate/Fonts/Roboto-Regular.ttf' (155K)
[2019.03.26-04.02.29:259][  0]LogSlate: Took 0.000307 seconds to synchronously load lazily loaded font '../../../Engine/Content/Slate/Fonts/Roboto-Bold.ttf' (160K)
[2019.03.26-04.02.29:271][  0]LogSlate: Took 0.000302 seconds to synchronously load lazily loaded font '../../../Engine/Content/Editor/Slate/Fonts/FontAwesome.ttf' (139K)
[2019.03.26-04.02.29:390][  0]LogRenderer: Reallocating scene render targets to support 856x380 Format 10 NumSamples 1 (Frame:1).
[2019.03.26-04.02.29:580][  0]LogContentBrowser: Native class hierarchy updated for 'HierarchicalLODOutliner' in 0.0055 seconds. Added 0 classes and 0 folders.
[2019.03.26-04.02.29:580][  0]LogLoad: (Engine Initialization) Total time: 12.38 seconds
[2019.03.26-04.02.29:580][  0]LogLoad: (Engine Initialization) Total Blueprint compile time: 0.00 seconds
[2019.03.26-04.02.29:616][  0]LogContentStreaming: Texture pool size now 1000 MB
[2019.03.26-04.02.29:711][  2]LogAssetRegistry: Asset discovery search completed in 6.3498 seconds
[2019.03.26-04.02.29:713][  2]LogCollectionManager: Rebuilt the object cache for 0 collections in 0.000000 seconds (found 0 objects)
[2019.03.26-04.02.29:713][  2]LogCollectionManager: Fixed up redirectors for 0 collections in 0.000063 seconds (updated 0 objects)
[2019.03.26-04.02.33:653][223]LogSlate: Took 0.000281 seconds to synchronously load lazily loaded font '../../../Engine/Content/Slate/Fonts/Roboto-Light.ttf' (167K)
[2019.03.26-04.02.39:854][476]LogSlate: FSceneViewport::OnFocusLost() reason 0
[2019.03.26-04.03.24:765][864]LogSlate: Took 0.000502 seconds to synchronously load lazily loaded font '../../../Engine/Content/Slate/Fonts/Roboto-Light.ttf' (167K)
[2019.03.26-04.03.24:816][864]LogFactory: FactoryCreateFile: StaticMesh with FbxFactory (0 0 D:\Downloads\Documents\Unity Packed\Unity Asset - CubeBrush - Assault Character Pack Remastered\Textures\genAssault.fbx)
[2019.03.26-04.03.24:843][864]LogFbx: ItemName: GlobalSettings, ItemCount : 1
[2019.03.26-04.03.24:843][864]LogFbx: ItemName: NodeAttribute, ItemCount : 68
[2019.03.26-04.03.24:843][864]LogFbx: ItemName: Model, ItemCount : 72
[2019.03.26-04.03.24:843][864]LogFbx: ItemName: Material, ItemCount : 1
[2019.03.26-04.03.24:843][864]LogFbx: ItemName: Texture, ItemCount : 1
[2019.03.26-04.03.24:843][864]LogFbx: ItemName: Video, ItemCount : 1
[2019.03.26-04.03.24:843][864]LogFbx: ItemName: AnimationStack, ItemCount : 2
[2019.03.26-04.03.24:843][864]LogFbx: ItemName: AnimationLayer, ItemCount : 2
[2019.03.26-04.03.24:843][864]LogFbx: ItemName: Geometry, ItemCount : 4
[2019.03.26-04.03.24:843][864]LogFbx: ItemName: AnimationCurveNode, ItemCount : 137
[2019.03.26-04.03.24:843][864]LogFbx: ItemName: CollectionExclusive, ItemCount : 1
[2019.03.26-04.03.24:843][864]LogFbx: ItemName: Pose, ItemCount : 4
[2019.03.26-04.03.24:843][864]LogFbx: ItemName: Deformer, ItemCount : 272
[2019.03.26-04.03.24:843][864]LogFbx: ItemName: AnimationCurve, ItemCount : 372
[2019.03.26-04.03.24:848][864]LogFbx: Loading FBX Scene from D:\Downloads\Documents\Unity Packed\Unity Asset - CubeBrush - Assault Character Pack Remastered\Textures\genAssault.fbx
[2019.03.26-04.03.24:929][864]LogFbx: FBX Scene Loaded Succesfully
[2019.03.26-04.03.38:828][864]LogSlate: Window 'FBX Import Options' being destroyed
[2019.03.26-04.03.38:893][864]LogFbx: Loading FBX Scene from D:\Downloads\Documents\Unity Packed\Unity Asset - CubeBrush - Assault Character Pack Remastered\Textures\genAssault.fbx
[2019.03.26-04.03.38:984][864]LogFbx: FBX Scene Loaded Succesfully
[2019.03.26-04.03.38:999][864]LogFbx: =================================================
[2019.03.26-04.03.38:999][864]LogFbx: Dumping Node START [genAssault_LOD0] 
[2019.03.26-04.03.39:000][864]LogFbx: 	Total Deformer Count -565879632.
[2019.03.26-04.03.39:000][864]LogFbx: 		[Node 1]  (Type Skin).
[2019.03.26-04.03.39:000][864]LogFbx: =================================================
[2019.03.26-04.03.39:000][864]LogFbx: 	Attribute () Type (4).
[2019.03.26-04.03.39:000][864]LogFbx: 		[Node Attribute Child 1] genAssault_LOD0 (Type Mesh).
[2019.03.26-04.03.39:000][864]LogFbx: Dumping Node END [genAssault_LOD0]
[2019.03.26-04.03.39:000][864]LogFbx: =================================================
[2019.03.26-04.03.39:000][864]LogFbx: Dumping Node START [genAssault_LOD1] 
[2019.03.26-04.03.39:000][864]LogFbx: 	Total Deformer Count -565879632.
[2019.03.26-04.03.39:000][864]LogFbx: 		[Node 1]  (Type Skin).
[2019.03.26-04.03.39:000][864]LogFbx: =================================================
[2019.03.26-04.03.39:000][864]LogFbx: 	Attribute () Type (4).
[2019.03.26-04.03.39:000][864]LogFbx: 		[Node Attribute Child 1] genAssault_LOD1 (Type Mesh).
[2019.03.26-04.03.39:000][864]LogFbx: Dumping Node END [genAssault_LOD1]
[2019.03.26-04.03.39:000][864]LogFbx: =================================================
[2019.03.26-04.03.39:000][864]LogFbx: Dumping Node START [genAssault_LOD2] 
[2019.03.26-04.03.39:000][864]LogFbx: 	Total Deformer Count -565879632.
[2019.03.26-04.03.39:000][864]LogFbx: 		[Node 1]  (Type Skin).
[2019.03.26-04.03.39:000][864]LogFbx: =================================================
[2019.03.26-04.03.39:000][864]LogFbx: 	Attribute () Type (4).
[2019.03.26-04.03.39:000][864]LogFbx: 		[Node Attribute Child 1] genAssault_LOD2 (Type Mesh).
[2019.03.26-04.03.39:000][864]LogFbx: Dumping Node END [genAssault_LOD2]
[2019.03.26-04.03.39:000][864]LogFbx: =================================================
[2019.03.26-04.03.39:000][864]LogFbx: Dumping Node START [genAssault_LOD3] 
[2019.03.26-04.03.39:000][864]LogFbx: 	Total Deformer Count -565879632.
[2019.03.26-04.03.39:000][864]LogFbx: 		[Node 1]  (Type Skin).
[2019.03.26-04.03.39:000][864]LogFbx: =================================================
[2019.03.26-04.03.39:000][864]LogFbx: 	Attribute () Type (4).
[2019.03.26-04.03.39:000][864]LogFbx: 		[Node Attribute Child 1] genAssault_LOD3 (Type Mesh).
[2019.03.26-04.03.39:000][864]LogFbx: Dumping Node END [genAssault_LOD3]
[2019.03.26-04.03.39:001][864]LogFbx: =================================================
[2019.03.26-04.03.39:001][864]LogFbx: Dumping Node START [genAssault_LOD0] 
[2019.03.26-04.03.39:001][864]LogFbx: 	Total Deformer Count -565879632.
[2019.03.26-04.03.39:002][864]LogFbx: 		[Node 1]  (Type Skin).
[2019.03.26-04.03.39:002][864]LogFbx: =================================================
[2019.03.26-04.03.39:002][864]LogFbx: 	Attribute () Type (4).
[2019.03.26-04.03.39:002][864]LogFbx: 		[Node Attribute Child 1] genAssault_LOD0 (Type Mesh).
[2019.03.26-04.03.39:002][864]LogFbx: Dumping Node END [genAssault_LOD0]
[2019.03.26-04.03.39:002][864]LogFbx: =================================================
[2019.03.26-04.03.39:002][864]LogFbx: Dumping Node START [genAssault_LOD1] 
[2019.03.26-04.03.39:002][864]LogFbx: 	Total Deformer Count -565879632.
[2019.03.26-04.03.39:002][864]LogFbx: 		[Node 1]  (Type Skin).
[2019.03.26-04.03.39:002][864]LogFbx: =================================================
[2019.03.26-04.03.39:002][864]LogFbx: 	Attribute () Type (4).
[2019.03.26-04.03.39:002][864]LogFbx: 		[Node Attribute Child 1] genAssault_LOD1 (Type Mesh).
[2019.03.26-04.03.39:002][864]LogFbx: Dumping Node END [genAssault_LOD1]
[2019.03.26-04.03.39:002][864]LogFbx: =================================================
[2019.03.26-04.03.39:002][864]LogFbx: Dumping Node START [genAssault_LOD2] 
[2019.03.26-04.03.39:002][864]LogFbx: 	Total Deformer Count -565879632.
[2019.03.26-04.03.39:002][864]LogFbx: 		[Node 1]  (Type Skin).
[2019.03.26-04.03.39:002][864]LogFbx: =================================================
[2019.03.26-04.03.39:002][864]LogFbx: 	Attribute () Type (4).
[2019.03.26-04.03.39:002][864]LogFbx: 		[Node Attribute Child 1] genAssault_LOD2 (Type Mesh).
[2019.03.26-04.03.39:002][864]LogFbx: Dumping Node END [genAssault_LOD2]
[2019.03.26-04.03.39:002][864]LogFbx: =================================================
[2019.03.26-04.03.39:002][864]LogFbx: Dumping Node START [genAssault_LOD3] 
[2019.03.26-04.03.39:002][864]LogFbx: 	Total Deformer Count -565879632.
[2019.03.26-04.03.39:002][864]LogFbx: 		[Node 1]  (Type Skin).
[2019.03.26-04.03.39:002][864]LogFbx: =================================================
[2019.03.26-04.03.39:002][864]LogFbx: 	Attribute () Type (4).
[2019.03.26-04.03.39:002][864]LogFbx: 		[Node Attribute Child 1] genAssault_LOD3 (Type Mesh).
[2019.03.26-04.03.39:002][864]LogFbx: Dumping Node END [genAssault_LOD3]
[2019.03.26-04.03.39:003][864]LogFbx: Valid bind pose for Pose (skinCluster1) - genAssault_LOD0
[2019.03.26-04.03.39:003][864]LogFbx: Valid bind pose for Pose (skinCluster2) - genAssault_LOD0
[2019.03.26-04.03.39:004][864]LogFbx: Valid bind pose for Pose (skinCluster3) - genAssault_LOD0
[2019.03.26-04.03.39:004][864]LogFbx: Valid bind pose for Pose (skinCluster4) - genAssault_LOD0
[2019.03.26-04.03.39:009][864]LogMaterial: Warning: Material /Game/MyCharacter/Hero/genAssault_arctic_mat1.genAssault_arctic_mat1 needed to have new flag set bUsedWithSkeletalMesh !
[2019.03.26-04.03.39:011][864]LogMaterial: Missing cached shader map for material genAssault_arctic_mat1, compiling. 
[2019.03.26-04.03.39:056][864]LogLinker: Can't find file '/Game/MyCharacter/Hero/swat_normals'
[2019.03.26-04.03.39:056][864]LogLinker: Can't find file '/Game/MyCharacter/Hero/swat_normals'
[2019.03.26-04.03.39:057][864]LogFbxMaterialImport: Warning: Unable to find Texture file D:/Dropbox/Work/Unity Character - SWAT 2.0/textures/generated_textures/low/swat_normals.tif
[2019.03.26-04.03.39:058][864]LogMaterial: Missing cached shader map for material genAssault_arctic_mat1, compiling. 
[2019.03.26-04.03.39:187][864]LogShaderCompilers: Display: Shaders left to compile 60
[2019.03.26-04.03.39:187][864]LogShaderCompilers: Display: Shaders left to compile 50
[2019.03.26-04.03.39:187][864]LogShaderCompilers: Display: Shaders left to compile 40
[2019.03.26-04.03.39:187][864]LogFbx: Warning: Bones digested - 68  Depth of hierarchy - 14
[2019.03.26-04.03.47:898][864]LogShaderCompilers: Display: Shaders left to compile 30
[2019.03.26-04.03.47:898][864]LogShaderCompilers: Display: Shaders left to compile 20
[2019.03.26-04.03.47:898][864]LogShaderCompilers: Display: Shaders left to compile 10
[2019.03.26-04.03.48:485][864]LogSkeletalMesh: Section 0: 25826 vertices, 55 active bones
[2019.03.26-04.03.49:775][864]LogSkeletalMesh: Section 0: Material=0, 44311 triangles
[2019.03.26-04.03.49:779][864]LogSkeletalMesh: Building Skeletal Mesh genAssault...
[2019.03.26-04.03.49:910][864]LogSkeletalMesh: Built Skeletal Mesh [0.13s] /Game/MyCharacter/Hero/genAssault.genAssault
[2019.03.26-04.03.49:952][864]LogLinker: Can't find file '/Game/MyCharacter/Hero/genAssault_Skeleton'
[2019.03.26-04.03.49:952][864]LogLinker: Can't find file '/Game/MyCharacter/Hero/genAssault_Skeleton'
[2019.03.26-04.03.49:955][864]LogLinker: Can't find file '/Game/MyCharacter/Hero/genAssault_PhysicsAsset'
[2019.03.26-04.03.49:956][864]LogLinker: Can't find file '/Game/MyCharacter/Hero/genAssault_PhysicsAsset'
[2019.03.26-04.03.49:978][864]LogFbx: =================================================
[2019.03.26-04.03.49:978][864]LogFbx: Dumping Node START [genAssault_LOD0] 
[2019.03.26-04.03.49:978][864]LogFbx: 	Total Deformer Count -947095024.
[2019.03.26-04.03.49:978][864]LogFbx: 		[Node 1]  (Type Skin).
[2019.03.26-04.03.49:978][864]LogFbx: =================================================
[2019.03.26-04.03.49:978][864]LogFbx: 	Attribute () Type (4).
[2019.03.26-04.03.49:978][864]LogFbx: 		[Node Attribute Child 1] genAssault_LOD0 (Type Mesh).
[2019.03.26-04.03.49:978][864]LogFbx: Dumping Node END [genAssault_LOD0]
[2019.03.26-04.03.49:978][864]LogFbx: =================================================
[2019.03.26-04.03.49:978][864]LogFbx: Dumping Node START [genAssault_LOD1] 
[2019.03.26-04.03.49:978][864]LogFbx: 	Total Deformer Count -947095024.
[2019.03.26-04.03.49:978][864]LogFbx: 		[Node 1]  (Type Skin).
[2019.03.26-04.03.49:978][864]LogFbx: =================================================
[2019.03.26-04.03.49:978][864]LogFbx: 	Attribute () Type (4).
[2019.03.26-04.03.49:978][864]LogFbx: 		[Node Attribute Child 1] genAssault_LOD1 (Type Mesh).
[2019.03.26-04.03.49:978][864]LogFbx: Dumping Node END [genAssault_LOD1]
[2019.03.26-04.03.49:978][864]LogFbx: =================================================
[2019.03.26-04.03.49:978][864]LogFbx: Dumping Node START [genAssault_LOD2] 
[2019.03.26-04.03.49:978][864]LogFbx: 	Total Deformer Count -947095024.
[2019.03.26-04.03.49:978][864]LogFbx: 		[Node 1]  (Type Skin).
[2019.03.26-04.03.49:978][864]LogFbx: =================================================
[2019.03.26-04.03.49:978][864]LogFbx: 	Attribute () Type (4).
[2019.03.26-04.03.49:978][864]LogFbx: 		[Node Attribute Child 1] genAssault_LOD2 (Type Mesh).
[2019.03.26-04.03.49:978][864]LogFbx: Dumping Node END [genAssault_LOD2]
[2019.03.26-04.03.49:978][864]LogFbx: =================================================
[2019.03.26-04.03.49:978][864]LogFbx: Dumping Node START [genAssault_LOD3] 
[2019.03.26-04.03.49:978][864]LogFbx: 	Total Deformer Count -947095024.
[2019.03.26-04.03.49:978][864]LogFbx: 		[Node 1]  (Type Skin).
[2019.03.26-04.03.49:978][864]LogFbx: =================================================
[2019.03.26-04.03.49:978][864]LogFbx: 	Attribute () Type (4).
[2019.03.26-04.03.49:978][864]LogFbx: 		[Node Attribute Child 1] genAssault_LOD3 (Type Mesh).
[2019.03.26-04.03.49:978][864]LogFbx: Dumping Node END [genAssault_LOD3]
[2019.03.26-04.03.49:982][864]LogFbx: =================================================
[2019.03.26-04.03.49:982][864]LogFbx: Dumping Node START [genAssault_LOD0] 
[2019.03.26-04.03.49:982][864]LogFbx: 	Total Deformer Count -947095024.
[2019.03.26-04.03.49:982][864]LogFbx: 		[Node 1]  (Type Skin).
[2019.03.26-04.03.49:982][864]LogFbx: =================================================
[2019.03.26-04.03.49:982][864]LogFbx: 	Attribute () Type (4).
[2019.03.26-04.03.49:982][864]LogFbx: 		[Node Attribute Child 1] genAssault_LOD0 (Type Mesh).
[2019.03.26-04.03.49:982][864]LogFbx: Dumping Node END [genAssault_LOD0]
[2019.03.26-04.03.49:982][864]LogFbx: =================================================
[2019.03.26-04.03.49:982][864]LogFbx: Dumping Node START [genAssault_LOD1] 
[2019.03.26-04.03.49:982][864]LogFbx: 	Total Deformer Count -947095024.
[2019.03.26-04.03.49:982][864]LogFbx: 		[Node 1]  (Type Skin).
[2019.03.26-04.03.49:982][864]LogFbx: =================================================
[2019.03.26-04.03.49:982][864]LogFbx: 	Attribute () Type (4).
[2019.03.26-04.03.49:982][864]LogFbx: 		[Node Attribute Child 1] genAssault_LOD1 (Type Mesh).
[2019.03.26-04.03.49:982][864]LogFbx: Dumping Node END [genAssault_LOD1]
[2019.03.26-04.03.49:982][864]LogFbx: =================================================
[2019.03.26-04.03.49:983][864]LogFbx: Dumping Node START [genAssault_LOD2] 
[2019.03.26-04.03.49:983][864]LogFbx: 	Total Deformer Count -947095024.
[2019.03.26-04.03.49:983][864]LogFbx: 		[Node 1]  (Type Skin).
[2019.03.26-04.03.49:983][864]LogFbx: =================================================
[2019.03.26-04.03.49:983][864]LogFbx: 	Attribute () Type (4).
[2019.03.26-04.03.49:983][864]LogFbx: 		[Node Attribute Child 1] genAssault_LOD2 (Type Mesh).
[2019.03.26-04.03.49:983][864]LogFbx: Dumping Node END [genAssault_LOD2]
[2019.03.26-04.03.49:983][864]LogFbx: =================================================
[2019.03.26-04.03.49:983][864]LogFbx: Dumping Node START [genAssault_LOD3] 
[2019.03.26-04.03.49:983][864]LogFbx: 	Total Deformer Count -947095024.
[2019.03.26-04.03.49:983][864]LogFbx: 		[Node 1]  (Type Skin).
[2019.03.26-04.03.49:983][864]LogFbx: =================================================
[2019.03.26-04.03.49:983][864]LogFbx: 	Attribute () Type (4).
[2019.03.26-04.03.49:983][864]LogFbx: 		[Node Attribute Child 1] genAssault_LOD3 (Type Mesh).
[2019.03.26-04.03.49:983][864]LogFbx: Dumping Node END [genAssault_LOD3]
[2019.03.26-04.03.49:983][864]LogFbx: SortedLinks :(0) genAssault_reference
[2019.03.26-04.03.49:983][864]LogFbx: SortedLinks :(1) genAssault_Hips
[2019.03.26-04.03.49:983][864]LogFbx: SortedLinks :(2) genAssault_Spine
[2019.03.26-04.03.49:983][864]LogFbx: SortedLinks :(3) genAssault_Spine1
[2019.03.26-04.03.49:983][864]LogFbx: SortedLinks :(4) genAssault_Spine2
[2019.03.26-04.03.49:983][864]LogFbx: SortedLinks :(5) genAssault_Neck
[2019.03.26-04.03.49:984][864]LogFbx: SortedLinks :(6) genAssault_Head
[2019.03.26-04.03.49:984][864]LogFbx: SortedLinks :(7) genAssault_Head_End
[2019.03.26-04.03.49:984][864]LogFbx: SortedLinks :(8) genAssault_RightShoulder
[2019.03.26-04.03.49:984][864]LogFbx: SortedLinks :(9) genAssault_RightArm
[2019.03.26-04.03.49:984][864]LogFbx: SortedLinks :(10) genAssault_RightForeArm
[2019.03.26-04.03.49:984][864]LogFbx: SortedLinks :(11) genAssault_RightForeArmRoll
[2019.03.26-04.03.49:984][864]LogFbx: SortedLinks :(12) genAssault_RightHand
[2019.03.26-04.03.49:984][864]LogFbx: SortedLinks :(13) genAssault_RightHandMiddle1
[2019.03.26-04.03.49:984][864]LogFbx: SortedLinks :(14) genAssault_RightHandMiddle2
[2019.03.26-04.03.49:984][864]LogFbx: SortedLinks :(15) genAssault_RightHandMiddle3
[2019.03.26-04.03.49:984][864]LogFbx: SortedLinks :(16) genAssault_RightHandMiddle_End
[2019.03.26-04.03.49:984][864]LogFbx: SortedLinks :(17) genAssault_RightHandIndex1
[2019.03.26-04.03.49:984][864]LogFbx: SortedLinks :(18) genAssault_RightHandIndex2
[2019.03.26-04.03.49:984][864]LogFbx: SortedLinks :(19) genAssault_RightHandIndex3
[2019.03.26-04.03.49:984][864]LogFbx: SortedLinks :(20) genAssault_RightHandIndex_End
[2019.03.26-04.03.49:984][864]LogFbx: SortedLinks :(21) genAssault_RightHandThumb1
[2019.03.26-04.03.49:984][864]LogFbx: SortedLinks :(22) genAssault_RightHandThumb2
[2019.03.26-04.03.49:984][864]LogFbx: SortedLinks :(23) genAssault_RightHandThumb3
[2019.03.26-04.03.49:984][864]LogFbx: SortedLinks :(24) genAssault_RightHandThumb_End
[2019.03.26-04.03.49:984][864]LogFbx: SortedLinks :(25) genAssault_RightHandRing1
[2019.03.26-04.03.49:984][864]LogFbx: SortedLinks :(26) genAssault_RightHandRing2
[2019.03.26-04.03.49:984][864]LogFbx: SortedLinks :(27) genAssault_RightHandRing3
[2019.03.26-04.03.49:984][864]LogFbx: SortedLinks :(28) genAssault_RightHandRing_End
[2019.03.26-04.03.49:984][864]LogFbx: SortedLinks :(29) genAssault_RightHandPinky1
[2019.03.26-04.03.49:984][864]LogFbx: SortedLinks :(30) genAssault_RightHandPinky2
[2019.03.26-04.03.49:984][864]LogFbx: SortedLinks :(31) genAssault_RightHandPinky3
[2019.03.26-04.03.49:984][864]LogFbx: SortedLinks :(32) genAssault_RightHandPinky_End
[2019.03.26-04.03.49:984][864]LogFbx: SortedLinks :(33) genAssault_LeftShoulder
[2019.03.26-04.03.49:984][864]LogFbx: SortedLinks :(34) genAssault_LeftArm
[2019.03.26-04.03.49:984][864]LogFbx: SortedLinks :(35) genAssault_LeftForeArm
[2019.03.26-04.03.49:984][864]LogFbx: SortedLinks :(36) genAssault_LeftForeArmRoll
[2019.03.26-04.03.49:984][864]LogFbx: SortedLinks :(37) genAssault_LeftHand
[2019.03.26-04.03.49:984][864]LogFbx: SortedLinks :(38) genAssault_LeftHandMiddle1
[2019.03.26-04.03.49:985][864]LogFbx: SortedLinks :(39) genAssault_LeftHandMiddle2
[2019.03.26-04.03.49:985][864]LogFbx: SortedLinks :(40) genAssault_LeftHandMiddle3
[2019.03.26-04.03.49:985][864]LogFbx: SortedLinks :(41) genAssault_LeftHandMiddle_End
[2019.03.26-04.03.49:985][864]LogFbx: SortedLinks :(42) genAssault_LeftHandIndex1
[2019.03.26-04.03.49:985][864]LogFbx: SortedLinks :(43) genAssault_LeftHandIndex2
[2019.03.26-04.03.49:985][864]LogFbx: SortedLinks :(44) genAssault_LeftHandIndex3
[2019.03.26-04.03.49:985][864]LogFbx: SortedLinks :(45) genAssault_LeftHandIndex_End
[2019.03.26-04.03.49:985][864]LogFbx: SortedLinks :(46) genAssault_LeftHandThumb1
[2019.03.26-04.03.49:985][864]LogFbx: SortedLinks :(47) genAssault_LeftHandThumb2
[2019.03.26-04.03.49:985][864]LogFbx: SortedLinks :(48) genAssault_LeftHandThumb3
[2019.03.26-04.03.49:985][864]LogFbx: SortedLinks :(49) genAssault_LeftHandThumb_End
[2019.03.26-04.03.49:985][864]LogFbx: SortedLinks :(50) genAssault_LeftHandRing1
[2019.03.26-04.03.49:985][864]LogFbx: SortedLinks :(51) genAssault_LeftHandRing2
[2019.03.26-04.03.49:985][864]LogFbx: SortedLinks :(52) genAssault_LeftHandRing3
[2019.03.26-04.03.49:985][864]LogFbx: SortedLinks :(53) genAssault_LeftHandRing_End
[2019.03.26-04.03.49:985][864]LogFbx: SortedLinks :(54) genAssault_LeftHandPinky1
[2019.03.26-04.03.49:985][864]LogFbx: SortedLinks :(55) genAssault_LeftHandPinky2
[2019.03.26-04.03.49:986][864]LogFbx: SortedLinks :(56) genAssault_LeftHandPinky3
[2019.03.26-04.03.49:986][864]LogFbx: SortedLinks :(57) genAssault_LeftHandPinky_End
[2019.03.26-04.03.49:986][864]LogFbx: SortedLinks :(58) genAssault_LeftUpLeg
[2019.03.26-04.03.49:986][864]LogFbx: SortedLinks :(59) genAssault_LeftLeg
[2019.03.26-04.03.49:986][864]LogFbx: SortedLinks :(60) genAssault_LeftFoot
[2019.03.26-04.03.49:986][864]LogFbx: SortedLinks :(61) genAssault_LeftToeBase
[2019.03.26-04.03.49:986][864]LogFbx: SortedLinks :(62) genAssault_LeftToes_End
[2019.03.26-04.03.49:986][864]LogFbx: SortedLinks :(63) genAssault_RightUpLeg
[2019.03.26-04.03.49:986][864]LogFbx: SortedLinks :(64) genAssault_RightLeg
[2019.03.26-04.03.49:986][864]LogFbx: SortedLinks :(65) genAssault_RightFoot
[2019.03.26-04.03.49:986][864]LogFbx: SortedLinks :(66) genAssault_RightToeBase
[2019.03.26-04.03.49:986][864]LogFbx: SortedLinks :(67) genAssault_RightToes_End
[2019.03.26-04.03.49:986][864]LogFbx: SortedLinks :(0) genAssault_reference
[2019.03.26-04.03.49:986][864]LogFbx: SortedLinks :(1) genAssault_Hips
[2019.03.26-04.03.49:986][864]LogFbx: SortedLinks :(2) genAssault_Spine
[2019.03.26-04.03.49:986][864]LogFbx: SortedLinks :(3) genAssault_Spine1
[2019.03.26-04.03.49:986][864]LogFbx: SortedLinks :(4) genAssault_Spine2
[2019.03.26-04.03.49:986][864]LogFbx: SortedLinks :(5) genAssault_Neck
[2019.03.26-04.03.49:987][864]LogFbx: SortedLinks :(6) genAssault_Head
[2019.03.26-04.03.49:987][864]LogFbx: SortedLinks :(7) genAssault_Head_End
[2019.03.26-04.03.49:987][864]LogFbx: SortedLinks :(8) genAssault_RightShoulder
[2019.03.26-04.03.49:987][864]LogFbx: SortedLinks :(9) genAssault_RightArm
[2019.03.26-04.03.49:987][864]LogFbx: SortedLinks :(10) genAssault_RightForeArm
[2019.03.26-04.03.49:987][864]LogFbx: SortedLinks :(11) genAssault_RightForeArmRoll
[2019.03.26-04.03.49:987][864]LogFbx: SortedLinks :(12) genAssault_RightHand
[2019.03.26-04.03.49:987][864]LogFbx: SortedLinks :(13) genAssault_RightHandMiddle1
[2019.03.26-04.03.49:987][864]LogFbx: SortedLinks :(14) genAssault_RightHandMiddle2
[2019.03.26-04.03.49:987][864]LogFbx: SortedLinks :(15) genAssault_RightHandMiddle3
[2019.03.26-04.03.49:987][864]LogFbx: SortedLinks :(16) genAssault_RightHandMiddle_End
[2019.03.26-04.03.49:987][864]LogFbx: SortedLinks :(17) genAssault_RightHandIndex1
[2019.03.26-04.03.49:987][864]LogFbx: SortedLinks :(18) genAssault_RightHandIndex2
[2019.03.26-04.03.49:987][864]LogFbx: SortedLinks :(19) genAssault_RightHandIndex3
[2019.03.26-04.03.49:987][864]LogFbx: SortedLinks :(20) genAssault_RightHandIndex_End
[2019.03.26-04.03.49:987][864]LogFbx: SortedLinks :(21) genAssault_RightHandThumb1
[2019.03.26-04.03.49:987][864]LogFbx: SortedLinks :(22) genAssault_RightHandThumb2
[2019.03.26-04.03.49:987][864]LogFbx: SortedLinks :(23) genAssault_RightHandThumb3
[2019.03.26-04.03.49:988][864]LogFbx: SortedLinks :(24) genAssault_RightHandThumb_End
[2019.03.26-04.03.49:988][864]LogFbx: SortedLinks :(25) genAssault_RightHandRing1
[2019.03.26-04.03.49:988][864]LogFbx: SortedLinks :(26) genAssault_RightHandRing2
[2019.03.26-04.03.49:988][864]LogFbx: SortedLinks :(27) genAssault_RightHandRing3
[2019.03.26-04.03.49:988][864]LogFbx: SortedLinks :(28) genAssault_RightHandRing_End
[2019.03.26-04.03.49:988][864]LogFbx: SortedLinks :(29) genAssault_RightHandPinky1
[2019.03.26-04.03.49:988][864]LogFbx: SortedLinks :(30) genAssault_RightHandPinky2
[2019.03.26-04.03.49:988][864]LogFbx: SortedLinks :(31) genAssault_RightHandPinky3
[2019.03.26-04.03.49:988][864]LogFbx: SortedLinks :(32) genAssault_RightHandPinky_End
[2019.03.26-04.03.49:988][864]LogFbx: SortedLinks :(33) genAssault_LeftShoulder
[2019.03.26-04.03.49:988][864]LogFbx: SortedLinks :(34) genAssault_LeftArm
[2019.03.26-04.03.49:988][864]LogFbx: SortedLinks :(35) genAssault_LeftForeArm
[2019.03.26-04.03.49:988][864]LogFbx: SortedLinks :(36) genAssault_LeftForeArmRoll
[2019.03.26-04.03.49:988][864]LogFbx: SortedLinks :(37) genAssault_LeftHand
[2019.03.26-04.03.49:988][864]LogFbx: SortedLinks :(38) genAssault_LeftHandMiddle1
[2019.03.26-04.03.49:988][864]LogFbx: SortedLinks :(39) genAssault_LeftHandMiddle2
[2019.03.26-04.03.49:988][864]LogFbx: SortedLinks :(40) genAssault_LeftHandMiddle3
[2019.03.26-04.03.49:988][864]LogFbx: SortedLinks :(41) genAssault_LeftHandMiddle_End
[2019.03.26-04.03.49:989][864]LogFbx: SortedLinks :(42) genAssault_LeftHandIndex1
[2019.03.26-04.03.49:989][864]LogFbx: SortedLinks :(43) genAssault_LeftHandIndex2
[2019.03.26-04.03.49:989][864]LogFbx: SortedLinks :(44) genAssault_LeftHandIndex3
[2019.03.26-04.03.49:989][864]LogFbx: SortedLinks :(45) genAssault_LeftHandIndex_End
[2019.03.26-04.03.49:989][864]LogFbx: SortedLinks :(46) genAssault_LeftHandThumb1
[2019.03.26-04.03.49:989][864]LogFbx: SortedLinks :(47) genAssault_LeftHandThumb2
[2019.03.26-04.03.49:989][864]LogFbx: SortedLinks :(48) genAssault_LeftHandThumb3
[2019.03.26-04.03.49:989][864]LogFbx: SortedLinks :(49) genAssault_LeftHandThumb_End
[2019.03.26-04.03.49:989][864]LogFbx: SortedLinks :(50) genAssault_LeftHandRing1
[2019.03.26-04.03.49:989][864]LogFbx: SortedLinks :(51) genAssault_LeftHandRing2
[2019.03.26-04.03.49:989][864]LogFbx: SortedLinks :(52) genAssault_LeftHandRing3
[2019.03.26-04.03.49:989][864]LogFbx: SortedLinks :(53) genAssault_LeftHandRing_End
[2019.03.26-04.03.49:989][864]LogFbx: SortedLinks :(54) genAssault_LeftHandPinky1
[2019.03.26-04.03.49:989][864]LogFbx: SortedLinks :(55) genAssault_LeftHandPinky2
[2019.03.26-04.03.49:989][864]LogFbx: SortedLinks :(56) genAssault_LeftHandPinky3
[2019.03.26-04.03.49:989][864]LogFbx: SortedLinks :(57) genAssault_LeftHandPinky_End
[2019.03.26-04.03.49:989][864]LogFbx: SortedLinks :(58) genAssault_LeftUpLeg
[2019.03.26-04.03.49:990][864]LogFbx: SortedLinks :(59) genAssault_LeftLeg
[2019.03.26-04.03.49:990][864]LogFbx: SortedLinks :(60) genAssault_LeftFoot
[2019.03.26-04.03.49:990][864]LogFbx: SortedLinks :(61) genAssault_LeftToeBase
[2019.03.26-04.03.49:990][864]LogFbx: SortedLinks :(62) genAssault_LeftToes_End
[2019.03.26-04.03.49:990][864]LogFbx: SortedLinks :(63) genAssault_RightUpLeg
[2019.03.26-04.03.49:990][864]LogFbx: SortedLinks :(64) genAssault_RightLeg
[2019.03.26-04.03.49:990][864]LogFbx: SortedLinks :(65) genAssault_RightFoot
[2019.03.26-04.03.49:990][864]LogFbx: SortedLinks :(66) genAssault_RightToeBase
[2019.03.26-04.03.49:990][864]LogFbx: SortedLinks :(67) genAssault_RightToes_End
[2019.03.26-04.03.49:994][864]LogFbx: Parsing AnimStack Take 001
[2019.03.26-04.03.49:995][864]LogLinker: Can't find file '/Game/MyCharacter/Hero/genAssault_Anim_Take_001'
[2019.03.26-04.03.49:995][864]LogLinker: Can't find file '/Game/MyCharacter/Hero/genAssault_Anim_Take_001'
[2019.03.26-04.03.50:975][864]LogAnimationCompression: Building Anim DDC data for AnimSequence /Game/MyCharacter/Hero/genAssault_Anim_Take_001.genAssault_Anim_Take_001
[2019.03.26-04.03.50:975][864]LogAnimationCompression: Recompressing (AnimSequence /Engine/Transient.genAssault_Anim_Take_001) using current/default (AnimCompress_BitwiseCompressOnly_0) bFirstRecompressUsingCurrentOrDefault(1) bTryAlternateCompressor(0) IsCompressedDataValid(0)
[2019.03.26-04.03.50:981][864]LogFbx: Parsing AnimStack mixamo.com
[2019.03.26-04.03.50:984][864]LogLinker: Can't find file '/Game/MyCharacter/Hero/genAssault_Anim_mixamo_com'
[2019.03.26-04.03.50:984][864]LogLinker: Can't find file '/Game/MyCharacter/Hero/genAssault_Anim_mixamo_com'
[2019.03.26-04.03.51:087][864]LogAnimationCompression: Building Anim DDC data for AnimSequence /Game/MyCharacter/Hero/genAssault_Anim_mixamo_com.genAssault_Anim_mixamo_com
[2019.03.26-04.03.51:087][864]LogAnimationCompression: Recompressing (AnimSequence /Engine/Transient.genAssault_Anim_mixamo_com) using current/default (AnimCompress_BitwiseCompressOnly_0) bFirstRecompressUsingCurrentOrDefault(1) bTryAlternateCompressor(0) IsCompressedDataValid(0)
[2019.03.26-04.03.51:105][864]FBXImport: Warning: No smoothing group information was found in this FBX scene.  Please make sure to enable the 'Export Smoothing Groups' option in the FBX Exporter plug-in before exporting the file.  Even for tools that don't support smoothing groups, the FBX Exporter will generate appropriate smoothing data at export-time so that correct vertex normals can be inferred while importing. 
[2019.03.26-04.03.51:116][864]LogSkeletalMesh: Building Skeletal Mesh genAssault...
[2019.03.26-04.03.51:186][864]LogSkeletalMesh: Built Skeletal Mesh [0.07s] /Game/MyCharacter/Hero/genAssault.genAssault
[2019.03.26-04.04.04:018][605]LogSlate: Window 'Message Log' being destroyed
[2019.03.26-04.04.04:021][605]LogSlate: Window 'Message Log' being destroyed
[2019.03.26-04.04.12:731][927]LogSlate: Window 'Delete Assets' being destroyed
[2019.03.26-04.04.13:142][927]LogSkeletalMesh: Building Skeletal Mesh genAssault...
[2019.03.26-04.04.13:207][927]LogSkeletalMesh: Built Skeletal Mesh [0.07s] /Game/MyCharacter/Hero/genAssault.genAssault
[2019.03.26-04.04.15:894][ 48]LogContentBrowser: Native class hierarchy updated for 'SkeletonEditor' in 0.0064 seconds. Added 1 classes and 2 folders.
[2019.03.26-04.04.16:130][ 48]LogActorComponent: RegisterComponentWithWorld: (/Engine/Transient.World_5:PersistentLevel.Actor_0.DebugSkelMeshComponent_0) Already registered. Aborting.
[2019.03.26-04.04.16:138][ 48]LogContentBrowser: Native class hierarchy updated for 'PinnedCommandList' in 0.0057 seconds. Added 1 classes and 0 folders.
[2019.03.26-04.04.16:157][ 48]LogSkeletalMesh: USkeletalMeshComponent::InitArticulated : Bodies already created (/Engine/Transient.World_5:PersistentLevel.Actor_0.DebugSkelMeshComponent_0) - call TermArticulated first.
[2019.03.26-04.04.16:428][ 48]LogSlate: Took 0.000230 seconds to synchronously load lazily loaded font '../../../Engine/Content/Slate/Fonts/Roboto-Italic.ttf' (157K)
[2019.03.26-04.04.16:472][ 48]LogContentBrowser: Native class hierarchy updated for 'ClothingSystemEditorInterface' in 0.0055 seconds. Added 1 classes and 0 folders.
[2019.03.26-04.04.16:490][ 49]LogRenderer: Reallocating scene render targets to support 856x584 Format 10 NumSamples 1 (Frame:1).
[2019.03.26-04.04.24:734][473]LogTexture: Display: Building textures: genAssault_arctic_sg (AutoDXT, 4096X4096)
[2019.03.26-04.04.24:734][473]LogTexture: Display: Building textures: genAssault_MERC_d (AutoDXT, 4096X4096)
[2019.03.26-04.04.38:794][473]LogTexture: Display: Building textures: genAssault_GreenArmyMan_nm (BC5, 4096X4096)
[2019.03.26-04.04.38:795][473]LogMaterial: Missing cached shader map for material genAssault_arctic_mat, compiling. 
[2019.03.26-04.04.38:864][473]LogShaderCompilers: Display: Shaders left to compile 60
[2019.03.26-04.04.38:864][473]LogShaderCompilers: Display: Shaders left to compile 50
[2019.03.26-04.04.38:864][473]LogShaderCompilers: Display: Shaders left to compile 40
[2019.03.26-04.04.40:174][473]LogSkeletalMesh: Building Skeletal Mesh genAssault...
[2019.03.26-04.04.40:302][473]LogSkeletalMesh: Built Skeletal Mesh [0.13s] /Game/MyCharacter/Hero/genAssault.genAssault
[2019.03.26-04.04.40:324][473]LogD3D11RHI: Error: Direct3DDevice->CreateBuffer(&Desc,pInitData,IndexBufferResource.GetInitReference()) failed 
 at D:\Build\++UE4+Release-4.19+Compile\Sync\Engine\Source\Runtime\Windows\D3D11RHI\Private\D3D11IndexBuffer.cpp:51 
 with error E_OUTOFMEMORY
[2019.03.26-04.04.42:580][473]LogShaderCompilers: Display: Shaders left to compile 30
[2019.03.26-04.04.42:717][473]LogConsoleResponse:     55 = 24576 KB (2D 6144x2048 PF_ShadowDepth) WholeSceneShadowmap unused(1)
[2019.03.26-04.04.42:717][473]LogConsoleResponse:     18 = 3906 KB (2D 856x584 PF_DepthStencil 4xMSAA) SelectionDepthStencil unused(1)
[2019.03.26-04.04.42:717][473]LogConsoleResponse:     46 = 3906 KB (2D 856x584 PF_FloatRGBA RT UAV VRam) SceneColor VRamInKB(Start/Size):<NONE>
[2019.03.26-04.04.42:717][473]LogConsoleResponse:     57 = 3906 KB (2D 856x584 PF_FloatRGBA RT UAV) LightAccumulation
[2019.03.26-04.04.42:717][473]LogConsoleResponse:     38 = 3906 KB (2D 856x584 PF_FloatRGBA RT VRam) TemporalAA unused(204) VRamInKB(Start/Size):<NONE>
[2019.03.26-04.04.42:717][473]LogConsoleResponse:     37 = 3906 KB (2D 856x584 PF_FloatRGBA RT) BokehDOFRecombine unused(1)
[2019.03.26-04.04.42:717][473]LogConsoleResponse:     40 = 3906 KB (2D 856x584 PF_FloatRGBA RT) ScreenSpaceReflections unused(1)
[2019.03.26-04.04.42:717][473]LogConsoleResponse:     17 = 3906 KB (2D 856x584 PF_FloatRGBA RT) SeparateTranslucency unused(1)
[2019.03.26-04.04.42:717][473]LogConsoleResponse:     79 = 3906 KB (2D 856x584 PF_FloatRGBA RT) SSRTemporalAA
[2019.03.26-04.04.42:717][473]LogConsoleResponse:     78 = 3906 KB (2D 856x584 PF_FloatRGBA RT) SSRTemporalAA unused(1)
[2019.03.26-04.04.42:717][473]LogConsoleResponse:     39 = 3906 KB (2D 856x584 PF_FloatRGBA RT) TemporalAA unused(204)
[2019.03.26-04.04.42:717][473]LogConsoleResponse:     67 = 2542 KB (2D 856x380 PF_FloatRGBA RT VRam) TemporalAA VRamInKB(Start/Size):<NONE>
[2019.03.26-04.04.42:717][473]LogConsoleResponse:     66 = 2542 KB (2D 856x380 PF_FloatRGBA RT) TemporalAA
[2019.03.26-04.04.42:717][473]LogConsoleResponse:     63 = 2048 KB (3D 64x64x64 PF_FloatRGBA RT UAV) TranslucentVolume0
[2019.03.26-04.04.42:717][473]LogConsoleResponse:     61 = 2048 KB (3D 64x64x64 PF_FloatRGBA RT UAV) TranslucentVolume1
[2019.03.26-04.04.42:718][473]LogConsoleResponse:     59 = 2048 KB (3D 64x64x64 PF_FloatRGBA RT UAV) TranslucentVolume2
[2019.03.26-04.04.42:718][473]LogConsoleResponse:     62 = 2048 KB (3D 64x64x64 PF_FloatRGBA RT UAV) TranslucentVolumeDir0
[2019.03.26-04.04.42:718][473]LogConsoleResponse:     60 = 2048 KB (3D 64x64x64 PF_FloatRGBA RT UAV) TranslucentVolumeDir1
[2019.03.26-04.04.42:718][473]LogConsoleResponse:     58 = 2048 KB (3D 64x64x64 PF_FloatRGBA RT UAV) TranslucentVolumeDir2
[2019.03.26-04.04.42:718][473]LogConsoleResponse:     29 = 2048 KB (Cube[2] 128 PF_FloatRGBA) ReflectionEnvs
[2019.03.26-04.04.42:718][473]LogConsoleResponse:     54 = 1953 KB (2D 856x584 PF_A2B10G10R10 RT) GBufferA unused(1)
[2019.03.26-04.04.42:718][473]LogConsoleResponse:     50 = 1953 KB (2D 856x584 PF_B8G8R8A8 RT sRGB) GBufferC unused(1)
[2019.03.26-04.04.42:718][473]LogConsoleResponse:     51 = 1953 KB (2D 856x584 PF_B8G8R8A8 RT VRam) GBufferE unused(1) VRamInKB(Start/Size):<NONE>
[2019.03.26-04.04.42:718][473]LogConsoleResponse:     42 = 1953 KB (2D 856x584 PF_B8G8R8A8 RT VRam) ScreenShadowMaskTexture unused(1) VRamInKB(Start/Size):<NONE>
[2019.03.26-04.04.42:718][473]LogConsoleResponse:     73 = 1953 KB (2D 856x584 PF_B8G8R8A8 RT) HitProxy unused(391)
[2019.03.26-04.04.42:718][473]LogConsoleResponse:     49 = 1953 KB (2D 856x584 PF_B8G8R8A8 RT) PostProcessFXAA unused(1)
[2019.03.26-04.04.42:718][473]LogConsoleResponse:     48 = 1953 KB (2D 856x584 PF_B8G8R8A8 RT) Tonemap unused(1)
[2019.03.26-04.04.42:718][473]LogConsoleResponse:     72 = 1953 KB (2D 856x584 PF_DepthStencil VRam) SceneDepthZ VRamInKB(Start/Size):<NONE>
[2019.03.26-04.04.42:718][473]LogConsoleResponse:     45 = 1953 KB (2D 856x584 PF_G16R16 RT) Velocity unused(1)
[2019.03.26-04.04.42:718][473]LogConsoleResponse:     65 = 977 KB (2D 428x292 PF_DepthStencil) SmallDepthZ
[2019.03.26-04.04.42:718][473]LogConsoleResponse:     44 = 977 KB (2D 428x292 PF_FloatRGBA RT VRam) AmbientOcclusionSetup unused(1) VRamInKB(Start/Size):<NONE>
[2019.03.26-04.04.42:718][473]LogConsoleResponse:     56 = 977 KB (2D 856x292 PF_R32_UINT RT UAV) QuadOverdrawBuffer
[2019.03.26-04.04.42:718][473]LogConsoleResponse:     47 = 683 KB (2D 512x512 PF_R16F RT VRam) HZB unused(1) VRamInKB(Start/Size):<NONE>
[2019.03.26-04.04.42:718][473]LogConsoleResponse:     68 = 512 KB (3D 256x128x2 PF_FloatRGBA RT) AtmosphereDeltaJ
[2019.03.26-04.04.42:719][473]LogConsoleResponse:     69 = 512 KB (3D 256x128x2 PF_FloatRGBA RT) AtmosphereDeltaSM
[2019.03.26-04.04.42:719][473]LogConsoleResponse:     70 = 512 KB (3D 256x128x2 PF_FloatRGBA RT) AtmosphereDeltaSR
[2019.03.26-04.04.42:719][473]LogConsoleResponse:     71 = 512 KB (3D 256x128x2 PF_FloatRGBA RT) AtmosphereInscatter
[2019.03.26-04.04.42:719][473]LogConsoleResponse:     43 = 489 KB (2D 428x292 PF_B8G8R8A8 RT VRam) AmbientOcclusion unused(1) VRamInKB(Start/Size):<NONE>
[2019.03.26-04.04.42:719][473]LogConsoleResponse:     36 = 489 KB (2D 428x292 PF_FloatRGB RT VRam) BloomBlurX unused(1) VRamInKB(Start/Size):<NONE>
[2019.03.26-04.04.42:719][473]LogConsoleResponse:     20 = 489 KB (2D 428x292 PF_FloatRGB RT) BloomBlurY unused(1)
[2019.03.26-04.04.42:719][473]LogConsoleResponse:     64 = 489 KB (2D 856x584 PF_G8 RT UAV) ScreenSpaceAO
[2019.03.26-04.04.42:719][473]LogConsoleResponse:      1 = 256 KB (2D 256x256 PF_B8G8R8A8) HZBResultsCPU
[2019.03.26-04.04.42:719][473]LogConsoleResponse:      3 = 256 KB (2D 256x256 PF_B8G8R8A8) HZBResultsCPU
[2019.03.26-04.04.42:719][473]LogConsoleResponse:     74 = 256 KB (2D 256x256 PF_B8G8R8A8) HZBResultsCPU
[2019.03.26-04.04.42:719][473]LogConsoleResponse:      4 = 256 KB (2D 256x256 PF_B8G8R8A8) HZBResultsCPU
[2019.03.26-04.04.42:719][473]LogConsoleResponse:      2 = 256 KB (2D 256x256 PF_B8G8R8A8) HZBResultsCPU
[2019.03.26-04.04.42:719][473]LogConsoleResponse:     77 = 128 KB (2D 256x64 PF_FloatRGBA RT) AtmosphereTransmittance
[2019.03.26-04.04.42:719][473]LogConsoleResponse:     19 = 128 KB (3D 32x32x32 PF_A2B10G10R10 RT) CombineLUTs
[2019.03.26-04.04.42:719][473]LogConsoleResponse:     41 = 128 KB (3D 32x32x32 PF_A2B10G10R10 RT) CombineLUTs
[2019.03.26-04.04.42:719][473]LogConsoleResponse:     31 = 123 KB (2D 214x146 PF_FloatRGB RT VRam) BloomBlurX unused(1) VRamInKB(Start/Size):<NONE>
[2019.03.26-04.04.42:719][473]LogConsoleResponse:     21 = 123 KB (2D 214x146 PF_FloatRGB RT) BloomBlurY unused(1)
[2019.03.26-04.04.42:719][473]LogConsoleResponse:     10 = 64 KB (2D 128x128 PF_B8G8R8A8) PerlinNoiseGradient
[2019.03.26-04.04.42:719][473]LogConsoleResponse:     30 = 31 KB (2D 107x73 PF_FloatRGB RT VRam) BloomBlurX unused(1) VRamInKB(Start/Size):<NONE>
[2019.03.26-04.04.42:719][473]LogConsoleResponse:     22 = 31 KB (2D 107x73 PF_FloatRGB RT) BloomBlurY unused(1)
[2019.03.26-04.04.42:719][473]LogConsoleResponse:     16 = 16 KB (2D 128x32 PF_G16R16) PreintegratedGF
[2019.03.26-04.04.42:719][473]LogConsoleResponse:     14 = 16 KB (3D 16x16x16 PF_B8G8R8A8) PerlinNoise3D
[2019.03.26-04.04.42:719][473]LogConsoleResponse:     35 = 9 KB (2D 16x70 PF_FloatRGBA RT UAV VRam) Histogram unused(1) VRamInKB(Start/Size):<NONE>
[2019.03.26-04.04.42:719][473]LogConsoleResponse:     28 = 8 KB (2D 54x37 PF_FloatRGB RT VRam) BloomBlurX unused(1) VRamInKB(Start/Size):<NONE>
[2019.03.26-04.04.42:719][473]LogConsoleResponse:     23 = 8 KB (2D 54x37 PF_FloatRGB RT) BloomBlurY unused(1)
[2019.03.26-04.04.42:719][473]LogConsoleResponse:     75 = 8 KB (2D 64x16 PF_FloatRGBA RT) AtmosphereDeltaE
[2019.03.26-04.04.42:719][473]LogConsoleResponse:     76 = 8 KB (2D 64x16 PF_FloatRGBA RT) AtmosphereIrradiance
[2019.03.26-04.04.42:719][473]LogConsoleResponse:     15 = 8 KB (2D 64x64 PF_R8G8) SSAORandomization
[2019.03.26-04.04.42:719][473]LogConsoleResponse:     27 = 3 KB (2D 27x19 PF_FloatRGB RT VRam) BloomBlurX unused(1) VRamInKB(Start/Size):<NONE>
[2019.03.26-04.04.42:719][473]LogConsoleResponse:     24 = 3 KB (2D 27x19 PF_FloatRGB RT) BloomBlurY unused(1)
[2019.03.26-04.04.42:719][473]LogConsoleResponse:     26 = 1 KB (2D 14x10 PF_FloatRGB RT VRam) BloomBlurX unused(1) VRamInKB(Start/Size):<NONE>
[2019.03.26-04.04.42:719][473]LogConsoleResponse:     25 = 1 KB (2D 14x10 PF_FloatRGB RT) BloomBlurY unused(1)
[2019.03.26-04.04.42:720][473]LogConsoleResponse:     34 = 1 KB (2D 16x2 PF_A32B32G32R32F RT VRam) HistogramReduce unused(1) VRamInKB(Start/Size):<NONE>
[2019.03.26-04.04.42:720][473]LogConsoleResponse:      7 = 1 KB (2D 1x1 PF_B8G8R8A8 RT) BlackAlphaOneDummy
[2019.03.26-04.04.42:720][473]LogConsoleResponse:      6 = 1 KB (2D 1x1 PF_B8G8R8A8 RT) BlackDummy
[2019.03.26-04.04.42:720][473]LogConsoleResponse:      9 = 1 KB (2D 1x1 PF_B8G8R8A8 RT) DefaultNormal8Bit
[2019.03.26-04.04.42:720][473]LogConsoleResponse:      8 = 1 KB (2D 1x1 PF_B8G8R8A8 RT) GreenDummy
[2019.03.26-04.04.42:720][473]LogConsoleResponse:      5 = 1 KB (2D 1x1 PF_B8G8R8A8 RT) WhiteDummy
[2019.03.26-04.04.42:720][473]LogConsoleResponse:     13 = 1 KB (2D 1x1 PF_DepthStencil) DepthDummy
[2019.03.26-04.04.42:720][473]LogConsoleResponse:     12 = 1 KB (2D 1x1 PF_FloatRGBA RT) MaxFP16Depth
[2019.03.26-04.04.42:720][473]LogConsoleResponse:     33 = 1 KB (2D 1x1 PF_G32R32F RT UAV) EyeAdaptation
[2019.03.26-04.04.42:720][473]LogConsoleResponse:     53 = 1 KB (2D 1x1 PF_G32R32F RT UAV) EyeAdaptation
[2019.03.26-04.04.42:720][473]LogConsoleResponse:     52 = 1 KB (2D 1x1 PF_G32R32F RT UAV) EyeAdaptation
[2019.03.26-04.04.42:720][473]LogConsoleResponse:     32 = 1 KB (2D 1x1 PF_G32R32F RT UAV) EyeAdaptation
[2019.03.26-04.04.42:720][473]LogConsoleResponse:     11 = 1 KB (2D 32x16 PF_R16_UINT) SobolSampling
[2019.03.26-04.04.42:720][473]LogConsoleResponse: 
[2019.03.26-04.04.42:720][473]LogConsoleResponse: Pool: 39/108 MB (referenced/allocated)
[2019.03.26-04.04.42:720][473]LogWindows: FPlatformMisc::RequestExit(1)
[2019.03.26-04.04.42:720][473]Log file closed, 03/26/19 11:04:42
