Log file open, 04/02/19 14:11:54
LogWindows: Failed to load 'aqProf.dll' (GetLastError=126)
LogWindows: File 'aqProf.dll' does not exist
LogWindows: Failed to load 'VtuneApi.dll' (GetLastError=126)
LogWindows: File 'VtuneApi.dll' does not exist
LogWindows: Failed to load 'VtuneApi32e.dll' (GetLastError=126)
LogWindows: File 'VtuneApi32e.dll' does not exist
LogInit: Display: Running engine for game: ResidentEvil
LogPlatformFile: Not using cached read wrapper
LogInit: Display: RandInit(-1452231927) SRandInit(-1452231927).
LogInit: Read version file with build ID '3944462'
LogInit: Overriding engine version to CL 4033788, compatible CL 3944462
LogInit: Registered custom module enumerator with build ID '3944462'
LogTaskGraph: Started task graph with 5 named threads and 11 total threads with 3 sets of task threads.
LogStats: Stats thread started at 0.163228
LogD3D11RHI: Aftermath initialized
LogICUInternationalization: Display: ICU TimeZone Detection - Raw Offset: +7:00, Platform Override: ''
LogPluginManager: Mounting plugin Paper2D
LogPluginManager: Mounting plugin LiveLink
LogPluginManager: Mounting plugin LightPropagationVolume
LogPluginManager: Mounting plugin CLionSourceCodeAccess
LogPluginManager: Mounting plugin CodeLiteSourceCodeAccess
LogPluginManager: Mounting plugin GitSourceControl
LogPluginManager: Mounting plugin KDevelopSourceCodeAccess
LogPluginManager: Mounting plugin NullSourceCodeAccess
LogPluginManager: Mounting plugin PerforceSourceControl
LogPluginManager: Mounting plugin SubversionSourceControl
LogPluginManager: Mounting plugin UObjectPlugin
LogPluginManager: Mounting plugin VisualStudioCodeSourceCodeAccess
LogPluginManager: Mounting plugin VisualStudioSourceCodeAccess
LogPluginManager: Mounting plugin XCodeSourceCodeAccess
LogPluginManager: Mounting plugin AssetManagerEditor
LogPluginManager: Mounting plugin CryptoKeys
LogPluginManager: Mounting plugin DataValidation
LogPluginManager: Mounting plugin FacialAnimation
LogPluginManager: Mounting plugin GameplayTagsEditor
LogPluginManager: Mounting plugin MobileLauncherProfileWizard
LogPluginManager: Mounting plugin PluginBrowser
LogPluginManager: Mounting plugin SpeedTreeImporter
LogPluginManager: Mounting plugin DatasmithContent
LogPluginManager: Mounting plugin AlembicImporter
LogPluginManager: Mounting plugin CharacterAI
LogPluginManager: Mounting plugin HTML5Networking
LogPluginManager: Mounting plugin AndroidMedia
LogPluginManager: Mounting plugin AvfMedia
LogPluginManager: Mounting plugin ImgMedia
LogPluginManager: Mounting plugin LinearTimecode
LogPluginManager: Mounting plugin MediaCompositing
LogPluginManager: Mounting plugin MediaPlayerEditor
LogPluginManager: Mounting plugin WmfMedia
LogPluginManager: Mounting plugin TcpMessaging
LogPluginManager: Mounting plugin UdpMessaging
LogPluginManager: Mounting plugin ActorSequence
LogPluginManager: Mounting plugin LevelSequenceEditor
LogPluginManager: Mounting plugin MatineeToLevelSequence
LogPluginManager: Mounting plugin NetcodeUnitTest
LogPluginManager: Mounting plugin NUTUnrealEngine4
LogPluginManager: Mounting plugin OnlineSubsystemGooglePlay
LogPluginManager: Mounting plugin OnlineSubsystemIOS
LogPluginManager: Mounting plugin OnlineSubsystem
LogPluginManager: Mounting plugin OnlineSubsystemNull
LogPluginManager: Mounting plugin OnlineSubsystemUtils
LogPluginManager: Mounting plugin AndroidDeviceProfileSelector
LogPluginManager: Mounting plugin AndroidMoviePlayer
LogPluginManager: Mounting plugin AndroidPermission
LogPluginManager: Mounting plugin AppleARKit
LogPluginManager: Mounting plugin AppleMoviePlayer
LogPluginManager: Mounting plugin ArchVisCharacter
LogPluginManager: Mounting plugin AudioCapture
LogPluginManager: Mounting plugin CableComponent
LogPluginManager: Mounting plugin CustomMeshComponent
LogPluginManager: Mounting plugin ExampleDeviceProfileSelector
LogPluginManager: Mounting plugin GoogleCloudMessaging
LogPluginManager: Mounting plugin ImmediatePhysics
LogPluginManager: Mounting plugin IOSDeviceProfileSelector
LogPluginManager: Mounting plugin LinuxDeviceProfileSelector
LogPluginManager: Mounting plugin LocationServicesBPLibrary
LogPluginManager: Mounting plugin MobilePatchingUtils
LogPluginManager: Mounting plugin OculusVR
LogPluginManager: Plugin shader directory ../../../Engine/Plugins/Runtime/Oculus/OculusVR/Shaders found
LogPluginManager: Mapping shader source directory ../../../Engine/Plugins/Runtime/Oculus/OculusVR/Shaders to virtual directory /Plugin/OculusVR
LogPluginManager: Mounting plugin PhysXVehicles
LogPluginManager: Mounting plugin ProceduralMeshComponent
LogPluginManager: Mounting plugin RuntimePhysXCooking
LogPluginManager: Mounting plugin SteamVR
LogPluginManager: Mounting plugin WindowsMoviePlayer
LogStreaming: Display: Took  0.105s to configure plugins.
LogModuleManager: Display: Found up-to-date module file ../../../../../../KVT/Unreal Engine 4/Resident Evil Hunk/ResidentEvil/Binaries/Win64/UE4Editor-ResidentEvil.dll (API version 3944462).
LogModuleManager: Display: Found up-to-date module file ../../../Engine/Plugins/2D/Paper2D/Binaries/Win64/UE4Editor-Paper2D.dll (API version 3944462).
LogModuleManager: Display: Found up-to-date module file ../../../Engine/Plugins/2D/Paper2D/Binaries/Win64/UE4Editor-Paper2DEditor.dll (API version 3944462).
LogModuleManager: Display: Found up-to-date module file ../../../Engine/Plugins/2D/Paper2D/Binaries/Win64/UE4Editor-PaperSpriteSheetImporter.dll (API version 3944462).
LogModuleManager: Display: Found up-to-date module file ../../../Engine/Plugins/2D/Paper2D/Binaries/Win64/UE4Editor-PaperTiledImporter.dll (API version 3944462).
LogModuleManager: Display: Found up-to-date module file ../../../Engine/Plugins/2D/Paper2D/Binaries/Win64/UE4Editor-SmartSnapping.dll (API version 3944462).
LogModuleManager: Display: Found up-to-date module file ../../../Engine/Plugins/Animation/LiveLink/Binaries/Win64/UE4Editor-LiveLink.dll (API version 3944462).
LogModuleManager: Display: Found up-to-date module file ../../../Engine/Plugins/Animation/LiveLink/Binaries/Win64/UE4Editor-LiveLinkEditor.dll (API version 3944462).
LogModuleManager: Display: Found up-to-date module file ../../../Engine/Plugins/Blendables/LightPropagationVolume/Binaries/Win64/UE4Editor-LightPropagationVolumeRuntime.dll (API version 3944462).
LogModuleManager: Display: Found up-to-date module file ../../../Engine/Plugins/Blendables/LightPropagationVolume/Binaries/Win64/UE4Editor-LightPropagationVolumeEditor.dll (API version 3944462).
LogModuleManager: Display: Found up-to-date module file ../../../Engine/Plugins/Developer/CLionSourceCodeAccess/Binaries/Win64/UE4Editor-CLionSourceCodeAccess.dll (API version 3944462).
LogModuleManager: Display: Found up-to-date module file ../../../Engine/Plugins/Developer/GitSourceControl/Binaries/Win64/UE4Editor-GitSourceControl.dll (API version 3944462).
LogModuleManager: Display: Found up-to-date module file ../../../Engine/Plugins/Developer/PerforceSourceControl/Binaries/Win64/UE4Editor-PerforceSourceControl.dll (API version 3944462).
LogModuleManager: Display: Found up-to-date module file ../../../Engine/Plugins/Developer/SubversionSourceControl/Binaries/Win64/UE4Editor-SubversionSourceControl.dll (API version 3944462).
LogModuleManager: Display: Found up-to-date module file ../../../Engine/Plugins/Developer/UObjectPlugin/Binaries/Win64/UE4Editor-UObjectPlugin.dll (API version 3944462).
LogModuleManager: Display: Found up-to-date module file ../../../Engine/Plugins/Developer/VisualStudioCodeSourceCodeAccess/Binaries/Win64/UE4Editor-VisualStudioCodeSourceCodeAccess.dll (API version 3944462).
LogModuleManager: Display: Found up-to-date module file ../../../Engine/Plugins/Developer/VisualStudioSourceCodeAccess/Binaries/Win64/UE4Editor-VisualStudioSourceCodeAccess.dll (API version 3944462).
LogModuleManager: Display: Found up-to-date module file ../../../Engine/Plugins/Editor/AssetManagerEditor/Binaries/Win64/UE4Editor-AssetManagerEditor.dll (API version 3944462).
LogModuleManager: Display: Found up-to-date module file ../../../Engine/Plugins/Editor/CryptoKeys/Binaries/Win64/UE4Editor-CryptoKeys.dll (API version 3944462).
LogModuleManager: Display: Found up-to-date module file ../../../Engine/Plugins/Editor/CryptoKeys/Binaries/Win64/UE4Editor-CryptoKeysOpenSSL.dll (API version 3944462).
LogModuleManager: Display: Found up-to-date module file ../../../Engine/Plugins/Editor/DataValidation/Binaries/Win64/UE4Editor-DataValidation.dll (API version 3944462).
LogModuleManager: Display: Found up-to-date module file ../../../Engine/Plugins/Editor/FacialAnimation/Binaries/Win64/UE4Editor-FacialAnimation.dll (API version 3944462).
LogModuleManager: Display: Found up-to-date module file ../../../Engine/Plugins/Editor/FacialAnimation/Binaries/Win64/UE4Editor-FacialAnimationEditor.dll (API version 3944462).
LogModuleManager: Display: Found up-to-date module file ../../../Engine/Plugins/Editor/GameplayTagsEditor/Binaries/Win64/UE4Editor-GameplayTagsEditor.dll (API version 3944462).
LogModuleManager: Display: Found up-to-date module file ../../../Engine/Plugins/Editor/MobileLauncherProfileWizard/Binaries/Win64/UE4Editor-MobileLauncherProfileWizard.dll (API version 3944462).
LogModuleManager: Display: Found up-to-date module file ../../../Engine/Plugins/Editor/PluginBrowser/Binaries/Win64/UE4Editor-PluginBrowser.dll (API version 3944462).
LogModuleManager: Display: Found up-to-date module file ../../../Engine/Plugins/Editor/SpeedTreeImporter/Binaries/Win64/UE4Editor-SpeedTreeImporter.dll (API version 3944462).
LogModuleManager: Display: Found up-to-date module file ../../../Engine/Plugins/Enterprise/DatasmithContent/Binaries/Win64/UE4Editor-DatasmithContent.dll (API version 3944462).
LogModuleManager: Display: Found up-to-date module file ../../../Engine/Plugins/Experimental/AlembicImporter/Binaries/Win64/UE4Editor-AlembicImporter.dll (API version 3944462).
LogModuleManager: Display: Found up-to-date module file ../../../Engine/Plugins/Experimental/AlembicImporter/Binaries/Win64/UE4Editor-AlembicLibrary.dll (API version 3944462).
LogModuleManager: Display: Found up-to-date module file ../../../Engine/Plugins/Experimental/CharacterAI/Binaries/Win64/UE4Editor-CharacterAI.dll (API version 3944462).
LogModuleManager: Display: Found up-to-date module file ../../../Engine/Plugins/Experimental/HTML5Networking/Binaries/Win64/UE4Editor-HTML5Networking.dll (API version 3944462).
LogModuleManager: Display: Found up-to-date module file ../../../Engine/Plugins/Media/AndroidMedia/Binaries/Win64/UE4Editor-AndroidMediaEditor.dll (API version 3944462).
LogModuleManager: Display: Found up-to-date module file ../../../Engine/Plugins/Media/AndroidMedia/Binaries/Win64/UE4Editor-AndroidMediaFactory.dll (API version 3944462).
LogModuleManager: Display: Found up-to-date module file ../../../Engine/Plugins/Media/AvfMedia/Binaries/Win64/UE4Editor-AvfMediaEditor.dll (API version 3944462).
LogModuleManager: Display: Found up-to-date module file ../../../Engine/Plugins/Media/AvfMedia/Binaries/Win64/UE4Editor-AvfMediaFactory.dll (API version 3944462).
LogModuleManager: Display: Found up-to-date module file ../../../Engine/Plugins/Media/AvfMedia/Binaries/Win64/UE4Editor-AvfMediaFactory.dll (API version 3944462).
LogModuleManager: Display: Found up-to-date module file ../../../Engine/Plugins/Media/ImgMedia/Binaries/Win64/UE4Editor-ImgMedia.dll (API version 3944462).
LogModuleManager: Display: Found up-to-date module file ../../../Engine/Plugins/Media/ImgMedia/Binaries/Win64/UE4Editor-ImgMediaEditor.dll (API version 3944462).
LogModuleManager: Display: Found up-to-date module file ../../../Engine/Plugins/Media/ImgMedia/Binaries/Win64/UE4Editor-ImgMediaFactory.dll (API version 3944462).
LogModuleManager: Display: Found up-to-date module file ../../../Engine/Plugins/Media/ImgMedia/Binaries/Win64/UE4Editor-ImgMediaFactory.dll (API version 3944462).
LogModuleManager: Display: Found up-to-date module file ../../../Engine/Plugins/Media/ImgMedia/Binaries/Win64/UE4Editor-OpenExrWrapper.dll (API version 3944462).
LogModuleManager: Display: Found up-to-date module file ../../../Engine/Plugins/Media/LinearTimecode/Binaries/Win64/UE4Editor-LinearTimecode.dll (API version 3944462).
LogModuleManager: Display: Found up-to-date module file ../../../Engine/Plugins/Media/MediaCompositing/Binaries/Win64/UE4Editor-MediaCompositing.dll (API version 3944462).
LogModuleManager: Display: Found up-to-date module file ../../../Engine/Plugins/Media/MediaCompositing/Binaries/Win64/UE4Editor-MediaCompositingEditor.dll (API version 3944462).
LogModuleManager: Display: Found up-to-date module file ../../../Engine/Plugins/Media/MediaPlayerEditor/Binaries/Win64/UE4Editor-MediaPlayerEditor.dll (API version 3944462).
LogModuleManager: Display: Found up-to-date module file ../../../Engine/Plugins/Media/WmfMedia/Binaries/Win64/UE4Editor-WmfMedia.dll (API version 3944462).
LogModuleManager: Display: Found up-to-date module file ../../../Engine/Plugins/Media/WmfMedia/Binaries/Win64/UE4Editor-WmfMediaEditor.dll (API version 3944462).
LogModuleManager: Display: Found up-to-date module file ../../../Engine/Plugins/Media/WmfMedia/Binaries/Win64/UE4Editor-WmfMediaFactory.dll (API version 3944462).
LogModuleManager: Display: Found up-to-date module file ../../../Engine/Plugins/Media/WmfMedia/Binaries/Win64/UE4Editor-WmfMediaFactory.dll (API version 3944462).
LogModuleManager: Display: Found up-to-date module file ../../../Engine/Plugins/Messaging/TcpMessaging/Binaries/Win64/UE4Editor-TcpMessaging.dll (API version 3944462).
LogModuleManager: Display: Found up-to-date module file ../../../Engine/Plugins/Messaging/UdpMessaging/Binaries/Win64/UE4Editor-UdpMessaging.dll (API version 3944462).
LogModuleManager: Display: Found up-to-date module file ../../../Engine/Plugins/MovieScene/ActorSequence/Binaries/Win64/UE4Editor-ActorSequence.dll (API version 3944462).
LogModuleManager: Display: Found up-to-date module file ../../../Engine/Plugins/MovieScene/LevelSequenceEditor/Binaries/Win64/UE4Editor-LevelSequenceEditor.dll (API version 3944462).
LogModuleManager: Display: Found up-to-date module file ../../../Engine/Plugins/MovieScene/MatineeToLevelSequence/Binaries/Win64/UE4Editor-MatineeToLevelSequence.dll (API version 3944462).
LogModuleManager: Display: Found up-to-date module file ../../../Engine/Plugins/NetcodeUnitTest/NetcodeUnitTest/Binaries/Win64/UE4Editor-NetcodeUnitTest.dll (API version 3944462).
LogModuleManager: Display: Found up-to-date module file ../../../Engine/Plugins/NetcodeUnitTest/NUTUnrealEngine4/Binaries/Win64/UE4Editor-NUTUnrealEngine4.dll (API version 3944462).
LogModuleManager: Display: Found up-to-date module file ../../../Engine/Plugins/Online/OnlineSubsystem/Binaries/Win64/UE4Editor-OnlineSubsystem.dll (API version 3944462).
LogModuleManager: Display: Found up-to-date module file ../../../Engine/Plugins/Online/OnlineSubsystemNull/Binaries/Win64/UE4Editor-OnlineSubsystemNull.dll (API version 3944462).
LogModuleManager: Display: Found up-to-date module file ../../../Engine/Plugins/Online/OnlineSubsystemUtils/Binaries/Win64/UE4Editor-OnlineSubsystemUtils.dll (API version 3944462).
LogModuleManager: Display: Found up-to-date module file ../../../Engine/Plugins/Online/OnlineSubsystemUtils/Binaries/Win64/UE4Editor-OnlineBlueprintSupport.dll (API version 3944462).
LogModuleManager: Display: Found up-to-date module file ../../../Engine/Plugins/Runtime/AndroidDeviceProfileSelector/Binaries/Win64/UE4Editor-AndroidDeviceProfileSelector.dll (API version 3944462).
LogModuleManager: Display: Found up-to-date module file ../../../Engine/Plugins/Runtime/AndroidPermission/Binaries/Win64/UE4Editor-AndroidPermission.dll (API version 3944462).
LogModuleManager: Display: Found up-to-date module file ../../../Engine/Plugins/Runtime/AppleARKit/Binaries/Win64/UE4Editor-AppleARKit.dll (API version 3944462).
LogModuleManager: Display: Found up-to-date module file ../../../Engine/Plugins/Runtime/ArchVisCharacter/Binaries/Win64/UE4Editor-ArchVisCharacter.dll (API version 3944462).
LogModuleManager: Display: Found up-to-date module file ../../../Engine/Plugins/Runtime/AudioCapture/Binaries/Win64/UE4Editor-AudioCapture.dll (API version 3944462).
LogModuleManager: Display: Found up-to-date module file ../../../Engine/Plugins/Runtime/AudioCapture/Binaries/Win64/UE4Editor-AudioCaptureEditor.dll (API version 3944462).
LogModuleManager: Display: Found up-to-date module file ../../../Engine/Plugins/Runtime/CableComponent/Binaries/Win64/UE4Editor-CableComponent.dll (API version 3944462).
LogModuleManager: Display: Found up-to-date module file ../../../Engine/Plugins/Runtime/CustomMeshComponent/Binaries/Win64/UE4Editor-CustomMeshComponent.dll (API version 3944462).
LogModuleManager: Display: Found up-to-date module file ../../../Engine/Plugins/Runtime/ExampleDeviceProfileSelector/Binaries/Win64/UE4Editor-ExampleDeviceProfileSelector.dll (API version 3944462).
LogModuleManager: Display: Found up-to-date module file ../../../Engine/Plugins/Runtime/ImmediatePhysics/Binaries/Win64/UE4Editor-ImmediatePhysics.dll (API version 3944462).
LogModuleManager: Display: Found up-to-date module file ../../../Engine/Plugins/Runtime/ImmediatePhysics/Binaries/Win64/UE4Editor-ImmediatePhysicsEditor.dll (API version 3944462).
LogModuleManager: Display: Found up-to-date module file ../../../Engine/Plugins/Runtime/LocationServicesBPLibrary/Binaries/Win64/UE4Editor-LocationServicesBPLibrary.dll (API version 3944462).
LogModuleManager: Display: Found up-to-date module file ../../../Engine/Plugins/Runtime/MobilePatchingUtils/Binaries/Win64/UE4Editor-MobilePatchingUtils.dll (API version 3944462).
LogModuleManager: Display: Found up-to-date module file ../../../Engine/Plugins/Runtime/Oculus/OculusVR/Binaries/Win64/UE4Editor-OculusHMD.dll (API version 3944462).
LogModuleManager: Display: Found up-to-date module file ../../../Engine/Plugins/Runtime/Oculus/OculusVR/Binaries/Win64/UE4Editor-OculusInput.dll (API version 3944462).
LogModuleManager: Display: Found up-to-date module file ../../../Engine/Plugins/Runtime/Oculus/OculusVR/Binaries/Win64/UE4Editor-OculusEditor.dll (API version 3944462).
LogModuleManager: Display: Found up-to-date module file ../../../Engine/Plugins/Runtime/PhysXVehicles/Binaries/Win64/UE4Editor-PhysXVehicles.dll (API version 3944462).
LogModuleManager: Display: Found up-to-date module file ../../../Engine/Plugins/Runtime/PhysXVehicles/Binaries/Win64/UE4Editor-PhysXVehiclesEditor.dll (API version 3944462).
LogModuleManager: Display: Found up-to-date module file ../../../Engine/Plugins/Runtime/ProceduralMeshComponent/Binaries/Win64/UE4Editor-ProceduralMeshComponent.dll (API version 3944462).
LogModuleManager: Display: Found up-to-date module file ../../../Engine/Plugins/Runtime/ProceduralMeshComponent/Binaries/Win64/UE4Editor-ProceduralMeshComponentEditor.dll (API version 3944462).
LogModuleManager: Display: Found up-to-date module file ../../../Engine/Plugins/Runtime/RuntimePhysXCooking/Binaries/Win64/UE4Editor-RuntimePhysXCooking.dll (API version 3944462).
LogModuleManager: Display: Found up-to-date module file ../../../Engine/Plugins/Runtime/Steam/SteamVR/Binaries/Win64/UE4Editor-SteamVR.dll (API version 3944462).
LogModuleManager: Display: Found up-to-date module file ../../../Engine/Plugins/Runtime/Steam/SteamVR/Binaries/Win64/UE4Editor-SteamVRController.dll (API version 3944462).
LogModuleManager: Display: Found up-to-date module file ../../../Engine/Plugins/Runtime/WindowsMoviePlayer/Binaries/Win64/UE4Editor-WindowsMoviePlayer.dll (API version 3944462).
LogInit: Using libcurl 7.47.1
LogInit:  - built for x86_64-pc-win32
LogInit:  - supports SSL with OpenSSL/1.0.2g
LogInit:  - supports HTTP deflate (compression) using libz 1.2.8
LogInit:  - other features:
LogInit:      CURL_VERSION_SSL
LogInit:      CURL_VERSION_LIBZ
LogInit:      CURL_VERSION_IPV6
LogInit:      CURL_VERSION_ASYNCHDNS
LogInit:      CURL_VERSION_LARGEFILE
LogInit:      CURL_VERSION_IDN
LogInit:  CurlRequestOptions (configurable via config and command line):
LogInit:  - bVerifyPeer = false  - Libcurl will NOT verify peer certificate
LogInit:  - bUseHttpProxy = false  - Libcurl will NOT use HTTP proxy
LogInit:  - bDontReuseConnections = false  - Libcurl will reuse connections
LogInit:  - CertBundlePath = nullptr  - Libcurl will use whatever was configured at build time.
LogInit:  - MaxHostConnections = 16  - Libcurl will limit the number of connections to a host
LogInit:  - LocalHostAddr = Default
LogInit: WinSock: version 1.1 (2.2), MaxSocks=32767, MaxUdp=65467
LogInit: WinSock: I am DESKTOP-151KF17 (192.168.0.104:0)
LogInit: Build: ++UE4+Release-4.19-CL-4033788
LogInit: Engine Version: 4.19.2-4033788+++UE4+Release-4.19
LogInit: Compatible Engine Version: 4.19.0-3944462+++UE4+Release-4.19
LogInit: Net CL: 3944462
LogDevObjectVersion: Number of dev versions registered: 18
LogDevObjectVersion:   Dev-Blueprints (B0D832E4-1F89-4F0D-ACCF-7EB736FD4AA2): 10
LogDevObjectVersion:   Dev-Build (E1C64328-A22C-4D53-A36C-8E866417BD8C): 0
LogDevObjectVersion:   Dev-Core (375EC13C-06E4-48FB-B500-84F0262A717E): 2
LogDevObjectVersion:   Dev-Editor (E4B068ED-F494-42E9-A231-DA0B2E46BB41): 23
LogDevObjectVersion:   Dev-Framework (CFFC743F-43B0-4480-9391-14DF171D2073): 33
LogDevObjectVersion:   Dev-Mobile (B02B49B5-BB20-44E9-A304-32B752E40360): 2
LogDevObjectVersion:   Dev-Networking (A4E4105C-59A1-49B5-A7C5-40C4547EDFEE): 0
LogDevObjectVersion:   Dev-Online (39C831C9-5AE6-47DC-9A44-9C173E1C8E7C): 0
LogDevObjectVersion:   Dev-Physics (78F01B33-EBEA-4F98-B9B4-84EACCB95AA2): 0
LogDevObjectVersion:   Dev-Platform (6631380F-2D4D-43E0-8009-CF276956A95A): 0
LogDevObjectVersion:   Dev-Rendering (12F88B9F-8875-4AFC-A67C-D90C383ABD29): 25
LogDevObjectVersion:   Dev-Sequencer (7B5AE74C-D270-4C10-A958-57980B212A5A): 6
LogDevObjectVersion:   Dev-VR (D7296918-1DD6-4BDD-9DE2-64A83CC13884): 1
LogDevObjectVersion:   Dev-LoadTimes (C2A15278-BFE7-4AFE-6C17-90FF531DF755): 1
LogDevObjectVersion:   Private-Geometry (6EACA3D4-40EC-4CC1-B786-8BED09428FC5): 2
LogDevObjectVersion:   Dev-AnimPhys (29E575DD-E0A3-4627-9D10-D276232CDCEA): 16
LogDevObjectVersion:   Dev-ReflectionCapture (6B266CEC-1EC7-4B8F-A30B-E4D90942FC07): 1
LogDevObjectVersion:   Dev-Automation (0DF73D61-A23F-47EA-B727-89E90C41499A): 1
LogInit: Compiled (64-bit): Apr 27 2018 02:06:57
LogInit: Compiled with Visual C++: 19.00.24215.01
LogInit: Build Configuration: Development
LogInit: Branch Name: ++UE4+Release-4.19
LogInit: Command Line:  -skipcompile
LogInit: Base Directory: D:/Cai Dat/UE4/UE_4.19/Engine/Binaries/Win64/
LogInit: Installed Engine Build: 1
LogStreaming: Display: Took  0.002s to delete old logs.
LogInit: Presizing for max 8388607 objects, including 0 objects not considered by GC, pre-allocating 0 bytes for permanent pool.
LogInit: Object subsystem initialized
[2019.04.02-07.11.56:719][  0]LogInit: Selected Device Profile: [Windows]
[2019.04.02-07.11.56:719][  0]LogInit: Applying CVar settings loaded from the selected device profile: [Windows]
[2019.04.02-07.11.56:732][  0]LogInit: Computer: DESKTOP-151KF17
[2019.04.02-07.11.56:732][  0]LogInit: User: kvtuy
[2019.04.02-07.11.56:732][  0]LogInit: CPU Page size=4096, Cores=2
[2019.04.02-07.11.56:732][  0]LogInit: High frequency timer resolution =10.000000 MHz
[2019.04.02-07.11.56:732][  0]LogMemory: Memory total: Physical=15.9GB (16GB approx)
[2019.04.02-07.11.56:732][  0]LogMemory: Platform Memory Stats for Windows
[2019.04.02-07.11.56:732][  0]LogMemory: Process Physical Memory: 273.35 MB used, 273.35 MB peak
[2019.04.02-07.11.56:732][  0]LogMemory: Process Virtual Memory: 269.96 MB used, 269.96 MB peak
[2019.04.02-07.11.56:732][  0]LogMemory: Physical Memory: 4927.60 MB used,  11345.39 MB free, 16272.99 MB total
[2019.04.02-07.11.56:732][  0]LogMemory: Virtual Memory: 4784.82 MB used,  11345.39 MB free, 134217728.00 MB total
[2019.04.02-07.11.56:752][  0]LogInit: Using OS detected language (en-US).
[2019.04.02-07.11.56:752][  0]LogInit: Using OS detected locale (en-US).
[2019.04.02-07.11.56:757][  0]LogTextLocalizationManager: No specific localization for 'en-US' exists, so the 'en' localization will be used.
[2019.04.02-07.11.57:300][  0]LogStreaming: Display: Took  0.549s to EndInitTextLocalization.
[2019.04.02-07.11.57:300][  0]LogInit: Setting process to per monitor DPI aware
[2019.04.02-07.11.57:337][  0]LogSlate: New Slate User Created.  User Index 0, Is Virtual User: 0
[2019.04.02-07.11.57:337][  0]LogSlate: Slate User Registered.  User Index 0, Is Virtual User: 0
[2019.04.02-07.11.57:635][  0]LogD3D11RHI: D3D11 adapters:
[2019.04.02-07.11.57:689][  0]LogD3D11RHI:    1. 'Intel(R) HD Graphics 4600' (Feature Level 11_0)
[2019.04.02-07.11.57:689][  0]LogD3D11RHI:       112/0/2048 MB DedicatedVideo/DedicatedSystem/SharedSystem, Outputs:0, VendorId:0x8086
[2019.04.02-07.11.57:693][  0]LogD3D11RHI:    2. 'Microsoft Basic Render Driver' (Feature Level 11_0)
[2019.04.02-07.11.57:693][  0]LogD3D11RHI:       0/0/8136 MB DedicatedVideo/DedicatedSystem/SharedSystem, Outputs:0, VendorId:0x1414
[2019.04.02-07.11.57:693][  0]LogD3D11RHI: Chosen D3D11 Adapter: 1
[2019.04.02-07.11.57:728][  0]LogD3D11RHI: Creating new Direct3DDevice
[2019.04.02-07.11.57:729][  0]LogD3D11RHI:     GPU DeviceId: 0x416 (for the marketing name, search the web for "GPU Device Id")
[2019.04.02-07.11.57:729][  0]LogWindows: EnumDisplayDevices:
[2019.04.02-07.11.57:729][  0]LogWindows:    0. 'Intel(R) HD Graphics 4600' (P:1 D:1)
[2019.04.02-07.11.57:729][  0]LogWindows:    1. 'Intel(R) HD Graphics 4600' (P:0 D:0)
[2019.04.02-07.11.57:730][  0]LogWindows:    2. 'Intel(R) HD Graphics 4600' (P:0 D:0)
[2019.04.02-07.11.57:730][  0]LogWindows: DebugString: GetVideoDriverDetailsInvalid PrimaryIsNotTheChoosenAdapter GetVideoDriverDetailsInvalid PrimaryIsNotTheChoosenAdapter GetVideoDriverDetailsInvalid PrimaryIsNotTheChoosenAdapter FoundDriverCount:0 
[2019.04.02-07.11.57:730][  0]LogD3D11RHI:     Adapter Name: Intel(R) HD Graphics 4600
[2019.04.02-07.11.57:730][  0]LogD3D11RHI:   Driver Version: Unknown (internal:Unknown, unified:Unknown)
[2019.04.02-07.11.57:730][  0]LogD3D11RHI:      Driver Date: Unknown
[2019.04.02-07.11.57:730][  0]LogRHI: Texture pool is 795 MB (70% of 1136 MB)
[2019.04.02-07.11.57:736][  0]LogD3D11RHI: Async texture creation enabled
[2019.04.02-07.11.57:746][  0]LogD3D11RHI: GPU Timing Frequency: 12.500000 (Debug: 2 0)
[2019.04.02-07.11.57:746][  0]LogShaderCompilers: Guid format shader working directory is -23 characters bigger than the processId version (../../../../../../KVT/Unreal Engine 4/Resident Evil Hunk/ResidentEvil/Intermediate/Shaders/WorkingDirectory/3176/).
[2019.04.02-07.11.57:747][  0]LogShaderCompilers: Cleaned the shader compiler working directory 'C:/Users/kvtuy/AppData/Local/Temp/UnrealShaderWorkingDir/73B8463F4CACEE9FE69E549637F26369/'.
[2019.04.02-07.11.58:087][  0]LogTemp: Display: Loaded TP AllDesktopTargetPlatform
[2019.04.02-07.11.58:103][  0]LogTemp: Display: Loaded TP MacClientTargetPlatform
[2019.04.02-07.11.58:119][  0]LogTemp: Display: Loaded TP MacNoEditorTargetPlatform
[2019.04.02-07.11.58:135][  0]LogTemp: Display: Loaded TP MacServerTargetPlatform
[2019.04.02-07.11.58:152][  0]LogTemp: Display: Loaded TP MacTargetPlatform
[2019.04.02-07.11.58:173][  0]LogTemp: Display: Loaded TP WindowsClientTargetPlatform
[2019.04.02-07.11.58:189][  0]LogTemp: Display: Loaded TP WindowsNoEditorTargetPlatform
[2019.04.02-07.11.58:204][  0]LogTemp: Display: Loaded TP WindowsServerTargetPlatform
[2019.04.02-07.11.58:211][  0]LogTemp: Display: Loaded TP WindowsTargetPlatform
[2019.04.02-07.11.58:226][  0]LogTemp: Display: Loaded TP Android_ASTCTargetPlatform
[2019.04.02-07.11.58:239][  0]LogTemp: Display: Loaded TP Android_ATCTargetPlatform
[2019.04.02-07.11.58:255][  0]LogTemp: Display: Loaded TP Android_DXTTargetPlatform
[2019.04.02-07.11.58:269][  0]LogTemp: Display: Loaded TP Android_ETC1aTargetPlatform
[2019.04.02-07.11.58:282][  0]LogTemp: Display: Loaded TP Android_ETC1TargetPlatform
[2019.04.02-07.11.58:296][  0]LogTemp: Display: Loaded TP Android_ETC2TargetPlatform
[2019.04.02-07.11.58:328][  0]LogTemp: Display: Loaded TP Android_MultiTargetPlatform
[2019.04.02-07.11.58:328][  0]LogTemp: Display: Loaded TP Android_PVRTCTargetPlatform
[2019.04.02-07.11.58:342][  0]LogTemp: Display: Loaded TP AndroidTargetPlatform
[2019.04.02-07.11.58:344][  0]LogTemp: Display: Loaded TP HTML5TargetPlatform
[2019.04.02-07.11.58:384][  0]LogTemp: Display: Loaded TP IOSTargetPlatform
[2019.04.02-07.11.58:403][  0]LogTemp: Display: Loaded TP TVOSTargetPlatform
[2019.04.02-07.11.58:421][  0]LogTemp: Display: Loaded TP LinuxClientTargetPlatform
[2019.04.02-07.11.58:440][  0]LogTemp: Display: Loaded TP LinuxNoEditorTargetPlatform
[2019.04.02-07.11.58:462][  0]LogTemp: Display: Loaded TP LinuxServerTargetPlatform
[2019.04.02-07.11.58:483][  0]LogTemp: Display: Loaded TP LinuxTargetPlatform
[2019.04.02-07.11.58:483][  0]LogTargetPlatformManager: Display: Building Assets For Windows
[2019.04.02-07.11.58:620][  0]LogXGEController: Cleaning working directory: C:/Users/kvtuy/AppData/Local/Temp/UnrealXGEWorkingDir/
[2019.04.02-07.11.58:621][  0]LogXGEController: Cannot use XGE Controller as Incredibuild is not installed on this machine.
[2019.04.02-07.11.58:621][  0]LogShaderCompilers: Cannot use XGE Shader Compiler as Incredibuild is not installed on this machine.
[2019.04.02-07.11.58:621][  0]LogShaderCompilers: Display: Using Local Shader Compiler.
[2019.04.02-07.11.59:640][  0]LogDerivedDataCache: Display: Max Cache Size: 512 MB
[2019.04.02-07.11.59:788][  0]LogDerivedDataCache: Loaded boot cache 0.15s 156MB C:/Users/kvtuy/AppData/Local/UnrealEngine/4.19/DerivedDataCache/Boot.ddc.
[2019.04.02-07.11.59:788][  0]LogDerivedDataCache: Display: Loaded Boot cache: C:/Users/kvtuy/AppData/Local/UnrealEngine/4.19/DerivedDataCache/Boot.ddc
[2019.04.02-07.11.59:788][  0]LogDerivedDataCache: FDerivedDataBackendGraph:  Pak pak cache file ../../../../../../KVT/Unreal Engine 4/Resident Evil Hunk/ResidentEvil/DerivedDataCache/DDC.ddp not found, will not use a pak cache.
[2019.04.02-07.11.59:788][  0]LogDerivedDataCache: Unable to find inner node Pak for hierarchical cache Hierarchy.
[2019.04.02-07.11.59:788][  0]LogDerivedDataCache: FDerivedDataBackendGraph:  CompressedPak pak cache file ../../../../../../KVT/Unreal Engine 4/Resident Evil Hunk/ResidentEvil/DerivedDataCache/Compressed.ddp not found, will not use a pak cache.
[2019.04.02-07.11.59:788][  0]LogDerivedDataCache: Unable to find inner node CompressedPak for hierarchical cache Hierarchy.
[2019.04.02-07.11.59:808][  0]LogDerivedDataCache: Display: Pak cache opened for reading ../../../Engine/DerivedDataCache/Compressed.ddp.
[2019.04.02-07.11.59:822][  0]LogDerivedDataCache: Using Local data cache path C:/Users/kvtuy/AppData/Local/UnrealEngine/Common/DerivedDataCache: Writable
[2019.04.02-07.11.59:822][  0]LogDerivedDataCache: Shared data cache path not found in *engine.ini, will not use an Shared cache.
[2019.04.02-07.11.59:822][  0]LogDerivedDataCache: Unable to find inner node Shared for hierarchical cache Hierarchy.
[2019.04.02-07.11.59:835][  0]LogMaterial: Verifying Global Shaders for PCD3D_SM5
[2019.04.02-07.11.59:836][  0]LogSlate: Using Freetype 2.6.0
[2019.04.02-07.11.59:836][  0]LogSlate: SlateFontCache - WITH_FREETYPE: 1, WITH_HARFBUZZ: 1
[2019.04.02-07.11.59:836][  0]LogSlate: SlateFontCache - WITH_FREETYPE: 1, WITH_HARFBUZZ: 1
[2019.04.02-07.11.59:965][  0]LogAssetRegistry: FAssetRegistry took 0.0274 seconds to start up
[2019.04.02-07.12.00:490][  0]LogInit: Selected Device Profile: [Windows]
[2019.04.02-07.12.00:672][  0]LogSimplygon: Simplygon DLL not present - disabling.
[2019.04.02-07.12.00:675][  0]LogMeshReduction: Using SimplygonSwarm for distributed automatic mesh merging
[2019.04.02-07.12.00:675][  0]LogMeshReduction: Using QuadricMeshReduction for automatic static mesh reduction
[2019.04.02-07.12.00:675][  0]LogMeshReduction: No automatic skeletal mesh reduction module available
[2019.04.02-07.12.00:675][  0]LogMeshReduction: No automatic mesh merging module available
[2019.04.02-07.12.00:675][  0]LogMeshMerging: No automatic mesh merging module available
[2019.04.02-07.12.00:710][  0]LogNetVersion: ResidentEvil , NetCL: 3944462, EngineNetVer: 2, GameNetVer: 0 (Checksum: 3990793033)
[2019.04.02-07.12.01:304][  0]LogPackageLocalizationCache: Processed 9 localized package path(s) for 2 prioritized culture(s) in 0.077689 seconds
[2019.04.02-07.12.01:311][  0]LogUObjectArray: 36728 objects as part of root set at end of initial load.
[2019.04.02-07.12.01:311][  0]LogUObjectAllocator: 7314304 out of 0 bytes used by permanent object pool.
[2019.04.02-07.12.01:311][  0]LogUObjectArray: CloseDisregardForGC: 0/0 objects in disregard for GC pool
[2019.04.02-07.12.03:237][  0]LogTcpMessaging: Initializing TcpMessaging bridge
[2019.04.02-07.12.03:267][  0]LogUdpMessaging: Initializing bridge on interface 0.0.0.0:0 to multicast group 230.0.0.1:6666.
[2019.04.02-07.12.03:546][  0]LogSkeletalMesh: Skeletal Mesh found in DDC [0.976300ms] /Game/MyAssets/MilitaryWeapSilver/Weapons/Assault_Rifle_A.Assault_Rifle_A
[2019.04.02-07.12.03:616][  0]LogSkeletalMesh: Skeletal Mesh found in DDC [6.097500ms] /Game/MyCharacter/Hero/genAssault.genAssault
[2019.04.02-07.12.03:729][  0]LogUObjectGlobals: Created PersistentFrame Addr=0x000001b255c08310, Size=72, Default__HunkAnimation_C Function /Game/MyCharacter/Hero/HunkAnimation.HunkAnimation_C:ExecuteUbergraph_HunkAnimation
[2019.04.02-07.12.03:790][  0]LogUObjectGlobals: Destroyed PersistentFrame Addr=0x000001b255c08310, Size=72
[2019.04.02-07.12.03:790][  0]LogUObjectGlobals: Created PersistentFrame Addr=0x000001b257bf8db0, Size=72, Default__HunkAnimation_C Function /Engine/Transient.REINST_HunkAnimation_C_0:ExecuteUbergraph_HunkAnimation
[2019.04.02-07.12.03:863][  0]LogUObjectGlobals: Created PersistentFrame Addr=0x000001b258c4ff10, Size=72, Default__HunkAnimation_C Function /Game/MyCharacter/Hero/HunkAnimation.HunkAnimation_C:ExecuteUbergraph_HunkAnimation
[2019.04.02-07.12.03:942][  0]LogSkeletalMesh: Skeletal Mesh found in DDC [0.479200ms] /Game/MyAssets/MilitaryWeapSilver/Weapons/Pistols_A.Pistols_A
[2019.04.02-07.12.03:960][  0]LogSkeletalMesh: Skeletal Mesh found in DDC [0.353500ms] /Game/MyAssets/MilitaryWeapSilver/Weapons/Shotgun_A.Shotgun_A
[2019.04.02-07.12.04:095][  0]SourceControl: Source control is disabled
[2019.04.02-07.12.04:095][  0]SourceControl: Source control is disabled
[2019.04.02-07.12.04:113][  0]SourceControl: Source control is disabled
[2019.04.02-07.12.04:131][  0]SourceControl: Source control is disabled
[2019.04.02-07.12.04:641][  0]LogAndroidPermission: UAndroidPermissionCallbackProxy::GetInstance
[2019.04.02-07.12.04:802][  0]LogOcInput: OculusInput pre-init called
[2019.04.02-07.12.04:916][  0]LogEngine: Initializing Engine...
[2019.04.02-07.12.04:918][  0]LogHMD: Failed to initialize OpenVR with code 110
[2019.04.02-07.12.04:920][  0]LogStats: UGameplayTagsManager::ConstructGameplayTagTree: Construct from data asset -  0.000 s
[2019.04.02-07.12.04:920][  0]LogStats: UGameplayTagsManager::ConstructGameplayTagTree: GameplayTagTreeChangedEvent.Broadcast -  0.000 s
[2019.04.02-07.12.05:205][  0]LogAIModule: Creating AISystem for world Untitled
[2019.04.02-07.12.05:215][  0]LogInit: XAudio2 using 'Speakers (Conexant SmartAudio HD)' : 2 channels at 48 kHz using 32 bits per sample (channel mask 0x3)
[2019.04.02-07.12.05:299][  0]LogInit: FAudioDevice initialized.
[2019.04.02-07.12.05:402][  0]LogDerivedDataCache: Saved boot cache 0.10s 81MB C:/Users/kvtuy/AppData/Local/UnrealEngine/4.19/DerivedDataCache/Boot.ddc.
[2019.04.02-07.12.05:424][  0]LogInit: Texture streaming: Enabled
[2019.04.02-07.12.05:442][  0]LogEngineSessionManager: EngineSessionManager initialized
[2019.04.02-07.12.05:442][  0]LogEngineSessionManager: EngineSessionManager sent abnormal shutdown report. Type=AbnormalShutdown, SessionId={F8E6BB65-4330-E31D-7E8F-FFA9555CBF9B}
[2019.04.02-07.12.05:442][  0]LogEngineSessionManager: EngineSessionManager sent abnormal shutdown report. Type=Crashed, SessionId={81B7BDE8-4F33-DCE3-A201-A09F874DF554}
[2019.04.02-07.12.05:455][  0]LogInit: Transaction tracking system initialized
[2019.04.02-07.12.05:481][  0]BlueprintLog: New page: Editor Load
[2019.04.02-07.12.05:630][  0]LocalizationService: Localization service is disabled
[2019.04.02-07.12.05:725][  0]LogConsoleResponse: Display: 
[2019.04.02-07.12.05:953][  0]LogCook: Display: Max memory allowance for cook 16384mb min free memory 0mb
[2019.04.02-07.12.05:953][  0]LogCook: Display: Mobile HDR setting 1
[2019.04.02-07.12.05:953][  0]LogGameplayTags: Display: UGameplayTagsManager::DoneAddingNativeTags. DelegateIsBound: 0
[2019.04.02-07.12.05:953][  0]LogStats: UGameplayTagsManager::ConstructGameplayTagTree: Construct from data asset -  0.000 s
[2019.04.02-07.12.05:954][  0]LogStats: UGameplayTagsManager::ConstructGameplayTagTree: GameplayTagTreeChangedEvent.Broadcast -  0.000 s
[2019.04.02-07.12.06:326][  0]LogFileCache: Scanning file cache for directory 'D:/KVT/Unreal Engine 4/Resident Evil Hunk/ResidentEvil/Content/' took 0.02s
[2019.04.02-07.12.06:379][  0]SourceControl: Source control is disabled
[2019.04.02-07.12.06:379][  0]Cmd: MAP LOAD FILE="../../../../../../KVT/Unreal Engine 4/Resident Evil Hunk/ResidentEvil/Content/MyMap/Map01.umap" TEMPLATE=0 SHOWPROGRESS=1 FEATURELEVEL=3
[2019.04.02-07.12.06:379][  0]LightingResults: New page: Lighting Build
[2019.04.02-07.12.06:381][  0]MapCheck: New page: Map Check
[2019.04.02-07.12.06:381][  0]LightingResults: New page: Lighting Build
[2019.04.02-07.12.06:399][  0]LogUObjectGlobals: Destroyed PersistentFrame Addr=0x000001b257bf8db0, Size=72
[2019.04.02-07.12.06:672][  0]LogAIModule: Creating AISystem for world Map01
[2019.04.02-07.12.06:678][  0]LogEditorServer: Finished looking for orphan Actors (0.000 secs)
[2019.04.02-07.12.06:701][  0]Cmd: MAP CHECKDEP NOCLEARLOG
[2019.04.02-07.12.06:761][  0]MapCheck: Map check complete: 0 Error(s), 0 Warning(s), took 59.603ms to complete.
[2019.04.02-07.12.06:761][  0]LogFileHelpers: Loading map 'Map01' took 0.382
[2019.04.02-07.12.06:924][  0]LogCollectionManager: Loaded 0 collections in 0.002237 seconds
[2019.04.02-07.12.06:966][  0]LogFileCache: Scanning file cache for directory 'D:/KVT/Unreal Engine 4/Resident Evil Hunk/ResidentEvil/Saved/Collections/' took 0.01s
[2019.04.02-07.12.06:966][  0]LogFileCache: Scanning file cache for directory 'D:/KVT/Unreal Engine 4/Resident Evil Hunk/ResidentEvil/Content/Developers/kvtuy/Collections/' took 0.01s
[2019.04.02-07.12.06:966][  0]LogFileCache: Scanning file cache for directory 'D:/KVT/Unreal Engine 4/Resident Evil Hunk/ResidentEvil/Content/Collections/' took 0.01s
[2019.04.02-07.12.06:966][  0]LogCollectionManager: Rebuilt the GUID cache for 0 collections in 0.000000 seconds
[2019.04.02-07.12.06:987][  0]LogContentBrowser: Native class hierarchy populated in 0.0213 seconds. Added 2461 classes and 569 folders.
[2019.04.02-07.12.07:001][  0]LogContentBrowser: Native class hierarchy updated for 'WidgetCarousel' in 0.0063 seconds. Added 0 classes and 0 folders.
[2019.04.02-07.12.07:070][  0]LogContentBrowser: Native class hierarchy updated for 'AddContentDialog' in 0.0077 seconds. Added 0 classes and 0 folders.
[2019.04.02-07.12.07:083][  0]LogContentBrowser: Native class hierarchy updated for 'SceneOutliner' in 0.0067 seconds. Added 1 classes and 2 folders.
[2019.04.02-07.12.07:107][  0]LogSlate: Took 0.000195 seconds to synchronously load lazily loaded font '../../../Engine/Content/Slate/Fonts/Roboto-Regular.ttf' (155K)
[2019.04.02-07.12.07:110][  0]LogSlate: Took 0.000218 seconds to synchronously load lazily loaded font '../../../Engine/Content/Slate/Fonts/Roboto-Bold.ttf' (160K)
[2019.04.02-07.12.07:119][  0]LogSlate: Took 0.000207 seconds to synchronously load lazily loaded font '../../../Engine/Content/Editor/Slate/Fonts/FontAwesome.ttf' (139K)
[2019.04.02-07.12.07:248][  0]LogRenderer: Reallocating scene render targets to support 856x380 Format 10 NumSamples 1 (Frame:1).
[2019.04.02-07.12.07:807][  0]LogContentBrowser: Native class hierarchy updated for 'HierarchicalLODOutliner' in 0.0069 seconds. Added 0 classes and 0 folders.
[2019.04.02-07.12.07:807][  0]LogLoad: (Engine Initialization) Total time: 14.00 seconds
[2019.04.02-07.12.07:808][  0]LogLoad: (Engine Initialization) Total Blueprint compile time: 0.00 seconds
[2019.04.02-07.12.08:165][  0]LogContentStreaming: Texture pool size now 1000 MB
[2019.04.02-07.12.08:198][  0]LogSlate: Took 0.000201 seconds to synchronously load lazily loaded font '../../../Engine/Content/Slate/Fonts/Roboto-Light.ttf' (167K)
[2019.04.02-07.12.08:923][  3]LogAssetRegistry: Asset discovery search completed in 8.9808 seconds
[2019.04.02-07.12.08:927][  3]LogCollectionManager: Rebuilt the object cache for 0 collections in 0.000000 seconds (found 0 objects)
[2019.04.02-07.12.08:927][  3]LogCollectionManager: Fixed up redirectors for 0 collections in 0.000096 seconds (updated 0 objects)
[2019.04.02-07.12.11:857][123]LogSlate: FSceneViewport::OnFocusLost() reason 0
[2019.04.02-07.12.52:445][662]LogSlate: Window 'ResidentEvil - Unreal Editor' being destroyed
[2019.04.02-07.12.52:446][662]LogWindowsTextInputMethodSystem: Display: IME system now deactivated.
[2019.04.02-07.12.52:635][663]Cmd: QUIT_EDITOR
[2019.04.02-07.12.52:675][663]LogSlate: Slate User Destroyed.  User Index 0, Is Virtual User: 0
[2019.04.02-07.12.52:675][663]LogExit: Preparing to exit.
[2019.04.02-07.12.53:345][663]LogDirectoryWatcher: A directory notification for 'D:/KVT/Unreal Engine 4/Resident Evil Hunk/ResidentEvil/Content/' was aborted.
[2019.04.02-07.12.53:468][663]LogUObjectGlobals: Destroyed PersistentFrame Addr=0x000001b258c4ff10, Size=72
[2019.04.02-07.12.53:469][663]LogExit: Editor shut down
[2019.04.02-07.12.53:471][663]LogExit: Transaction tracking system shut down
[2019.04.02-07.12.53:725][663]LogDirectoryWatcher: A directory notification for '../../../Engine/Content/' was aborted.
[2019.04.02-07.12.53:726][663]LogDirectoryWatcher: A directory notification for '../../../../../../KVT/Unreal Engine 4/Resident Evil Hunk/ResidentEvil/Content/' was aborted.
[2019.04.02-07.12.53:726][663]LogDirectoryWatcher: A directory notification for '../../Plugins/2D/Paper2D/Content/' was aborted.
[2019.04.02-07.12.53:726][663]LogDirectoryWatcher: A directory notification for '../../Plugins/Enterprise/DatasmithContent/Content/' was aborted.
[2019.04.02-07.12.53:726][663]LogDirectoryWatcher: A directory notification for '../../Plugins/Media/MediaCompositing/Content/' was aborted.
[2019.04.02-07.12.53:726][663]LogDirectoryWatcher: A directory notification for '../../Plugins/Runtime/AppleARKit/Content/' was aborted.
[2019.04.02-07.12.53:726][663]LogDirectoryWatcher: A directory notification for '../../Plugins/Runtime/Oculus/OculusVR/Content/' was aborted.
[2019.04.02-07.12.53:726][663]LogDirectoryWatcher: A directory notification for '../../Plugins/Runtime/Steam/SteamVR/Content/' was aborted.
[2019.04.02-07.12.53:932][663]LogExit: Object subsystem successfully closed.
[2019.04.02-07.12.53:960][663]LogShaderCompilers: Display: Shaders left to compile 0
[2019.04.02-07.12.53:975][663]LogD3D11RHI: Shutdown
[2019.04.02-07.12.53:975][663]LogD3D11RHI: CleanupD3DDevice
[2019.04.02-07.12.54:003][663]LogD3D11RHI: ~FD3D11DynamicRHI
[2019.04.02-07.12.54:028][663]LogModuleManager: Shutting down and abandoning module HierarchicalLODOutliner (576)
[2019.04.02-07.12.54:028][663]LogModuleManager: Shutting down and abandoning module DesktopPlatform (574)
[2019.04.02-07.12.54:028][663]LogModuleManager: Shutting down and abandoning module SceneOutliner (572)
[2019.04.02-07.12.54:028][663]LogModuleManager: Shutting down and abandoning module AddContentDialog (570)
[2019.04.02-07.12.54:029][663]LogDirectoryWatcher: A directory notification for 'D:/Cai Dat/UE4/UE_4.19/FeaturePacks/' was aborted.
[2019.04.02-07.12.54:036][663]LogModuleManager: Shutting down and abandoning module WidgetCarousel (569)
[2019.04.02-07.12.54:036][663]LogModuleManager: Shutting down and abandoning module EditorWidgets (566)
[2019.04.02-07.12.54:036][663]LogModuleManager: Shutting down and abandoning module CollectionManager (564)
[2019.04.02-07.12.54:036][663]LogDirectoryWatcher: A directory notification for 'D:/KVT/Unreal Engine 4/Resident Evil Hunk/ResidentEvil/Content/Collections/' was aborted.
[2019.04.02-07.12.54:036][663]LogDirectoryWatcher: A directory notification for 'D:/KVT/Unreal Engine 4/Resident Evil Hunk/ResidentEvil/Content/Developers/kvtuy/Collections/' was aborted.
[2019.04.02-07.12.54:036][663]LogDirectoryWatcher: A directory notification for 'D:/KVT/Unreal Engine 4/Resident Evil Hunk/ResidentEvil/Saved/Collections/' was aborted.
[2019.04.02-07.12.54:037][663]LogModuleManager: Shutting down and abandoning module StatsViewer (562)
[2019.04.02-07.12.54:037][663]LogModuleManager: Shutting down and abandoning module FoliageEdit (560)
[2019.04.02-07.12.54:037][663]LogModuleManager: Shutting down and abandoning module LandscapeEditor (558)
[2019.04.02-07.12.54:037][663]LogModuleManager: Shutting down and abandoning module MeshPaintMode (556)
[2019.04.02-07.12.54:037][663]LogModuleManager: Shutting down and abandoning module SceneDepthPickerMode (554)
[2019.04.02-07.12.54:037][663]LogModuleManager: Shutting down and abandoning module ActorPickerMode (552)
[2019.04.02-07.12.54:037][663]LogModuleManager: Shutting down and abandoning module GeometryMode (550)
[2019.04.02-07.12.54:037][663]LogModuleManager: Shutting down and abandoning module TextureAlignMode (548)
[2019.04.02-07.12.54:037][663]LogModuleManager: Shutting down and abandoning module BspMode (546)
[2019.04.02-07.12.54:038][663]LogModuleManager: Shutting down and abandoning module PIEPreviewDeviceProfileSelector (544)
[2019.04.02-07.12.54:038][663]LogModuleManager: Shutting down and abandoning module HardwareSurvey (542)
[2019.04.02-07.12.54:038][663]LogModuleManager: Shutting down and abandoning module SequenceRecorderSections (540)
[2019.04.02-07.12.54:038][663]LogModuleManager: Shutting down and abandoning module AutomationWorker (538)
[2019.04.02-07.12.54:038][663]LogModuleManager: Shutting down and abandoning module AudioCaptureEditor (536)
[2019.04.02-07.12.54:038][663]LogModuleManager: Shutting down and abandoning module SequenceRecorder (535)
[2019.04.02-07.12.54:038][663]LogModuleManager: Shutting down and abandoning module MatineeToLevelSequence (532)
[2019.04.02-07.12.54:038][663]LogModuleManager: Shutting down and abandoning module LevelSequenceEditor (530)
[2019.04.02-07.12.54:038][663]LogModuleManager: Shutting down and abandoning module PlacementMode (529)
[2019.04.02-07.12.54:038][663]LogModuleManager: Shutting down and abandoning module MaterialEditor (528)
[2019.04.02-07.12.54:038][663]LogModuleManager: Shutting down and abandoning module WmfMediaFactory (524)
[2019.04.02-07.12.54:038][663]LogModuleManager: Shutting down and abandoning module WmfMediaEditor (522)
[2019.04.02-07.12.54:038][663]LogModuleManager: Shutting down and abandoning module MediaPlayerEditor (520)
[2019.04.02-07.12.54:038][663]LogModuleManager: Shutting down and abandoning module OpenExrWrapper (518)
[2019.04.02-07.12.54:038][663]LogModuleManager: Shutting down and abandoning module ImgMediaFactory (516)
[2019.04.02-07.12.54:038][663]LogModuleManager: Shutting down and abandoning module ImgMediaEditor (514)
[2019.04.02-07.12.54:038][663]LogModuleManager: Shutting down and abandoning module AvfMediaFactory (512)
[2019.04.02-07.12.54:038][663]LogModuleManager: Shutting down and abandoning module AvfMediaEditor (510)
[2019.04.02-07.12.54:038][663]LogModuleManager: Shutting down and abandoning module AndroidMediaFactory (508)
[2019.04.02-07.12.54:038][663]LogModuleManager: Shutting down and abandoning module AndroidMediaEditor (506)
[2019.04.02-07.12.54:039][663]LogModuleManager: Shutting down and abandoning module CharacterAI (504)
[2019.04.02-07.12.54:039][663]LogModuleManager: Shutting down and abandoning module SmartSnapping (502)
[2019.04.02-07.12.54:039][663]LogModuleManager: Shutting down and abandoning module SessionServices (500)
[2019.04.02-07.12.54:039][663]LogModuleManager: Shutting down and abandoning module ViewportSnapping (498)
[2019.04.02-07.12.54:039][663]LogModuleManager: Shutting down and abandoning module ViewportInteraction (496)
[2019.04.02-07.12.54:039][663]LogModuleManager: Shutting down and abandoning module ClothPainter (494)
[2019.04.02-07.12.54:039][663]LogModuleManager: Shutting down and abandoning module SkeletalMeshEditor (493)
[2019.04.02-07.12.54:039][663]LogModuleManager: Shutting down and abandoning module LogVisualizer (490)
[2019.04.02-07.12.54:039][663]LogModuleManager: Shutting down and abandoning module IntroTutorials (488)
[2019.04.02-07.12.54:039][663]LogModuleManager: Shutting down and abandoning module GameProjectGeneration (487)
[2019.04.02-07.12.54:039][663]LogModuleManager: Shutting down and abandoning module IOSPlatformEditor (484)
[2019.04.02-07.12.54:039][663]LogModuleManager: Shutting down and abandoning module HTML5PlatformEditor (482)
[2019.04.02-07.12.54:039][663]LogModuleManager: Shutting down and abandoning module AndroidPlatformEditor (480)
[2019.04.02-07.12.54:039][663]LogModuleManager: Shutting down and abandoning module AndroidDeviceDetection (479)
[2019.04.02-07.12.54:711][663]LogModuleManager: Shutting down and abandoning module WindowsPlatformEditor (476)
[2019.04.02-07.12.54:711][663]LogModuleManager: Shutting down and abandoning module IOSRuntimeSettings (474)
[2019.04.02-07.12.54:711][663]LogModuleManager: Shutting down and abandoning module AndroidRuntimeSettings (472)
[2019.04.02-07.12.54:712][663]LogModuleManager: Shutting down and abandoning module InputBindingEditor (470)
[2019.04.02-07.12.54:712][663]LogModuleManager: Shutting down and abandoning module MergeActors (468)
[2019.04.02-07.12.54:712][663]LogModuleManager: Shutting down and abandoning module LocalizationDashboard (466)
[2019.04.02-07.12.54:712][663]LogModuleManager: Shutting down and abandoning module LocalizationService (465)
[2019.04.02-07.12.54:712][663]LogModuleManager: Shutting down and abandoning module HardwareTargeting (462)
[2019.04.02-07.12.54:712][663]LogModuleManager: Shutting down and abandoning module DeviceProfileEditor (460)
[2019.04.02-07.12.54:712][663]LogModuleManager: Shutting down and abandoning module UndoHistory (458)
[2019.04.02-07.12.54:712][663]LogModuleManager: Shutting down and abandoning module XmlParser (456)
[2019.04.02-07.12.54:712][663]LogModuleManager: Shutting down and abandoning module Blutility (454)
[2019.04.02-07.12.54:712][663]LogModuleManager: Shutting down and abandoning module ProjectSettingsViewer (452)
[2019.04.02-07.12.54:712][663]LogModuleManager: Shutting down and abandoning module ProjectTargetPlatformEditor (451)
[2019.04.02-07.12.54:712][663]LogModuleManager: Shutting down and abandoning module EditorSettingsViewer (448)
[2019.04.02-07.12.54:712][663]LogModuleManager: Shutting down and abandoning module SettingsEditor (446)
[2019.04.02-07.12.54:712][663]LogModuleManager: Shutting down and abandoning module ProjectLauncher (444)
[2019.04.02-07.12.54:712][663]LogModuleManager: Shutting down and abandoning module SessionFrontend (442)
[2019.04.02-07.12.54:712][663]LogModuleManager: Shutting down and abandoning module ProfilerClient (440)
[2019.04.02-07.12.54:712][663]LogModuleManager: Shutting down and abandoning module DeviceManager (438)
[2019.04.02-07.12.54:712][663]LogModuleManager: Shutting down and abandoning module TargetDeviceServices (437)
[2019.04.02-07.12.54:779][663]LogModuleManager: Shutting down and abandoning module AutomationController (434)
[2019.04.02-07.12.54:779][663]LogModuleManager: Shutting down and abandoning module AutomationWindow (432)
[2019.04.02-07.12.54:779][663]LogModuleManager: Shutting down and abandoning module Layers (430)
[2019.04.02-07.12.54:779][663]LogModuleManager: Shutting down and abandoning module ComponentVisualizers (428)
[2019.04.02-07.12.54:779][663]LogModuleManager: Shutting down and abandoning module DetailCustomizations (426)
[2019.04.02-07.12.54:779][663]LogModuleManager: Shutting down and abandoning module PackagesDialog (424)
[2019.04.02-07.12.54:779][663]LogModuleManager: Shutting down and abandoning module Persona (422)
[2019.04.02-07.12.54:779][663]LogModuleManager: Shutting down and abandoning module AdvancedPreviewScene (421)
[2019.04.02-07.12.54:779][663]LogModuleManager: Shutting down and abandoning module AnimGraph (419)
[2019.04.02-07.12.54:779][663]LogModuleManager: Shutting down and abandoning module Kismet (416)
[2019.04.02-07.12.54:780][663]LogModuleManager: Shutting down and abandoning module GraphEditor (414)
[2019.04.02-07.12.54:780][663]LogModuleManager: Shutting down and abandoning module ClassViewer (412)
[2019.04.02-07.12.54:780][663]LogModuleManager: Shutting down and abandoning module Toolbox (410)
[2019.04.02-07.12.54:780][663]LogModuleManager: Shutting down and abandoning module ModuleUI (408)
[2019.04.02-07.12.54:780][663]LogModuleManager: Shutting down and abandoning module MovieSceneTools (406)
[2019.04.02-07.12.54:780][663]LogModuleManager: Shutting down and abandoning module OutputLog (404)
[2019.04.02-07.12.54:781][663]LogModuleManager: Shutting down and abandoning module GammaUI (402)
[2019.04.02-07.12.54:781][663]LogModuleManager: Shutting down and abandoning module Documentation (400)
[2019.04.02-07.12.54:781][663]LogModuleManager: Shutting down and abandoning module MovieSceneTracks (398)
[2019.04.02-07.12.54:781][663]LogModuleManager: Shutting down and abandoning module MovieScene (396)
[2019.04.02-07.12.54:781][663]LogModuleManager: Shutting down and abandoning module StreamingPauseRendering (394)
[2019.04.02-07.12.54:781][663]LogModuleManager: Shutting down and abandoning module LauncherPlatform (392)
[2019.04.02-07.12.54:781][663]LogModuleManager: Shutting down and abandoning module AnalyticsET (390)
[2019.04.02-07.12.54:781][663]LogModuleManager: Shutting down and abandoning module PortalServices (388)
[2019.04.02-07.12.54:781][663]LogModuleManager: Shutting down and abandoning module PortalRpc (386)
[2019.04.02-07.12.54:781][663]LogModuleManager: Shutting down and abandoning module MessagingRpc (384)
[2019.04.02-07.12.54:781][663]LogModuleManager: Shutting down and abandoning module AIModule (382)
[2019.04.02-07.12.54:781][663]LogModuleManager: Shutting down and abandoning module GameplayDebugger (381)
[2019.04.02-07.12.54:781][663]LogModuleManager: Shutting down and abandoning module AITestSuite (379)
[2019.04.02-07.12.54:781][663]LogModuleManager: Shutting down and abandoning module ProfilerService (376)
[2019.04.02-07.12.54:992][663]LogModuleManager: Shutting down and abandoning module TaskGraph (374)
[2019.04.02-07.12.54:992][663]LogModuleManager: Shutting down and abandoning module SteamVRController (372)
[2019.04.02-07.12.54:992][663]LogModuleManager: Shutting down and abandoning module ProceduralMeshComponentEditor (370)
[2019.04.02-07.12.54:992][663]LogModuleManager: Shutting down and abandoning module ProceduralMeshComponent (368)
[2019.04.02-07.12.54:992][663]LogModuleManager: Shutting down and abandoning module OculusInput (366)
[2019.04.02-07.12.54:992][663]LogModuleManager: Shutting down and abandoning module MobilePatchingUtils (364)
[2019.04.02-07.12.54:992][663]LogModuleManager: Shutting down and abandoning module CustomMeshComponent (362)
[2019.04.02-07.12.54:993][663]LogModuleManager: Shutting down and abandoning module CableComponent (360)
[2019.04.02-07.12.54:993][663]LogModuleManager: Shutting down and abandoning module AudioCapture (358)
[2019.04.02-07.12.54:993][663]LogModuleManager: Shutting down and abandoning module ArchVisCharacter (356)
[2019.04.02-07.12.54:993][663]LogModuleManager: Shutting down and abandoning module AndroidPermission (354)
[2019.04.02-07.12.54:993][663]LogModuleManager: Shutting down and abandoning module NUTUnrealEngine4 (350)
[2019.04.02-07.12.54:993][663]LogModuleManager: Shutting down and abandoning module NetcodeUnitTest (348)
[2019.04.02-07.12.54:993][663]LogModuleManager: Shutting down and abandoning module MediaCompositingEditor (346)
[2019.04.02-07.12.54:993][663]LogModuleManager: Shutting down and abandoning module MediaCompositing (344)
[2019.04.02-07.12.54:993][663]LogModuleManager: Shutting down and abandoning module LinearTimecode (342)
[2019.04.02-07.12.54:993][663]LogModuleManager: Shutting down and abandoning module ImgMedia (340)
[2019.04.02-07.12.54:998][663]LogModuleManager: Shutting down and abandoning module HTML5Networking (338)
[2019.04.02-07.12.54:998][663]LogModuleManager: Shutting down and abandoning module AlembicImporter (336)
[2019.04.02-07.12.54:998][663]LogModuleManager: Shutting down and abandoning module AlembicLibrary (335)
[2019.04.02-07.12.54:998][663]LogModuleManager: Shutting down and abandoning module GeometryCache (334)
[2019.04.02-07.12.54:998][663]LogModuleManager: Shutting down and abandoning module GeometryCacheEd (333)
[2019.04.02-07.12.54:998][663]LogModuleManager: Shutting down and abandoning module DatasmithContent (328)
[2019.04.02-07.12.54:998][663]LogModuleManager: Shutting down and abandoning module SpeedTreeImporter (326)
[2019.04.02-07.12.54:998][663]LogModuleManager: Shutting down and abandoning module PluginBrowser (324)
[2019.04.02-07.12.54:998][663]LogModuleManager: Shutting down and abandoning module MobileLauncherProfileWizard (322)
[2019.04.02-07.12.54:998][663]LogModuleManager: Shutting down and abandoning module CryptoKeysOpenSSL (320)
[2019.04.02-07.12.54:998][663]LogModuleManager: Shutting down and abandoning module CryptoKeys (318)
[2019.04.02-07.12.54:998][663]LogModuleManager: Shutting down and abandoning module VisualStudioSourceCodeAccess (316)
[2019.04.02-07.12.54:998][663]LogModuleManager: Shutting down and abandoning module VisualStudioCodeSourceCodeAccess (314)
[2019.04.02-07.12.54:998][663]LogModuleManager: Shutting down and abandoning module UObjectPlugin (312)
[2019.04.02-07.12.54:998][663]LogModuleManager: Shutting down and abandoning module SubversionSourceControl (310)
[2019.04.02-07.12.54:998][663]LogModuleManager: Shutting down and abandoning module PerforceSourceControl (308)
[2019.04.02-07.12.54:998][663]LogModuleManager: Shutting down and abandoning module GitSourceControl (306)
[2019.04.02-07.12.54:998][663]LogModuleManager: Shutting down and abandoning module SourceControl (305)
[2019.04.02-07.12.54:998][663]LogModuleManager: Shutting down and abandoning module CLionSourceCodeAccess (302)
[2019.04.02-07.12.54:998][663]LogModuleManager: Shutting down and abandoning module LightPropagationVolumeEditor (300)
[2019.04.02-07.12.54:998][663]LogModuleManager: Shutting down and abandoning module PaperTiledImporter (298)
[2019.04.02-07.12.54:998][663]LogModuleManager: Shutting down and abandoning module PaperSpriteSheetImporter (296)
[2019.04.02-07.12.54:998][663]LogModuleManager: Shutting down and abandoning module Paper2DEditor (294)
[2019.04.02-07.12.54:998][663]LogModuleManager: Shutting down and abandoning module MeshPaint (293)
[2019.04.02-07.12.54:998][663]LogModuleManager: Shutting down and abandoning module ResidentEvil (290)
[2019.04.02-07.12.54:998][663]LogModuleManager: Shutting down and abandoning module RuntimePhysXCooking (288)
[2019.04.02-07.12.54:998][663]LogModuleManager: Shutting down and abandoning module PhysXVehiclesEditor (286)
[2019.04.02-07.12.54:998][663]LogModuleManager: Shutting down and abandoning module PhysXVehicles (284)
[2019.04.02-07.12.54:998][663]LogModuleManager: Shutting down and abandoning module OculusEditor (282)
[2019.04.02-07.12.54:998][663]LogModuleManager: Shutting down and abandoning module LocationServicesBPLibrary (280)
[2019.04.02-07.12.54:998][663]LogModuleManager: Shutting down and abandoning module ImmediatePhysicsEditor (278)
[2019.04.02-07.12.54:998][663]LogModuleManager: Shutting down and abandoning module ImmediatePhysics (276)
[2019.04.02-07.12.54:998][663]LogModuleManager: Shutting down and abandoning module ActorSequence (274)
[2019.04.02-07.12.54:998][663]LogModuleManager: Shutting down and abandoning module UdpMessaging (272)
[2019.04.02-07.12.55:099][663]LogModuleManager: Shutting down and abandoning module TcpMessaging (270)
[2019.04.02-07.12.55:200][663]LogModuleManager: Shutting down and abandoning module GameplayTagsEditor (268)
[2019.04.02-07.12.55:200][663]LogModuleManager: Shutting down and abandoning module FacialAnimationEditor (266)
[2019.04.02-07.12.55:200][663]LogModuleManager: Shutting down and abandoning module FacialAnimation (264)
[2019.04.02-07.12.55:200][663]LogModuleManager: Shutting down and abandoning module DataValidation (262)
[2019.04.02-07.12.55:200][663]LogModuleManager: Shutting down and abandoning module AssetManagerEditor (260)
[2019.04.02-07.12.55:200][663]LogModuleManager: Shutting down and abandoning module LevelEditor (259)
[2019.04.02-07.12.55:200][663]LogModuleManager: Shutting down and abandoning module PixelInspectorModule (258)
[2019.04.02-07.12.55:201][663]LogModuleManager: Shutting down and abandoning module CommonMenuExtensions (256)
[2019.04.02-07.12.55:201][663]LogModuleManager: Shutting down and abandoning module MainFrame (254)
[2019.04.02-07.12.55:201][663]LogModuleManager: Shutting down and abandoning module HotReload (253)
[2019.04.02-07.12.55:201][663]LogDirectoryWatcher: A directory notification for 'D:/KVT/Unreal Engine 4/Resident Evil Hunk/ResidentEvil/Binaries/Win64' was aborted.
[2019.04.02-07.12.55:201][663]LogModuleManager: Shutting down and abandoning module ContentBrowser (249)
[2019.04.02-07.12.55:202][663]LogModuleManager: Shutting down and abandoning module TreeMap (247)
[2019.04.02-07.12.55:203][663]LogModuleManager: Shutting down and abandoning module LightPropagationVolumeRuntime (244)
[2019.04.02-07.12.55:203][663]LogModuleManager: Shutting down and abandoning module LiveLinkEditor (242)
[2019.04.02-07.12.55:203][663]LogModuleManager: Shutting down and abandoning module LiveLink (240)
[2019.04.02-07.12.55:922][663]LogModuleManager: Shutting down and abandoning module Paper2D (238)
[2019.04.02-07.12.55:922][663]LogModuleManager: Shutting down and abandoning module WindowsMoviePlayer (236)
[2019.04.02-07.12.55:922][663]LogModuleManager: Shutting down and abandoning module WmfMedia (234)
[2019.04.02-07.12.55:934][663]LogModuleManager: Shutting down and abandoning module Media (233)
[2019.04.02-07.12.55:940][663]LogModuleManager: Shutting down and abandoning module PacketHandler (230)
[2019.04.02-07.12.55:940][663]LogModuleManager: Shutting down and abandoning module ClothingSystemEditor (228)
[2019.04.02-07.12.55:940][663]LogModuleManager: Shutting down and abandoning module ClothingSystemRuntime (226)
[2019.04.02-07.12.55:940][663]LogModuleManager: Shutting down and abandoning module MediaAssets (224)
[2019.04.02-07.12.55:940][663]LogModuleManager: Shutting down and abandoning module Overlay (222)
[2019.04.02-07.12.55:940][663]LogModuleManager: Shutting down and abandoning module OverlayEditor (221)
[2019.04.02-07.12.55:940][663]LogModuleManager: Shutting down and abandoning module VREditor (218)
[2019.04.02-07.12.55:941][663]LogModuleManager: Shutting down and abandoning module StringTableEditor (216)
[2019.04.02-07.12.55:941][663]LogModuleManager: Shutting down and abandoning module GameplayTasksEditor (214)
[2019.04.02-07.12.55:941][663]LogModuleManager: Shutting down and abandoning module BehaviorTreeEditor (212)
[2019.04.02-07.12.55:941][663]LogModuleManager: Shutting down and abandoning module FunctionalTesting (210)
[2019.04.02-07.12.55:941][663]LogModuleManager: Shutting down and abandoning module CollisionAnalyzer (208)
[2019.04.02-07.12.55:941][663]LogModuleManager: Shutting down and abandoning module WorkspaceMenuStructure (207)
[2019.04.02-07.12.55:941][663]LogModuleManager: Shutting down and abandoning module UMG (204)
[2019.04.02-07.12.55:941][663]LogModuleManager: Shutting down and abandoning module UMGEditor (203)
[2019.04.02-07.12.55:941][663]LogModuleManager: Shutting down and abandoning module Sequencer (202)
[2019.04.02-07.12.55:941][663]LogModuleManager: Shutting down and abandoning module MessageLog (199)
[2019.04.02-07.12.55:941][663]LogModuleManager: Shutting down and abandoning module SlateReflector (194)
[2019.04.02-07.12.55:941][663]LogModuleManager: Shutting down and abandoning module Slate (192)
[2019.04.02-07.12.55:941][663]LogModuleManager: Shutting down and abandoning module EditorStyle (190)
[2019.04.02-07.12.55:944][663]LogModuleManager: Shutting down and abandoning module MRMesh (188)
[2019.04.02-07.12.55:945][663]LogModuleManager: Shutting down and abandoning module SourceCodeAccess (186)
[2019.04.02-07.12.55:945][663]LogModuleManager: Shutting down and abandoning module HeadMountedDisplay (184)
[2019.04.02-07.12.55:945][663]LogModuleManager: Shutting down and abandoning module XAudio2 (182)
[2019.04.02-07.12.55:945][663]LogModuleManager: Shutting down and abandoning module Networking (180)
[2019.04.02-07.12.55:945][663]LogModuleManager: Shutting down and abandoning module Core (178)
[2019.04.02-07.12.55:945][663]LogModuleManager: Shutting down and abandoning module LevelSequence (176)
[2019.04.02-07.12.55:945][663]LogModuleManager: Shutting down and abandoning module KismetCompiler (174)
[2019.04.02-07.12.55:945][663]LogModuleManager: Shutting down and abandoning module MeshUtilities (172)
[2019.04.02-07.12.55:945][663]LogModuleManager: Shutting down and abandoning module MeshMergeUtilities (171)
[2019.04.02-07.12.55:945][663]LogModuleManager: Shutting down and abandoning module MeshReductionInterface (170)
[2019.04.02-07.12.55:945][663]LogModuleManager: Shutting down and abandoning module SimplygonSwarm (169)
[2019.04.02-07.12.55:945][663]LogModuleManager: Shutting down and abandoning module SimplygonMeshReduction (167)
[2019.04.02-07.12.55:945][663]LogModuleManager: Shutting down and abandoning module QuadricMeshReduction (165)
[2019.04.02-07.12.55:945][663]LogModuleManager: Shutting down and abandoning module MaterialBaking (161)
[2019.04.02-07.12.55:945][663]LogModuleManager: Shutting down and abandoning module DirectoryWatcher (157)
[2019.04.02-07.12.55:946][663]LogModuleManager: Shutting down and abandoning module DerivedDataCache (154)
[2019.04.02-07.12.56:409][663]LogDerivedDataCache: Shutdown
[2019.04.02-07.12.56:410][663]LogModuleManager: Shutting down and abandoning module XGEController (152)
[2019.04.02-07.12.56:410][663]LogXGEController: Cleaning working directory: C:/Users/kvtuy/AppData/Local/Temp/UnrealXGEWorkingDir/
[2019.04.02-07.12.56:410][663]LogModuleManager: Shutting down and abandoning module TargetPlatform (150)
[2019.04.02-07.12.56:410][663]LogModuleManager: Shutting down and abandoning module VulkanShaderFormat (149)
[2019.04.02-07.12.56:410][663]LogModuleManager: Shutting down and abandoning module ShaderFormatVectorVM (147)
[2019.04.02-07.12.56:410][663]LogModuleManager: Shutting down and abandoning module ShaderFormatOpenGL (145)
[2019.04.02-07.12.56:410][663]LogModuleManager: Shutting down and abandoning module ShaderFormatD3D (143)
[2019.04.02-07.12.56:410][663]LogModuleManager: Shutting down and abandoning module MetalShaderFormat (141)
[2019.04.02-07.12.56:410][663]LogModuleManager: Shutting down and abandoning module TextureFormatUncompressed (139)
[2019.04.02-07.12.56:410][663]LogModuleManager: Shutting down and abandoning module TextureFormatPVR (137)
[2019.04.02-07.12.56:410][663]LogModuleManager: Shutting down and abandoning module TextureFormatDXT (135)
[2019.04.02-07.12.56:410][663]LogModuleManager: Shutting down and abandoning module TextureFormatIntelISPCTexComp (133)
[2019.04.02-07.12.56:411][663]LogModuleManager: Shutting down and abandoning module TextureFormatASTC (131)
[2019.04.02-07.12.56:411][663]LogModuleManager: Shutting down and abandoning module ImageWrapper (130)
[2019.04.02-07.12.56:411][663]LogModuleManager: Shutting down and abandoning module TextureFormatAndroid (127)
[2019.04.02-07.12.56:411][663]LogModuleManager: Shutting down and abandoning module AudioFormatOpus (125)
[2019.04.02-07.12.56:411][663]LogModuleManager: Shutting down and abandoning module AudioFormatOgg (123)
[2019.04.02-07.12.56:411][663]LogModuleManager: Shutting down and abandoning module AudioFormatADPCM (121)
[2019.04.02-07.12.56:411][663]LogModuleManager: Shutting down and abandoning module LinuxTargetPlatform (119)
[2019.04.02-07.12.56:411][663]LogModuleManager: Shutting down and abandoning module LinuxServerTargetPlatform (117)
[2019.04.02-07.12.56:411][663]LogModuleManager: Shutting down and abandoning module LinuxNoEditorTargetPlatform (115)
[2019.04.02-07.12.56:411][663]LogModuleManager: Shutting down and abandoning module LinuxClientTargetPlatform (113)
[2019.04.02-07.12.56:411][663]LogModuleManager: Shutting down and abandoning module TVOSTargetPlatform (111)
[2019.04.02-07.12.56:411][663]LogModuleManager: Shutting down and abandoning module Messaging (109)
[2019.04.02-07.12.56:411][663]LogModuleManager: Shutting down and abandoning module IOSTargetPlatform (107)
[2019.04.02-07.12.56:411][663]LogModuleManager: Shutting down and abandoning module HTML5TargetPlatform (105)
[2019.04.02-07.12.56:411][663]LogModuleManager: Shutting down and abandoning module AndroidTargetPlatform (103)
[2019.04.02-07.12.56:411][663]LogModuleManager: Shutting down and abandoning module Android_PVRTCTargetPlatform (101)
[2019.04.02-07.12.56:411][663]LogModuleManager: Shutting down and abandoning module Android_MultiTargetPlatform (99)
[2019.04.02-07.12.56:411][663]LogModuleManager: Shutting down and abandoning module Android_ETC2TargetPlatform (97)
[2019.04.02-07.12.56:411][663]LogModuleManager: Shutting down and abandoning module Android_ETC1TargetPlatform (95)
[2019.04.02-07.12.56:411][663]LogModuleManager: Shutting down and abandoning module Android_ETC1aTargetPlatform (93)
[2019.04.02-07.12.56:411][663]LogModuleManager: Shutting down and abandoning module Android_DXTTargetPlatform (91)
[2019.04.02-07.12.56:411][663]LogModuleManager: Shutting down and abandoning module Android_ATCTargetPlatform (89)
[2019.04.02-07.12.56:411][663]LogModuleManager: Shutting down and abandoning module Android_ASTCTargetPlatform (87)
[2019.04.02-07.12.56:411][663]LogModuleManager: Shutting down and abandoning module WindowsTargetPlatform (85)
[2019.04.02-07.12.56:411][663]LogModuleManager: Shutting down and abandoning module WindowsServerTargetPlatform (83)
[2019.04.02-07.12.56:411][663]LogModuleManager: Shutting down and abandoning module WindowsNoEditorTargetPlatform (81)
[2019.04.02-07.12.56:411][663]LogModuleManager: Shutting down and abandoning module WindowsClientTargetPlatform (79)
[2019.04.02-07.12.56:411][663]LogModuleManager: Shutting down and abandoning module MacTargetPlatform (77)
[2019.04.02-07.12.56:411][663]LogModuleManager: Shutting down and abandoning module MacServerTargetPlatform (75)
[2019.04.02-07.12.56:411][663]LogModuleManager: Shutting down and abandoning module MacNoEditorTargetPlatform (73)
[2019.04.02-07.12.56:411][663]LogModuleManager: Shutting down and abandoning module MacClientTargetPlatform (71)
[2019.04.02-07.12.56:411][663]LogModuleManager: Shutting down and abandoning module AllDesktopTargetPlatform (69)
[2019.04.02-07.12.56:412][663]LogModuleManager: Shutting down and abandoning module InputCore (66)
[2019.04.02-07.12.56:412][663]LogModuleManager: Shutting down and abandoning module Settings (64)
[2019.04.02-07.12.56:412][663]LogModuleManager: Shutting down and abandoning module PhysXCooking (62)
[2019.04.02-07.12.56:412][663]LogModuleManager: Shutting down and abandoning module SteamVR (60)
[2019.04.02-07.12.56:412][663]LogModuleManager: Shutting down and abandoning module OculusHMD (58)
[2019.04.02-07.12.56:412][663]LogModuleManager: Shutting down and abandoning module ExampleDeviceProfileSelector (56)
[2019.04.02-07.12.56:412][663]LogModuleManager: Shutting down and abandoning module AppleARKit (54)
[2019.04.02-07.12.56:412][663]LogModuleManager: Shutting down and abandoning module AugmentedReality (51)
[2019.04.02-07.12.56:412][663]LogModuleManager: Shutting down and abandoning module OnlineBlueprintSupport (48)
[2019.04.02-07.12.56:412][663]LogModuleManager: Shutting down and abandoning module OnlineSubsystem (44)
[2019.04.02-07.12.56:412][663]LogModuleManager: Shutting down and abandoning module XMPP (43)
[2019.04.02-07.12.56:412][663]LogModuleManager: Shutting down and abandoning module HTTP (41)
[2019.04.02-07.12.56:412][663]LogHttp: Display: Http module shutting down, but needs to wait on 1 outstanding Http requests:
[2019.04.02-07.12.56:413][663]LogHttp: Display: 	verb=[POST] url=[https://datarouter.ol.epicgames.com/datarouter/api/v1/public/data?SessionID=%7B5177380D-45A6-4DD7-C284-BF826C12C8EC%7D&AppID=UEEditor.Rocket.Release&AppVersion=4.19.2-4033788%2B%2B%2BUE4%2BRelease-4.19&UserID=0c4c5f304307896d9a7e629a07f73503%7Cbd0d44da81fc4386b9b7e19b4dc26ea9%7Ca2cfd1b4-f417-43a9-8f1c-a82aed35cb7d&AppEnvironment=datacollector-binary&UploadType=eteventstream] status=Processing
[2019.04.02-07.12.56:437][663]LogModuleManager: Shutting down and abandoning module SSL (40)
[2019.04.02-07.12.56:438][663]LogModuleManager: Shutting down and abandoning module AnimationModifiers (36)
[2019.04.02-07.12.56:438][663]LogModuleManager: Shutting down and abandoning module PropertyEditor (35)
[2019.04.02-07.12.56:438][663]LogModuleManager: Shutting down and abandoning module AudioEditor (32)
[2019.04.02-07.12.56:438][663]LogModuleManager: Shutting down and abandoning module TextureCompressor (30)
[2019.04.02-07.12.56:438][663]LogModuleManager: Shutting down and abandoning module ShaderCore (28)
[2019.04.02-07.12.56:438][663]LogModuleManager: Shutting down and abandoning module Landscape (26)
[2019.04.02-07.12.56:438][663]LogModuleManager: Shutting down and abandoning module SlateRHIRenderer (24)
[2019.04.02-07.12.56:439][663]LogModuleManager: Shutting down and abandoning module OpenGLDrv (22)
[2019.04.02-07.12.56:439][663]LogModuleManager: Shutting down and abandoning module D3D11RHI (20)
[2019.04.02-07.12.56:439][663]LogModuleManager: Shutting down and abandoning module AnimGraphRuntime (18)
[2019.04.02-07.12.56:439][663]LogModuleManager: Shutting down and abandoning module Renderer (16)
[2019.04.02-07.12.56:439][663]LogModuleManager: Shutting down and abandoning module Engine (14)
[2019.04.02-07.12.56:439][663]LogModuleManager: Shutting down and abandoning module CoreUObject (12)
[2019.04.02-07.12.56:439][663]LogModuleManager: Shutting down and abandoning module NetworkFile (10)
[2019.04.02-07.12.56:439][663]LogModuleManager: Shutting down and abandoning module CookedIterativeFile (8)
[2019.04.02-07.12.56:439][663]LogModuleManager: Shutting down and abandoning module StreamingFile (6)
[2019.04.02-07.12.56:439][663]LogModuleManager: Shutting down and abandoning module SandboxFile (4)
[2019.04.02-07.12.56:439][663]LogModuleManager: Shutting down and abandoning module PakFile (2)
[2019.04.02-07.12.56:443][663]LogExit: Exiting.
[2019.04.02-07.12.56:458][663]Log file closed, 04/02/19 14:12:56
